Loading plugins phase: Elapsed time ==> 0s.193ms
Initializing data phase: Elapsed time ==> 0s.000ms
<CYPRESSTAG name="CyDsfit arguments...">
cydsfit arguments: -.fdsnotice -.fdswarpdepfile=warp_dependencies.txt -.fdselabdepfile=elab_dependencies.txt -.fdsbldfile=generated_files.txt -p D:\CU_Boulder\Documents\Coursework\ECEN5053\PSoC_Workspace\Lab2_Thermristor.cydsn\Lab2_Thermristor.cyprj -d CY8C5868AXI-LP035 -s D:\CU_Boulder\Documents\Coursework\ECEN5053\PSoC_Workspace\Lab2_Thermristor.cydsn\Generated_Source\PSoC5 -- -yv2 -q10 -ygs -o2 -v3 -.fftcfgtype=LE</CYPRESSTAG>
<CYPRESSTAG name="Design elaboration results...">
ADD: sdb.M0060: warning: Warning in component: cy_boot. CY_BOOT: Function: CyPmSaveClocks() has a known defect that may cause unexpected operation when using the PLL. Symptoms include device reset during or after the function call or failure to return from a low power mode, such as sleep. See KBA90954 (http://www.cypress.com/?id=4&rID=91681) for the details.

</CYPRESSTAG>
Elaboration phase: Elapsed time ==> 1s.049ms
<CYPRESSTAG name="HDL generation results...">
</CYPRESSTAG>
HDL generation phase: Elapsed time ==> 0s.058ms
<CYPRESSTAG name="Synthesis results...">

     | | | | | | |
   _________________
  -|               |-
  -|               |-
  -|               |-
  -|    CYPRESS    |-
  -|               |-
  -|               |-   Warp Verilog Synthesis Compiler: Version 6.3 IR 41
  -|               |-   Copyright (C) 1991-2001 Cypress Semiconductor
   |_______________|
     | | | | | | |

======================================================================
Compiling:  Lab2_Thermristor.v
Program  :   D:\Program Files (x86)\Cypress\PSoC Creator\3.3\PSoC Creator\warp\bin/warp.exe
Options  :    -yv2 -q10 -ygs -o2 -v3 -.fftcfgtype=LE -ya -.fftprj=D:\CU_Boulder\Documents\Coursework\ECEN5053\PSoC_Workspace\Lab2_Thermristor.cydsn\Lab2_Thermristor.cyprj -dcpsoc3 Lab2_Thermristor.v -verilog
======================================================================

======================================================================
Compiling:  Lab2_Thermristor.v
Program  :   D:\Program Files (x86)\Cypress\PSoC Creator\3.3\PSoC Creator\warp\bin/warp.exe
Options  :    -yv2 -q10 -ygs -o2 -v3 -.fftcfgtype=LE -ya -.fftprj=D:\CU_Boulder\Documents\Coursework\ECEN5053\PSoC_Workspace\Lab2_Thermristor.cydsn\Lab2_Thermristor.cyprj -dcpsoc3 Lab2_Thermristor.v -verilog
======================================================================

======================================================================
Compiling:  Lab2_Thermristor.v
Program  :   vlogfe
Options  :    -yv2 -q10 -ygs -o2 -v3 -.fftcfgtype=LE -ya -.fftprj=D:\CU_Boulder\Documents\Coursework\ECEN5053\PSoC_Workspace\Lab2_Thermristor.cydsn\Lab2_Thermristor.cyprj -dcpsoc3 -verilog Lab2_Thermristor.v
======================================================================

vlogfe V6.3 IR 41:  Verilog parser
Tue Feb 02 12:45:54 2016


======================================================================
Compiling:  Lab2_Thermristor.v
Program  :   vpp
Options  :    -yv2 -q10 Lab2_Thermristor.v
======================================================================

vpp V6.3 IR 41:  Verilog Pre-Processor
Tue Feb 02 12:45:54 2016

Flattening file 'D:\Program Files (x86)\Cypress\PSoC Creator\3.3\PSoC Creator\psoc\content\cyprimitives\CyPrimitives.cylib\cy_analog_virtualmux_v1_0\cy_analog_virtualmux_v1_0.v'
Flattening file 'D:\Program Files (x86)\Cypress\PSoC Creator\3.3\PSoC Creator\psoc\content\cyprimitives\CyPrimitives.cylib\ZeroTerminal\ZeroTerminal.v'
Flattening file 'D:\Program Files (x86)\Cypress\PSoC Creator\3.3\PSoC Creator\psoc\content\cycomponentlibrary\CyComponentLibrary.cylib\AMux_v1_80\AMux_v1_80.v'
Flattening file 'D:\Program Files (x86)\Cypress\PSoC Creator\3.3\PSoC Creator\warp\lib\common\cypress.v'
Flattening file 'D:\Program Files (x86)\Cypress\PSoC Creator\3.3\PSoC Creator\warp\lib\common\cy_psoc3_inc.v'
Flattening file 'D:\Program Files (x86)\Cypress\PSoC Creator\3.3\PSoC Creator\psoc\content\cyprimitives\CyPrimitives.cylib\cy_virtualmux_v1_0\cy_virtualmux_v1_0.v'
Flattening file 'D:\Program Files (x86)\Cypress\PSoC Creator\3.3\PSoC Creator\psoc\content\cyprimitives\CyPrimitives.cylib\or_v1_0\or_v1_0.v'

vpp:  No errors.

Library 'work' => directory 'lcpsoc3'
General_symbol_table
General_symbol_table
Linking 'D:\Program Files (x86)\Cypress\PSoC Creator\3.3\PSoC Creator\warp\lib\common\std.vhd'.
Linking 'D:\Program Files (x86)\Cypress\PSoC Creator\3.3\PSoC Creator\warp\lib\common\cypress.vhd'.
Linking 'D:\Program Files (x86)\Cypress\PSoC Creator\3.3\PSoC Creator\warp\lib\common\work\cypress.vif'.
Linking 'D:\Program Files (x86)\Cypress\PSoC Creator\3.3\PSoC Creator\warp\lib\ieee\work\stdlogic.vif'.
Linking 'D:\Program Files (x86)\Cypress\PSoC Creator\3.3\PSoC Creator\warp\lib\common\stdlogic\lpmpkg.vif'.
Linking 'D:\Program Files (x86)\Cypress\PSoC Creator\3.3\PSoC Creator\warp\lib\common\stdlogic\rtlpkg.vif'.
Linking 'D:\Program Files (x86)\Cypress\PSoC Creator\3.3\PSoC Creator\warp\lib\common\stdlogic\mod_cnst.vif'.
Linking 'D:\Program Files (x86)\Cypress\PSoC Creator\3.3\PSoC Creator\warp\lib\common\stdlogic\mod_mthv.vif'.
Linking 'D:\Program Files (x86)\Cypress\PSoC Creator\3.3\PSoC Creator\warp\lib\common\stdlogic\mod_genv.vif'.
Using control file 'Lab2_Thermristor.ctl'.

vlogfe:  No errors.


======================================================================
Compiling:  Lab2_Thermristor.v
Program  :   tovif
Options  :    -yv2 -q10 -ygs -o2 -v3 -.fftcfgtype=LE -ya -.fftprj=D:\CU_Boulder\Documents\Coursework\ECEN5053\PSoC_Workspace\Lab2_Thermristor.cydsn\Lab2_Thermristor.cyprj -dcpsoc3 -verilog Lab2_Thermristor.v
======================================================================

tovif V6.3 IR 41:  High-level synthesis
Tue Feb 02 12:45:54 2016

Linking 'D:\Program Files (x86)\Cypress\PSoC Creator\3.3\PSoC Creator\warp\lib\common\std.vhd'.
Linking 'D:\Program Files (x86)\Cypress\PSoC Creator\3.3\PSoC Creator\warp\lib\common\cypress.vhd'.
Linking 'D:\Program Files (x86)\Cypress\PSoC Creator\3.3\PSoC Creator\warp\lib\common\work\cypress.vif'.
Linking 'D:\Program Files (x86)\Cypress\PSoC Creator\3.3\PSoC Creator\warp\lib\ieee\work\stdlogic.vif'.
Linking 'D:\Program Files (x86)\Cypress\PSoC Creator\3.3\PSoC Creator\warp\lib\common\stdlogic\lpmpkg.vif'.
Linking 'D:\Program Files (x86)\Cypress\PSoC Creator\3.3\PSoC Creator\warp\lib\common\stdlogic\rtlpkg.vif'.
Linking 'D:\Program Files (x86)\Cypress\PSoC Creator\3.3\PSoC Creator\warp\lib\common\stdlogic\mod_cnst.vif'.
Linking 'D:\Program Files (x86)\Cypress\PSoC Creator\3.3\PSoC Creator\warp\lib\common\stdlogic\mod_mthv.vif'.
Linking 'D:\Program Files (x86)\Cypress\PSoC Creator\3.3\PSoC Creator\warp\lib\common\stdlogic\mod_genv.vif'.
Linking 'D:\CU_Boulder\Documents\Coursework\ECEN5053\PSoC_Workspace\Lab2_Thermristor.cydsn\codegentemp\Lab2_Thermristor.ctl'.
Linking 'D:\CU_Boulder\Documents\Coursework\ECEN5053\PSoC_Workspace\Lab2_Thermristor.cydsn\codegentemp\Lab2_Thermristor.v'.
Linking 'D:\Program Files (x86)\Cypress\PSoC Creator\3.3\PSoC Creator\psoc\content\cyprimitives\CyPrimitives.cylib\cy_analog_virtualmux_v1_0\cy_analog_virtualmux_v1_0.v'.
Linking 'D:\Program Files (x86)\Cypress\PSoC Creator\3.3\PSoC Creator\psoc\content\cyprimitives\CyPrimitives.cylib\ZeroTerminal\ZeroTerminal.v'.
Linking 'D:\Program Files (x86)\Cypress\PSoC Creator\3.3\PSoC Creator\psoc\content\cycomponentlibrary\CyComponentLibrary.cylib\AMux_v1_80\AMux_v1_80.v'.
Linking 'D:\Program Files (x86)\Cypress\PSoC Creator\3.3\PSoC Creator\warp\lib\common\cypress.v'.
Linking 'D:\Program Files (x86)\Cypress\PSoC Creator\3.3\PSoC Creator\warp\lib\common\cy_psoc3_inc.v'.
Linking 'D:\Program Files (x86)\Cypress\PSoC Creator\3.3\PSoC Creator\psoc\content\cyprimitives\CyPrimitives.cylib\cy_virtualmux_v1_0\cy_virtualmux_v1_0.v'.
Linking 'D:\Program Files (x86)\Cypress\PSoC Creator\3.3\PSoC Creator\psoc\content\cyprimitives\CyPrimitives.cylib\or_v1_0\or_v1_0.v'.

tovif:  No errors.


======================================================================
Compiling:  Lab2_Thermristor.v
Program  :   topld
Options  :    -yv2 -q10 -ygs -o2 -v3 -.fftcfgtype=LE -ya -.fftprj=D:\CU_Boulder\Documents\Coursework\ECEN5053\PSoC_Workspace\Lab2_Thermristor.cydsn\Lab2_Thermristor.cyprj -dcpsoc3 -verilog Lab2_Thermristor.v
======================================================================

topld V6.3 IR 41:  Synthesis and optimization
Tue Feb 02 12:45:55 2016

Linking 'D:\Program Files (x86)\Cypress\PSoC Creator\3.3\PSoC Creator\warp\lib\common\std.vhd'.
Linking 'D:\Program Files (x86)\Cypress\PSoC Creator\3.3\PSoC Creator\warp\lib\common\cypress.vhd'.
Linking 'D:\Program Files (x86)\Cypress\PSoC Creator\3.3\PSoC Creator\warp\lib\common\work\cypress.vif'.
Linking 'D:\Program Files (x86)\Cypress\PSoC Creator\3.3\PSoC Creator\warp\lib\ieee\work\stdlogic.vif'.
Linking 'D:\Program Files (x86)\Cypress\PSoC Creator\3.3\PSoC Creator\warp\lib\common\stdlogic\lpmpkg.vif'.
Linking 'D:\Program Files (x86)\Cypress\PSoC Creator\3.3\PSoC Creator\warp\lib\common\stdlogic\rtlpkg.vif'.
Linking 'D:\Program Files (x86)\Cypress\PSoC Creator\3.3\PSoC Creator\warp\lib\common\stdlogic\mod_cnst.vif'.
Linking 'D:\Program Files (x86)\Cypress\PSoC Creator\3.3\PSoC Creator\warp\lib\common\stdlogic\mod_mthv.vif'.
Linking 'D:\Program Files (x86)\Cypress\PSoC Creator\3.3\PSoC Creator\warp\lib\common\stdlogic\mod_genv.vif'.
Linking 'D:\CU_Boulder\Documents\Coursework\ECEN5053\PSoC_Workspace\Lab2_Thermristor.cydsn\codegentemp\Lab2_Thermristor.ctl'.
Linking 'D:\CU_Boulder\Documents\Coursework\ECEN5053\PSoC_Workspace\Lab2_Thermristor.cydsn\codegentemp\Lab2_Thermristor.v'.
Linking 'D:\Program Files (x86)\Cypress\PSoC Creator\3.3\PSoC Creator\psoc\content\cyprimitives\CyPrimitives.cylib\cy_analog_virtualmux_v1_0\cy_analog_virtualmux_v1_0.v'.
Linking 'D:\Program Files (x86)\Cypress\PSoC Creator\3.3\PSoC Creator\psoc\content\cyprimitives\CyPrimitives.cylib\ZeroTerminal\ZeroTerminal.v'.
Linking 'D:\Program Files (x86)\Cypress\PSoC Creator\3.3\PSoC Creator\psoc\content\cycomponentlibrary\CyComponentLibrary.cylib\AMux_v1_80\AMux_v1_80.v'.
Linking 'D:\Program Files (x86)\Cypress\PSoC Creator\3.3\PSoC Creator\warp\lib\common\cypress.v'.
Linking 'D:\Program Files (x86)\Cypress\PSoC Creator\3.3\PSoC Creator\warp\lib\common\cy_psoc3_inc.v'.
Linking 'D:\Program Files (x86)\Cypress\PSoC Creator\3.3\PSoC Creator\psoc\content\cyprimitives\CyPrimitives.cylib\cy_virtualmux_v1_0\cy_virtualmux_v1_0.v'.
Linking 'D:\Program Files (x86)\Cypress\PSoC Creator\3.3\PSoC Creator\psoc\content\cyprimitives\CyPrimitives.cylib\or_v1_0\or_v1_0.v'.
Linking 'D:\Program Files (x86)\Cypress\PSoC Creator\3.3\PSoC Creator\warp\lib\lcpsoc3\stdlogic\cpsoc3.vif'.

----------------------------------------------------------
Detecting unused logic.
----------------------------------------------------------
    User names
	\ADC:Net_268\
	\ADC:Net_270\


Deleted 2 User equations/components.
Deleted 0 Synthesized equations/components.

------------------------------------------------------
Alias Detection
------------------------------------------------------
Aliasing \LCD:tmpOE__LCDPort_net_5\ to \LCD:tmpOE__LCDPort_net_6\
Aliasing \LCD:tmpOE__LCDPort_net_4\ to \LCD:tmpOE__LCDPort_net_6\
Aliasing \LCD:tmpOE__LCDPort_net_3\ to \LCD:tmpOE__LCDPort_net_6\
Aliasing \LCD:tmpOE__LCDPort_net_2\ to \LCD:tmpOE__LCDPort_net_6\
Aliasing \LCD:tmpOE__LCDPort_net_1\ to \LCD:tmpOE__LCDPort_net_6\
Aliasing \LCD:tmpOE__LCDPort_net_0\ to \LCD:tmpOE__LCDPort_net_6\
Aliasing one to \LCD:tmpOE__LCDPort_net_6\
Aliasing \VDAC8:Net_83\ to zero
Aliasing \VDAC8:Net_81\ to zero
Aliasing \VDAC8:Net_82\ to zero
Aliasing \ADC:Net_482\ to zero
Aliasing \ADC:Net_252\ to zero
Aliasing \ADC:soc\ to \LCD:tmpOE__LCDPort_net_6\
Aliasing tmpOE__Vhi_net_0 to \LCD:tmpOE__LCDPort_net_6\
Aliasing tmpOE__Vtherm_net_0 to \LCD:tmpOE__LCDPort_net_6\
Aliasing tmpOE__Vlow_net_0 to \LCD:tmpOE__LCDPort_net_6\
Removing Lhs of wire \LCD:tmpOE__LCDPort_net_5\[8] = \LCD:tmpOE__LCDPort_net_6\[7]
Removing Lhs of wire \LCD:tmpOE__LCDPort_net_4\[9] = \LCD:tmpOE__LCDPort_net_6\[7]
Removing Lhs of wire \LCD:tmpOE__LCDPort_net_3\[10] = \LCD:tmpOE__LCDPort_net_6\[7]
Removing Lhs of wire \LCD:tmpOE__LCDPort_net_2\[11] = \LCD:tmpOE__LCDPort_net_6\[7]
Removing Lhs of wire \LCD:tmpOE__LCDPort_net_1\[12] = \LCD:tmpOE__LCDPort_net_6\[7]
Removing Lhs of wire \LCD:tmpOE__LCDPort_net_0\[13] = \LCD:tmpOE__LCDPort_net_6\[7]
Removing Rhs of wire one[30] = \LCD:tmpOE__LCDPort_net_6\[7]
Removing Lhs of wire \VDAC8:Net_83\[38] = zero[14]
Removing Lhs of wire \VDAC8:Net_81\[39] = zero[14]
Removing Lhs of wire \VDAC8:Net_82\[40] = zero[14]
Removing Rhs of wire \ADC:Net_488\[57] = \ADC:Net_250\[92]
Removing Lhs of wire \ADC:Net_481\[59] = zero[14]
Removing Lhs of wire \ADC:Net_482\[60] = zero[14]
Removing Lhs of wire \ADC:Net_252\[94] = zero[14]
Removing Lhs of wire \ADC:soc\[96] = one[30]
Removing Lhs of wire tmpOE__Vhi_net_0[100] = one[30]
Removing Lhs of wire tmpOE__Vtherm_net_0[106] = one[30]
Removing Lhs of wire tmpOE__Vlow_net_0[112] = one[30]

------------------------------------------------------
Aliased 0 equations, 18 wires.
------------------------------------------------------

----------------------------------------------------------
Circuit simplification
----------------------------------------------------------

Substituting virtuals - pass 1:


----------------------------------------------------------
Circuit simplification results:

	Expanded 0 signals.
	Turned 0 signals into soft nodes.
	Maximum default expansion cost was set at 3.
----------------------------------------------------------

topld:  No errors.

CYPRESS_DIR    : D:\Program Files (x86)\Cypress\PSoC Creator\3.3\PSoC Creator\warp
Warp Program   : D:\Program Files (x86)\Cypress\PSoC Creator\3.3\PSoC Creator\warp\bin/warp.exe
Warp Arguments : -yv2 -q10 -ygs -o2 -v3 -.fftcfgtype=LE -ya -.fftprj=D:\CU_Boulder\Documents\Coursework\ECEN5053\PSoC_Workspace\Lab2_Thermristor.cydsn\Lab2_Thermristor.cyprj -dcpsoc3 Lab2_Thermristor.v -verilog
</CYPRESSTAG>
Warp synthesis phase: Elapsed time ==> 0s.989ms
<CYPRESSTAG name="Fitter results...">
<CYPRESSTAG name="Fitter startup details...">
cyp3fit: V3.3.0.410, Family: PSoC3, Started at: Tuesday, 02 February 2016 12:45:55
Options: -yv2 -q10 -ygs -o2 -v3 -.fftcfgtype=LE -ya -.fftprj=D:\CU_Boulder\Documents\Coursework\ECEN5053\PSoC_Workspace\Lab2_Thermristor.cydsn\Lab2_Thermristor.cyprj -d CY8C5868AXI-LP035 Lab2_Thermristor.v -verilog
</CYPRESSTAG>
<CYPRESSTAG name="Design parsing">
Design parsing phase: Elapsed time ==> 0s.010ms
</CYPRESSTAG>
<CYPRESSTAG name="Tech mapping">
<CYPRESSTAG name="Initial Mapping" icon="FILE_RPT_TECHM">
<CYPRESSTAG name="Global Clock Selection" icon="FILE_RPT_TECHM">
    Digital Clock 0: Automatic-assigning  clock 'ADC_Ext_CP_Clk'. Fanout=1, Signal=\ADC:Net_93\
    Analog  Clock 0: Automatic-assigning  clock 'ADC_theACLK'. Fanout=1, Signal=\ADC:Net_488\
</CYPRESSTAG>
<CYPRESSTAG name="UDB Clock/Enable Remapping Results">
</CYPRESSTAG>

Removing unused cells resulting from optimization
Done removing unused cells.
<CYPRESSTAG name="Duplicate Macrocell detection">
</CYPRESSTAG>
</CYPRESSTAG>
<CYPRESSTAG name="Duplicate Macrocell detection">
</CYPRESSTAG>
<CYPRESSTAG name="Design Equations" icon="FILE_RPT_EQUATION">

------------------------------------------------------------
Design Equations
------------------------------------------------------------
    <CYPRESSTAG name="Pin listing">

    ------------------------------------------------------------
    Pin listing
    ------------------------------------------------------------

    Pin : Name = \LCD:LCDPort(0)\
        Attributes:
            In Group/Port: True
            In Sync Option: AUTO
            Out Sync Option: NOSYNC
            Interrupt generated: False
            Interrupt mode: NONE
            Drive mode: CMOS_OUT
            VTrip: EITHER
            Slew: FAST
            Input Sync needed: False
            Output Sync needed: False
            SC shield enabled: False
            POR State: ANY
            LCD Mode: COMMON
            Register Mode: RegComb
            CaSense Mode: NEITHER
            Treat as pin: False
            Is OE Registered: False
            Uses Analog: False
            Can contain Digital: True
            Is SIO: False
            SIO Output Buf: NONREGULATED
            SIO Input Buf: SINGLE_ENDED
            SIO HiFreq: LOW
            SIO Hyst: DISABLED
            SIO Vtrip: MULTIPLIER_0_5
            SIO Multiplier Index: 0
            SIO RefSel: VCC_IO
            Required Capabilitites: DIGITAL
            Initial Value: 0
            IO Voltage: 0
        PORT MAP (
            pa_out => \LCD:LCDPort(0)\__PA ,
            pad => \LCD:LCDPort(0)_PAD\ );
        Properties:
        {
        }

    Pin : Name = \LCD:LCDPort(1)\
        Attributes:
            In Group/Port: True
            In Sync Option: AUTO
            Out Sync Option: NOSYNC
            Interrupt generated: False
            Interrupt mode: NONE
            Drive mode: CMOS_OUT
            VTrip: EITHER
            Slew: FAST
            Input Sync needed: False
            Output Sync needed: False
            SC shield enabled: False
            POR State: ANY
            LCD Mode: COMMON
            Register Mode: RegComb
            CaSense Mode: NEITHER
            Treat as pin: False
            Is OE Registered: False
            Uses Analog: False
            Can contain Digital: True
            Is SIO: False
            SIO Output Buf: NONREGULATED
            SIO Input Buf: SINGLE_ENDED
            SIO HiFreq: LOW
            SIO Hyst: DISABLED
            SIO Vtrip: MULTIPLIER_0_5
            SIO Multiplier Index: 0
            SIO RefSel: VCC_IO
            Required Capabilitites: DIGITAL
            Initial Value: 0
            IO Voltage: 0
        PORT MAP (
            pa_out => \LCD:LCDPort(1)\__PA ,
            pad => \LCD:LCDPort(1)_PAD\ );
        Properties:
        {
        }

    Pin : Name = \LCD:LCDPort(2)\
        Attributes:
            In Group/Port: True
            In Sync Option: AUTO
            Out Sync Option: NOSYNC
            Interrupt generated: False
            Interrupt mode: NONE
            Drive mode: CMOS_OUT
            VTrip: EITHER
            Slew: FAST
            Input Sync needed: False
            Output Sync needed: False
            SC shield enabled: False
            POR State: ANY
            LCD Mode: COMMON
            Register Mode: RegComb
            CaSense Mode: NEITHER
            Treat as pin: False
            Is OE Registered: False
            Uses Analog: False
            Can contain Digital: True
            Is SIO: False
            SIO Output Buf: NONREGULATED
            SIO Input Buf: SINGLE_ENDED
            SIO HiFreq: LOW
            SIO Hyst: DISABLED
            SIO Vtrip: MULTIPLIER_0_5
            SIO Multiplier Index: 0
            SIO RefSel: VCC_IO
            Required Capabilitites: DIGITAL
            Initial Value: 0
            IO Voltage: 0
        PORT MAP (
            pa_out => \LCD:LCDPort(2)\__PA ,
            pad => \LCD:LCDPort(2)_PAD\ );
        Properties:
        {
        }

    Pin : Name = \LCD:LCDPort(3)\
        Attributes:
            In Group/Port: True
            In Sync Option: AUTO
            Out Sync Option: NOSYNC
            Interrupt generated: False
            Interrupt mode: NONE
            Drive mode: CMOS_OUT
            VTrip: EITHER
            Slew: FAST
            Input Sync needed: False
            Output Sync needed: False
            SC shield enabled: False
            POR State: ANY
            LCD Mode: COMMON
            Register Mode: RegComb
            CaSense Mode: NEITHER
            Treat as pin: False
            Is OE Registered: False
            Uses Analog: False
            Can contain Digital: True
            Is SIO: False
            SIO Output Buf: NONREGULATED
            SIO Input Buf: SINGLE_ENDED
            SIO HiFreq: LOW
            SIO Hyst: DISABLED
            SIO Vtrip: MULTIPLIER_0_5
            SIO Multiplier Index: 0
            SIO RefSel: VCC_IO
            Required Capabilitites: DIGITAL
            Initial Value: 0
            IO Voltage: 0
        PORT MAP (
            pa_out => \LCD:LCDPort(3)\__PA ,
            pad => \LCD:LCDPort(3)_PAD\ );
        Properties:
        {
        }

    Pin : Name = \LCD:LCDPort(4)\
        Attributes:
            In Group/Port: True
            In Sync Option: AUTO
            Out Sync Option: NOSYNC
            Interrupt generated: False
            Interrupt mode: NONE
            Drive mode: CMOS_OUT
            VTrip: EITHER
            Slew: FAST
            Input Sync needed: False
            Output Sync needed: False
            SC shield enabled: False
            POR State: ANY
            LCD Mode: COMMON
            Register Mode: RegComb
            CaSense Mode: NEITHER
            Treat as pin: False
            Is OE Registered: False
            Uses Analog: False
            Can contain Digital: True
            Is SIO: False
            SIO Output Buf: NONREGULATED
            SIO Input Buf: SINGLE_ENDED
            SIO HiFreq: LOW
            SIO Hyst: DISABLED
            SIO Vtrip: MULTIPLIER_0_5
            SIO Multiplier Index: 0
            SIO RefSel: VCC_IO
            Required Capabilitites: DIGITAL
            Initial Value: 0
            IO Voltage: 0
        PORT MAP (
            pa_out => \LCD:LCDPort(4)\__PA ,
            pad => \LCD:LCDPort(4)_PAD\ );
        Properties:
        {
        }

    Pin : Name = \LCD:LCDPort(5)\
        Attributes:
            In Group/Port: True
            In Sync Option: AUTO
            Out Sync Option: NOSYNC
            Interrupt generated: False
            Interrupt mode: NONE
            Drive mode: CMOS_OUT
            VTrip: EITHER
            Slew: FAST
            Input Sync needed: False
            Output Sync needed: False
            SC shield enabled: False
            POR State: ANY
            LCD Mode: COMMON
            Register Mode: RegComb
            CaSense Mode: NEITHER
            Treat as pin: False
            Is OE Registered: False
            Uses Analog: False
            Can contain Digital: True
            Is SIO: False
            SIO Output Buf: NONREGULATED
            SIO Input Buf: SINGLE_ENDED
            SIO HiFreq: LOW
            SIO Hyst: DISABLED
            SIO Vtrip: MULTIPLIER_0_5
            SIO Multiplier Index: 0
            SIO RefSel: VCC_IO
            Required Capabilitites: DIGITAL
            Initial Value: 0
            IO Voltage: 0
        PORT MAP (
            pa_out => \LCD:LCDPort(5)\__PA ,
            pad => \LCD:LCDPort(5)_PAD\ );
        Properties:
        {
        }

    Pin : Name = \LCD:LCDPort(6)\
        Attributes:
            In Group/Port: True
            In Sync Option: AUTO
            Out Sync Option: NOSYNC
            Interrupt generated: False
            Interrupt mode: NONE
            Drive mode: CMOS_OUT
            VTrip: EITHER
            Slew: FAST
            Input Sync needed: False
            Output Sync needed: False
            SC shield enabled: False
            POR State: ANY
            LCD Mode: COMMON
            Register Mode: RegComb
            CaSense Mode: NEITHER
            Treat as pin: False
            Is OE Registered: False
            Uses Analog: False
            Can contain Digital: True
            Is SIO: False
            SIO Output Buf: NONREGULATED
            SIO Input Buf: SINGLE_ENDED
            SIO HiFreq: LOW
            SIO Hyst: DISABLED
            SIO Vtrip: MULTIPLIER_0_5
            SIO Multiplier Index: 0
            SIO RefSel: VCC_IO
            Required Capabilitites: DIGITAL
            Initial Value: 0
            IO Voltage: 0
        PORT MAP (
            pa_out => \LCD:LCDPort(6)\__PA ,
            pad => \LCD:LCDPort(6)_PAD\ );
        Properties:
        {
        }

    Pin : Name = Vhi(0)
        Attributes:
            In Group/Port: True
            In Sync Option: AUTO
            Out Sync Option: AUTO
            Interrupt generated: False
            Interrupt mode: NONE
            Drive mode: HI_Z_ANALOG
            VTrip: EITHER
            Slew: FAST
            Input Sync needed: False
            Output Sync needed: False
            SC shield enabled: False
            POR State: ANY
            LCD Mode: COMMON
            Register Mode: RegComb
            CaSense Mode: NEITHER
            Treat as pin: True
            Is OE Registered: False
            Uses Analog: True
            Can contain Digital: False
            Is SIO: False
            SIO Output Buf: NONREGULATED
            SIO Input Buf: SINGLE_ENDED
            SIO HiFreq: LOW
            SIO Hyst: DISABLED
            SIO Vtrip: MULTIPLIER_0_5
            SIO Multiplier Index: 0
            SIO RefSel: VCC_IO
            Required Capabilitites: ANALOG
            Initial Value: 0
            IO Voltage: 0
        PORT MAP (
            pa_out => Vhi(0)__PA ,
            analog_term => Net_84 ,
            annotation => Net_35 ,
            pad => Vhi(0)_PAD );
        Properties:
        {
        }

    Pin : Name = Vtherm(0)
        Attributes:
            In Group/Port: True
            In Sync Option: AUTO
            Out Sync Option: AUTO
            Interrupt generated: False
            Interrupt mode: NONE
            Drive mode: HI_Z_ANALOG
            VTrip: EITHER
            Slew: FAST
            Input Sync needed: False
            Output Sync needed: False
            SC shield enabled: False
            POR State: ANY
            LCD Mode: COMMON
            Register Mode: RegComb
            CaSense Mode: NEITHER
            Treat as pin: True
            Is OE Registered: False
            Uses Analog: True
            Can contain Digital: False
            Is SIO: False
            SIO Output Buf: NONREGULATED
            SIO Input Buf: SINGLE_ENDED
            SIO HiFreq: LOW
            SIO Hyst: DISABLED
            SIO Vtrip: MULTIPLIER_0_5
            SIO Multiplier Index: 0
            SIO RefSel: VCC_IO
            Required Capabilitites: ANALOG
            Initial Value: 0
            IO Voltage: 0
        PORT MAP (
            pa_out => Vtherm(0)__PA ,
            analog_term => Net_85 ,
            annotation => Net_12 ,
            pad => Vtherm(0)_PAD );
        Properties:
        {
        }

    Pin : Name = Vlow(0)
        Attributes:
            In Group/Port: True
            In Sync Option: AUTO
            Out Sync Option: AUTO
            Interrupt generated: False
            Interrupt mode: NONE
            Drive mode: HI_Z_ANALOG
            VTrip: EITHER
            Slew: FAST
            Input Sync needed: False
            Output Sync needed: False
            SC shield enabled: False
            POR State: ANY
            LCD Mode: COMMON
            Register Mode: RegComb
            CaSense Mode: NEITHER
            Treat as pin: True
            Is OE Registered: False
            Uses Analog: True
            Can contain Digital: False
            Is SIO: False
            SIO Output Buf: NONREGULATED
            SIO Input Buf: SINGLE_ENDED
            SIO HiFreq: LOW
            SIO Hyst: DISABLED
            SIO Vtrip: MULTIPLIER_0_5
            SIO Multiplier Index: 0
            SIO RefSel: VCC_IO
            Required Capabilitites: ANALOG
            Initial Value: 0
            IO Voltage: 0
        PORT MAP (
            pa_out => Vlow(0)__PA ,
            analog_term => Net_89 ,
            annotation => Net_33 ,
            pad => Vlow(0)_PAD );
        Properties:
        {
        }
    </CYPRESSTAG>
    <CYPRESSTAG name="Macrocell listing" icon="FILE_RPT_EQUATION">

    ------------------------------------------------------------
    Macrocell listing
    ------------------------------------------------------------

    MacroCell: Name=__ONE__, Mode=(Combinatorial)
        Total # of inputs        : 0
        Total # of product terms : 0
            Clock Enable: True
        Main Equation            : 0 pterms
        !(
            0
        );
        Output = __ONE__ (fanout=1)
    </CYPRESSTAG>
    <CYPRESSTAG name="Datapath listing">
    </CYPRESSTAG>
    <CYPRESSTAG name="Status register listing">
    </CYPRESSTAG>
    <CYPRESSTAG name="StatusI register listing">
    </CYPRESSTAG>
    <CYPRESSTAG name="Sync listing">
    </CYPRESSTAG>
    <CYPRESSTAG name="Control register listing">
    </CYPRESSTAG>
    <CYPRESSTAG name="Count7 listing">
    </CYPRESSTAG>
    <CYPRESSTAG name="DRQ listing">
    </CYPRESSTAG>
    <CYPRESSTAG name="Interrupt listing">

    ------------------------------------------------------------
    Interrupt listing
    ------------------------------------------------------------

    interrupt: Name =\ADC:IRQ\
        PORT MAP (
            interrupt => Net_26 );
        Properties:
        {
            int_type = "10"
        }
    </CYPRESSTAG>
</CYPRESSTAG>
<CYPRESSTAG name="Technology mapping summary" expanded>

------------------------------------------------------------
Technology mapping summary
------------------------------------------------------------

Resource Type                 : Used : Free :  Max :  % Used
============================================================
Digital Clocks                :    1 :    7 :    8 : 12.50 %
Analog Clocks                 :    1 :    3 :    4 : 25.00 %
CapSense Buffers              :    0 :    2 :    2 :  0.00 %
Digital Filter Block          :    0 :    1 :    1 :  0.00 %
Interrupts                    :    1 :   31 :   32 :  3.13 %
IO                            :   13 :   59 :   72 : 18.06 %
Segment LCD                   :    0 :    1 :    1 :  0.00 %
CAN 2.0b                      :    0 :    1 :    1 :  0.00 %
I2C                           :    0 :    1 :    1 :  0.00 %
USB                           :    0 :    1 :    1 :  0.00 %
DMA Channels                  :    0 :   24 :   24 :  0.00 %
Timer                         :    0 :    4 :    4 :  0.00 %
UDB                           :      :      :      :        
  Macrocells                  :    1 :  191 :  192 :  0.52 %
  Unique P-terms              :    0 :  384 :  384 :  0.00 %
  Total P-terms               :    0 :      :      :        
  Datapath Cells              :    0 :   24 :   24 :  0.00 %
  Status Cells                :    0 :   24 :   24 :  0.00 %
  Control Cells               :    0 :   24 :   24 :  0.00 %
Opamp                         :    1 :    3 :    4 : 25.00 %
Comparator                    :    0 :    4 :    4 :  0.00 %
Delta-Sigma ADC               :    1 :    0 :    1 : 100.00 %
LPF                           :    0 :    2 :    2 :  0.00 %
SAR ADC                       :    0 :    2 :    2 :  0.00 %
Analog (SC/CT) Blocks         :    0 :    4 :    4 :  0.00 %
DAC                           :      :      :      :        
  VIDAC                       :    1 :    3 :    4 : 25.00 %
</CYPRESSTAG>
Technology Mapping: Elapsed time ==> 0s.034ms
Tech mapping phase: Elapsed time ==> 0s.099ms
</CYPRESSTAG>
<CYPRESSTAG name="Analog Placement">
Initial Analog Placement Results:
IO_0@[IOP=(0)][IoId=(0)] : Vhi(0) (fixed)
IO_2@[IOP=(0)][IoId=(2)] : Vlow(0) (fixed)
IO_1@[IOP=(0)][IoId=(1)] : Vtherm(0) (fixed)
IO_0@[IOP=(2)][IoId=(0)] : \LCD:LCDPort(0)\ (fixed)
IO_1@[IOP=(2)][IoId=(1)] : \LCD:LCDPort(1)\ (fixed)
IO_2@[IOP=(2)][IoId=(2)] : \LCD:LCDPort(2)\ (fixed)
IO_3@[IOP=(2)][IoId=(3)] : \LCD:LCDPort(3)\ (fixed)
IO_4@[IOP=(2)][IoId=(4)] : \LCD:LCDPort(4)\ (fixed)
IO_5@[IOP=(2)][IoId=(5)] : \LCD:LCDPort(5)\ (fixed)
IO_6@[IOP=(2)][IoId=(6)] : \LCD:LCDPort(6)\ (fixed)
OpAmp[2]@[FFB(OpAmp,2)] : \Opamp:ABuf\ (fixed)
DSM[0]@[FFB(DSM,0)] : \ADC:DSM\
VIDAC[3]@[FFB(VIDAC,3)] : \VDAC8:viDAC8\
Log: apr.M0058: The analog placement iterative improvement is 39% done. (App=cydsfit)
Log: apr.M0058: The analog placement iterative improvement is 100% done. (App=cydsfit)
Analog Placement Results:
IO_0@[IOP=(0)][IoId=(0)] : Vhi(0) (fixed)
IO_2@[IOP=(0)][IoId=(2)] : Vlow(0) (fixed)
IO_1@[IOP=(0)][IoId=(1)] : Vtherm(0) (fixed)
IO_0@[IOP=(2)][IoId=(0)] : \LCD:LCDPort(0)\ (fixed)
IO_1@[IOP=(2)][IoId=(1)] : \LCD:LCDPort(1)\ (fixed)
IO_2@[IOP=(2)][IoId=(2)] : \LCD:LCDPort(2)\ (fixed)
IO_3@[IOP=(2)][IoId=(3)] : \LCD:LCDPort(3)\ (fixed)
IO_4@[IOP=(2)][IoId=(4)] : \LCD:LCDPort(4)\ (fixed)
IO_5@[IOP=(2)][IoId=(5)] : \LCD:LCDPort(5)\ (fixed)
IO_6@[IOP=(2)][IoId=(6)] : \LCD:LCDPort(6)\ (fixed)
OpAmp[2]@[FFB(OpAmp,2)] : \Opamp:ABuf\ (fixed)
DSM[0]@[FFB(DSM,0)] : \ADC:DSM\
VIDAC[0]@[FFB(VIDAC,0)] : \VDAC8:viDAC8\

Analog Placement phase: Elapsed time ==> 0s.442ms
</CYPRESSTAG>
<CYPRESSTAG name="Analog Routing">
Net "AmuxEye::AMux_CYAMUXSIDE_A" overuses wire "dsm0+ Wire"
Net "AmuxEye::AMux_CYAMUXSIDE_A" overuses wire "dsm0+ Wire"
Net "AmuxEye::AMux_CYAMUXSIDE_B" overuses wire "dsm0+ Wire"
Analog Routing phase: Elapsed time ==> 0s.013ms
</CYPRESSTAG>
<CYPRESSTAG name="Analog Code Generation">
============ Analog Final Answer Routes ============
Dump of CyAnalogRoutingResultsDB
Map of net to items {
  Net: Net_23 {
    dsm_0_vplus
  }
  Net: Net_84 {
    p0_0
    opamp_2_vminus_x_p0_0
    opamp_2_vminus
  }
  Net: Net_85 {
    p0_1
    agl5_x_p0_1
    agl5
  }
  Net: Net_24 {
    dsm_0_vminus
  }
  Net: Net_89 {
    p0_2
  }
  Net: \ADC:Net_249\ {
  }
  Net: \ADC:Net_257\ {
  }
  Net: \ADC:Net_109\ {
  }
  Net: \ADC:Net_34\ {
  }
  Net: Net_31 {
    vidac_0_vout
    abusl3_x_vidac_0_vout
    abusl3
    abusl3_x_opamp_2_vplus
    opamp_2_vplus
  }
  Net: \VDAC8:Net_77\ {
  }
  Net: AmuxNet::AMux_CYAMUXSIDE_A {
    dsm_0_vplus
    agl4_x_dsm_0_vplus
    agl4
    agl4_x_p0_0
    agl4_x_vidac_2_iout
    vidac_2_iout
    agl5_x_vidac_2_iout
    p0_0
  }
  Net: AmuxNet::AMux_CYAMUXSIDE_B {
    dsm_0_vminus
    agl7_x_dsm_0_vminus
    agl7
    agl7_x_opamp_0_vplus
    opamp_0_vplus
    opamp_0_vplus_x_p0_2
    agl7_x_opamp_2_vminus
    agl5_x_dsm_0_vminus
    p0_2
    opamp_2_vminus
  }
}
Map of item to net {
  p0_0                                             -> Net_84
  opamp_2_vminus_x_p0_0                            -> Net_84
  opamp_2_vminus                                   -> Net_84
  p0_1                                             -> Net_85
  agl5_x_p0_1                                      -> Net_85
  agl5                                             -> Net_85
  vidac_0_vout                                     -> Net_31
  abusl3_x_vidac_0_vout                            -> Net_31
  abusl3                                           -> Net_31
  abusl3_x_opamp_2_vplus                           -> Net_31
  opamp_2_vplus                                    -> Net_31
  dsm_0_vplus                                      -> Net_23
  dsm_0_vminus                                     -> Net_24
  p0_2                                             -> Net_89
  agl4_x_dsm_0_vplus                               -> AmuxNet::AMux_CYAMUXSIDE_A
  agl4                                             -> AmuxNet::AMux_CYAMUXSIDE_A
  agl4_x_p0_0                                      -> AmuxNet::AMux_CYAMUXSIDE_A
  agl4_x_vidac_2_iout                              -> AmuxNet::AMux_CYAMUXSIDE_A
  vidac_2_iout                                     -> AmuxNet::AMux_CYAMUXSIDE_A
  agl5_x_vidac_2_iout                              -> AmuxNet::AMux_CYAMUXSIDE_A
  agl7_x_dsm_0_vminus                              -> AmuxNet::AMux_CYAMUXSIDE_B
  agl7                                             -> AmuxNet::AMux_CYAMUXSIDE_B
  agl7_x_opamp_0_vplus                             -> AmuxNet::AMux_CYAMUXSIDE_B
  opamp_0_vplus                                    -> AmuxNet::AMux_CYAMUXSIDE_B
  opamp_0_vplus_x_p0_2                             -> AmuxNet::AMux_CYAMUXSIDE_B
  agl7_x_opamp_2_vminus                            -> AmuxNet::AMux_CYAMUXSIDE_B
  agl5_x_dsm_0_vminus                              -> AmuxNet::AMux_CYAMUXSIDE_B
}
Mux Info {
  Mux: AMux_CYAMUXSIDE_A {
     Mouth: Net_23
     Guts:  AmuxNet::AMux_CYAMUXSIDE_A
     IsSingleSwitching: False
     IsStaticSwitching: False
     IsAtMostOneSwitch: False
    Arm: 0 {
      Net:   Net_84
      Outer: agl4_x_p0_0
      Inner: agl4_x_dsm_0_vplus
      Path {
        p0_0
        agl4_x_p0_0
        agl4
        agl4_x_dsm_0_vplus
        dsm_0_vplus
      }
    }
    Arm: 1 {
      Net:   Net_85
      Outer: agl5_x_vidac_2_iout
      Inner: agl4_x_dsm_0_vplus
      Path {
        agl5_x_vidac_2_iout
        vidac_2_iout
        agl4_x_vidac_2_iout
        agl4
        agl4_x_dsm_0_vplus
        dsm_0_vplus
      }
    }
    Arm: 2 {
      Net:   Net_84
      Outer: agl4_x_p0_0
      Inner: agl4_x_dsm_0_vplus
      Path {
        p0_0
        agl4_x_p0_0
        agl4
        agl4_x_dsm_0_vplus
        dsm_0_vplus
      }
    }
  }
  Mux: AMux_CYAMUXSIDE_B {
     Mouth: Net_24
     Guts:  AmuxNet::AMux_CYAMUXSIDE_B
     IsSingleSwitching: False
     IsStaticSwitching: False
     IsAtMostOneSwitch: False
    Arm: 0 {
      Net:   Net_85
      Outer: agl5_x_dsm_0_vminus
      Inner: __open__
      Path {
        agl5_x_dsm_0_vminus
        dsm_0_vminus
      }
    }
    Arm: 1 {
      Net:   Net_89
      Outer: opamp_0_vplus_x_p0_2
      Inner: agl7_x_dsm_0_vminus
      Path {
        p0_2
        opamp_0_vplus_x_p0_2
        opamp_0_vplus
        agl7_x_opamp_0_vplus
        agl7
        agl7_x_dsm_0_vminus
        dsm_0_vminus
      }
    }
    Arm: 2 {
      Net:   Net_84
      Outer: agl7_x_opamp_2_vminus
      Inner: agl7_x_dsm_0_vminus
      Path {
        opamp_2_vminus
        agl7_x_opamp_2_vminus
        agl7
        agl7_x_dsm_0_vminus
        dsm_0_vminus
      }
    }
  }
}
Dump of CyP35AnalogRoutingResultsDB
IsVddaHalfUsedForComp = False
IsVddaHalfUsedForSar0 = False
IsVddaHalfUsedForSar1 = False
Analog Code Generation phase: Elapsed time ==> 0s.357ms
</CYPRESSTAG>
<CYPRESSTAG name="Digital Placement">
<CYPRESSTAG name="Detailed placement messages">
I2659: No Constrained paths were found. The placer will run in non-timing driven mode.
I2076: Total run-time: 0.8 sec.

</CYPRESSTAG>
<CYPRESSTAG name="PLD Packing">
<CYPRESSTAG name="PLD Packing Summary" expanded>

------------------------------------------------------------
PLD Packing Summary
------------------------------------------------------------
            Resource Type : Used : Free :  Max :  % Used
    ====================================================
                     PLDs :    1 :   47 :   48 :   2.08%

<CYPRESSTAG name="PLD Statistics">

        PLD Resource Type :     Average/LAB
    =======================================
                   Inputs :            0.00
                   Pterms :            0.00
               Macrocells :            1.00
</CYPRESSTAG>
<CYPRESSTAG name="Packed PLD Contents">
Packed PLD Contents not displayed at this verbose level.</CYPRESSTAG>
</CYPRESSTAG>
PLD Packing: Elapsed time ==> 0s.002ms
</CYPRESSTAG>
<CYPRESSTAG name="Partitioning">
<CYPRESSTAG name="Initial Partitioning Summary">
Initial Partitioning Summary not displayed at this verbose level.</CYPRESSTAG>
<CYPRESSTAG name="Final Partitioning Summary">
Final Partitioning Summary not displayed at this verbose level.</CYPRESSTAG>
Partitioning: Elapsed time ==> 0s.013ms
</CYPRESSTAG>
<CYPRESSTAG name="Simulated Annealing">
Annealing: Elapsed time ==> 0s.000ms
<CYPRESSTAG name="Simulated Annealing Results">
The seed used for moves was 114161200.
Inital cost was 6, final cost is 6 (0.00% improvement).</CYPRESSTAG>
</CYPRESSTAG>
<CYPRESSTAG name="Final Placement Summary">

------------------------------------------------------------
Final Placement Summary
------------------------------------------------------------

       Resource Type :      Count : Avg Inputs : Avg Outputs
    ========================================================
                 UDB :          1 :       0.00 :       1.00
<CYPRESSTAG name="Final Placement Details">
<CYPRESSTAG name="Component Details">

------------------------------------------------------------
Component Placement Details
------------------------------------------------------------
UDB [UDB=(0,0)] is empty.
UDB [UDB=(0,1)] is empty.
UDB [UDB=(0,2)] is empty.
UDB [UDB=(0,3)] is empty.
UDB [UDB=(0,4)] is empty.
UDB [UDB=(0,5)] is empty.
UDB [UDB=(1,0)] is empty.
UDB [UDB=(1,1)] is empty.
UDB [UDB=(1,2)] is empty.
UDB [UDB=(1,3)] contents:
LAB@[UDB=(1,3)][LB=0] #macrocells=1, #inputs=0, #pterms=0
{
    [McSlotId=0]:     MacroCell: Name=__ONE__, Mode=(Combinatorial) @ [UDB=(1,3)][LB=0][MC=0]
        Total # of inputs        : 0
        Total # of product terms : 0
            Clock Enable: True
        Main Equation            : 0 pterms
        !(
            0
        );
        Output = __ONE__ (fanout=1)
        Properties               : 
        {
        }

    [McSlotId=1]: (empty)
    [McSlotId=2]: (empty)
    [McSlotId=3]: (empty)
}

UDB [UDB=(1,4)] is empty.
UDB [UDB=(1,5)] is empty.
UDB [UDB=(2,0)] is empty.
UDB [UDB=(2,1)] is empty.
UDB [UDB=(2,2)] is empty.
UDB [UDB=(2,3)] is empty.
UDB [UDB=(2,4)] is empty.
UDB [UDB=(2,5)] is empty.
UDB [UDB=(3,0)] is empty.
UDB [UDB=(3,1)] is empty.
UDB [UDB=(3,2)] is empty.
UDB [UDB=(3,3)] is empty.
UDB [UDB=(3,4)] is empty.
UDB [UDB=(3,5)] is empty.
Intr container @ [IntrContainer=(0)]: 
  Intr@ [IntrContainer=(0)][IntrId=(29)] 
    interrupt: Name =\ADC:IRQ\
        PORT MAP (
            interrupt => Net_26 );
        Properties:
        {
            int_type = "10"
        }
Drq container @ [DrqContainer=(0)]: empty
Port 0 contains the following IO cells:
[IoId=0]: 
Pin : Name = Vhi(0)
    Attributes:
        In Group/Port: True
        In Sync Option: AUTO
        Out Sync Option: AUTO
        Interrupt generated: False
        Interrupt mode: NONE
        Drive mode: HI_Z_ANALOG
        VTrip: EITHER
        Slew: FAST
        Input Sync needed: False
        Output Sync needed: False
        SC shield enabled: False
        POR State: ANY
        LCD Mode: COMMON
        Register Mode: RegComb
        CaSense Mode: NEITHER
        Treat as pin: True
        Is OE Registered: False
        Uses Analog: True
        Can contain Digital: False
        Is SIO: False
        SIO Output Buf: NONREGULATED
        SIO Input Buf: SINGLE_ENDED
        SIO HiFreq: LOW
        SIO Hyst: DISABLED
        SIO Vtrip: MULTIPLIER_0_5
        SIO Multiplier Index: 0
        SIO RefSel: VCC_IO
        Required Capabilitites: ANALOG
        Initial Value: 0
        IO Voltage: 0
    PORT MAP (
        pa_out => Vhi(0)__PA ,
        analog_term => Net_84 ,
        annotation => Net_35 ,
        pad => Vhi(0)_PAD );
    Properties:
    {
    }

[IoId=1]: 
Pin : Name = Vtherm(0)
    Attributes:
        In Group/Port: True
        In Sync Option: AUTO
        Out Sync Option: AUTO
        Interrupt generated: False
        Interrupt mode: NONE
        Drive mode: HI_Z_ANALOG
        VTrip: EITHER
        Slew: FAST
        Input Sync needed: False
        Output Sync needed: False
        SC shield enabled: False
        POR State: ANY
        LCD Mode: COMMON
        Register Mode: RegComb
        CaSense Mode: NEITHER
        Treat as pin: True
        Is OE Registered: False
        Uses Analog: True
        Can contain Digital: False
        Is SIO: False
        SIO Output Buf: NONREGULATED
        SIO Input Buf: SINGLE_ENDED
        SIO HiFreq: LOW
        SIO Hyst: DISABLED
        SIO Vtrip: MULTIPLIER_0_5
        SIO Multiplier Index: 0
        SIO RefSel: VCC_IO
        Required Capabilitites: ANALOG
        Initial Value: 0
        IO Voltage: 0
    PORT MAP (
        pa_out => Vtherm(0)__PA ,
        analog_term => Net_85 ,
        annotation => Net_12 ,
        pad => Vtherm(0)_PAD );
    Properties:
    {
    }

[IoId=2]: 
Pin : Name = Vlow(0)
    Attributes:
        In Group/Port: True
        In Sync Option: AUTO
        Out Sync Option: AUTO
        Interrupt generated: False
        Interrupt mode: NONE
        Drive mode: HI_Z_ANALOG
        VTrip: EITHER
        Slew: FAST
        Input Sync needed: False
        Output Sync needed: False
        SC shield enabled: False
        POR State: ANY
        LCD Mode: COMMON
        Register Mode: RegComb
        CaSense Mode: NEITHER
        Treat as pin: True
        Is OE Registered: False
        Uses Analog: True
        Can contain Digital: False
        Is SIO: False
        SIO Output Buf: NONREGULATED
        SIO Input Buf: SINGLE_ENDED
        SIO HiFreq: LOW
        SIO Hyst: DISABLED
        SIO Vtrip: MULTIPLIER_0_5
        SIO Multiplier Index: 0
        SIO RefSel: VCC_IO
        Required Capabilitites: ANALOG
        Initial Value: 0
        IO Voltage: 0
    PORT MAP (
        pa_out => Vlow(0)__PA ,
        analog_term => Net_89 ,
        annotation => Net_33 ,
        pad => Vlow(0)_PAD );
    Properties:
    {
    }

Port 1 is empty
Port 2 contains the following IO cells:
[IoId=0]: 
Pin : Name = \LCD:LCDPort(0)\
    Attributes:
        In Group/Port: True
        In Sync Option: AUTO
        Out Sync Option: NOSYNC
        Interrupt generated: False
        Interrupt mode: NONE
        Drive mode: CMOS_OUT
        VTrip: EITHER
        Slew: FAST
        Input Sync needed: False
        Output Sync needed: False
        SC shield enabled: False
        POR State: ANY
        LCD Mode: COMMON
        Register Mode: RegComb
        CaSense Mode: NEITHER
        Treat as pin: False
        Is OE Registered: False
        Uses Analog: False
        Can contain Digital: True
        Is SIO: False
        SIO Output Buf: NONREGULATED
        SIO Input Buf: SINGLE_ENDED
        SIO HiFreq: LOW
        SIO Hyst: DISABLED
        SIO Vtrip: MULTIPLIER_0_5
        SIO Multiplier Index: 0
        SIO RefSel: VCC_IO
        Required Capabilitites: DIGITAL
        Initial Value: 0
        IO Voltage: 0
    PORT MAP (
        pa_out => \LCD:LCDPort(0)\__PA ,
        pad => \LCD:LCDPort(0)_PAD\ );
    Properties:
    {
    }

[IoId=1]: 
Pin : Name = \LCD:LCDPort(1)\
    Attributes:
        In Group/Port: True
        In Sync Option: AUTO
        Out Sync Option: NOSYNC
        Interrupt generated: False
        Interrupt mode: NONE
        Drive mode: CMOS_OUT
        VTrip: EITHER
        Slew: FAST
        Input Sync needed: False
        Output Sync needed: False
        SC shield enabled: False
        POR State: ANY
        LCD Mode: COMMON
        Register Mode: RegComb
        CaSense Mode: NEITHER
        Treat as pin: False
        Is OE Registered: False
        Uses Analog: False
        Can contain Digital: True
        Is SIO: False
        SIO Output Buf: NONREGULATED
        SIO Input Buf: SINGLE_ENDED
        SIO HiFreq: LOW
        SIO Hyst: DISABLED
        SIO Vtrip: MULTIPLIER_0_5
        SIO Multiplier Index: 0
        SIO RefSel: VCC_IO
        Required Capabilitites: DIGITAL
        Initial Value: 0
        IO Voltage: 0
    PORT MAP (
        pa_out => \LCD:LCDPort(1)\__PA ,
        pad => \LCD:LCDPort(1)_PAD\ );
    Properties:
    {
    }

[IoId=2]: 
Pin : Name = \LCD:LCDPort(2)\
    Attributes:
        In Group/Port: True
        In Sync Option: AUTO
        Out Sync Option: NOSYNC
        Interrupt generated: False
        Interrupt mode: NONE
        Drive mode: CMOS_OUT
        VTrip: EITHER
        Slew: FAST
        Input Sync needed: False
        Output Sync needed: False
        SC shield enabled: False
        POR State: ANY
        LCD Mode: COMMON
        Register Mode: RegComb
        CaSense Mode: NEITHER
        Treat as pin: False
        Is OE Registered: False
        Uses Analog: False
        Can contain Digital: True
        Is SIO: False
        SIO Output Buf: NONREGULATED
        SIO Input Buf: SINGLE_ENDED
        SIO HiFreq: LOW
        SIO Hyst: DISABLED
        SIO Vtrip: MULTIPLIER_0_5
        SIO Multiplier Index: 0
        SIO RefSel: VCC_IO
        Required Capabilitites: DIGITAL
        Initial Value: 0
        IO Voltage: 0
    PORT MAP (
        pa_out => \LCD:LCDPort(2)\__PA ,
        pad => \LCD:LCDPort(2)_PAD\ );
    Properties:
    {
    }

[IoId=3]: 
Pin : Name = \LCD:LCDPort(3)\
    Attributes:
        In Group/Port: True
        In Sync Option: AUTO
        Out Sync Option: NOSYNC
        Interrupt generated: False
        Interrupt mode: NONE
        Drive mode: CMOS_OUT
        VTrip: EITHER
        Slew: FAST
        Input Sync needed: False
        Output Sync needed: False
        SC shield enabled: False
        POR State: ANY
        LCD Mode: COMMON
        Register Mode: RegComb
        CaSense Mode: NEITHER
        Treat as pin: False
        Is OE Registered: False
        Uses Analog: False
        Can contain Digital: True
        Is SIO: False
        SIO Output Buf: NONREGULATED
        SIO Input Buf: SINGLE_ENDED
        SIO HiFreq: LOW
        SIO Hyst: DISABLED
        SIO Vtrip: MULTIPLIER_0_5
        SIO Multiplier Index: 0
        SIO RefSel: VCC_IO
        Required Capabilitites: DIGITAL
        Initial Value: 0
        IO Voltage: 0
    PORT MAP (
        pa_out => \LCD:LCDPort(3)\__PA ,
        pad => \LCD:LCDPort(3)_PAD\ );
    Properties:
    {
    }

[IoId=4]: 
Pin : Name = \LCD:LCDPort(4)\
    Attributes:
        In Group/Port: True
        In Sync Option: AUTO
        Out Sync Option: NOSYNC
        Interrupt generated: False
        Interrupt mode: NONE
        Drive mode: CMOS_OUT
        VTrip: EITHER
        Slew: FAST
        Input Sync needed: False
        Output Sync needed: False
        SC shield enabled: False
        POR State: ANY
        LCD Mode: COMMON
        Register Mode: RegComb
        CaSense Mode: NEITHER
        Treat as pin: False
        Is OE Registered: False
        Uses Analog: False
        Can contain Digital: True
        Is SIO: False
        SIO Output Buf: NONREGULATED
        SIO Input Buf: SINGLE_ENDED
        SIO HiFreq: LOW
        SIO Hyst: DISABLED
        SIO Vtrip: MULTIPLIER_0_5
        SIO Multiplier Index: 0
        SIO RefSel: VCC_IO
        Required Capabilitites: DIGITAL
        Initial Value: 0
        IO Voltage: 0
    PORT MAP (
        pa_out => \LCD:LCDPort(4)\__PA ,
        pad => \LCD:LCDPort(4)_PAD\ );
    Properties:
    {
    }

[IoId=5]: 
Pin : Name = \LCD:LCDPort(5)\
    Attributes:
        In Group/Port: True
        In Sync Option: AUTO
        Out Sync Option: NOSYNC
        Interrupt generated: False
        Interrupt mode: NONE
        Drive mode: CMOS_OUT
        VTrip: EITHER
        Slew: FAST
        Input Sync needed: False
        Output Sync needed: False
        SC shield enabled: False
        POR State: ANY
        LCD Mode: COMMON
        Register Mode: RegComb
        CaSense Mode: NEITHER
        Treat as pin: False
        Is OE Registered: False
        Uses Analog: False
        Can contain Digital: True
        Is SIO: False
        SIO Output Buf: NONREGULATED
        SIO Input Buf: SINGLE_ENDED
        SIO HiFreq: LOW
        SIO Hyst: DISABLED
        SIO Vtrip: MULTIPLIER_0_5
        SIO Multiplier Index: 0
        SIO RefSel: VCC_IO
        Required Capabilitites: DIGITAL
        Initial Value: 0
        IO Voltage: 0
    PORT MAP (
        pa_out => \LCD:LCDPort(5)\__PA ,
        pad => \LCD:LCDPort(5)_PAD\ );
    Properties:
    {
    }

[IoId=6]: 
Pin : Name = \LCD:LCDPort(6)\
    Attributes:
        In Group/Port: True
        In Sync Option: AUTO
        Out Sync Option: NOSYNC
        Interrupt generated: False
        Interrupt mode: NONE
        Drive mode: CMOS_OUT
        VTrip: EITHER
        Slew: FAST
        Input Sync needed: False
        Output Sync needed: False
        SC shield enabled: False
        POR State: ANY
        LCD Mode: COMMON
        Register Mode: RegComb
        CaSense Mode: NEITHER
        Treat as pin: False
        Is OE Registered: False
        Uses Analog: False
        Can contain Digital: True
        Is SIO: False
        SIO Output Buf: NONREGULATED
        SIO Input Buf: SINGLE_ENDED
        SIO HiFreq: LOW
        SIO Hyst: DISABLED
        SIO Vtrip: MULTIPLIER_0_5
        SIO Multiplier Index: 0
        SIO RefSel: VCC_IO
        Required Capabilitites: DIGITAL
        Initial Value: 0
        IO Voltage: 0
    PORT MAP (
        pa_out => \LCD:LCDPort(6)\__PA ,
        pad => \LCD:LCDPort(6)_PAD\ );
    Properties:
    {
    }

Port 3 is empty
Port 4 is empty
Port 5 is empty
Port 6 is empty
Port 12 is empty
Port 15 is empty
CAN 2.0b group 0: empty
Cache group 0: empty
CapSense group 0: empty
Clock group 0: 
    Clock Block @ F(Clock,0): 
    clockblockcell: Name =ClockBlock
        PORT MAP (
            imo => ClockBlock_IMO ,
            pllout => ClockBlock_PLL_OUT ,
            ilo => ClockBlock_ILO ,
            clk_100k => ClockBlock_100k ,
            clk_1k => ClockBlock_1k ,
            clk_32k => ClockBlock_32k ,
            xtal => ClockBlock_XTAL ,
            clk_32k_xtal => ClockBlock_XTAL 32kHz ,
            clk_sync => ClockBlock_MASTER_CLK ,
            clk_bus_glb => ClockBlock_BUS_CLK ,
            clk_bus => ClockBlock_BUS_CLK_local ,
            dclk_glb_0 => \ADC:Net_93\ ,
            dclk_0 => \ADC:Net_93_local\ ,
            aclk_glb_0 => \ADC:Net_488\ ,
            aclk_0 => \ADC:Net_488_local\ ,
            clk_a_dig_glb_0 => \ADC:Net_488_adig\ ,
            clk_a_dig_0 => \ADC:Net_488_adig_local\ );
        Properties:
        {
        }
Comparator group 0: empty
Digital Filter Block group 0: empty
Delta-Sigma ADC group 0: 
    DS Modulator @ F(DSM,0): 
    dsmodcell: Name =\ADC:DSM\
        PORT MAP (
            aclock => \ADC:Net_488\ ,
            vplus => Net_23 ,
            vminus => Net_24 ,
            reset_dec => \ADC:mod_reset\ ,
            extclk_cp_udb => \ADC:Net_93_local\ ,
            ext_pin_1 => \ADC:Net_249\ ,
            ext_pin_2 => \ADC:Net_257\ ,
            ext_vssa => \ADC:Net_109\ ,
            qtz_ref => \ADC:Net_34\ ,
            dec_clock => \ADC:aclock\ ,
            mod_dat_3 => \ADC:mod_dat_3\ ,
            mod_dat_2 => \ADC:mod_dat_2\ ,
            mod_dat_1 => \ADC:mod_dat_1\ ,
            mod_dat_0 => \ADC:mod_dat_0\ ,
            dout_udb_7 => \ADC:Net_245_7\ ,
            dout_udb_6 => \ADC:Net_245_6\ ,
            dout_udb_5 => \ADC:Net_245_5\ ,
            dout_udb_4 => \ADC:Net_245_4\ ,
            dout_udb_3 => \ADC:Net_245_3\ ,
            dout_udb_2 => \ADC:Net_245_2\ ,
            dout_udb_1 => \ADC:Net_245_1\ ,
            dout_udb_0 => \ADC:Net_245_0\ );
        Properties:
        {
            cy_registers = ""
            resolution = 20
        }
Decimator group 0: 
    Decimator Block @ F(Decimator,0): 
    decimatorcell: Name =\ADC:DEC\
        PORT MAP (
            aclock => \ADC:aclock\ ,
            mod_dat_3 => \ADC:mod_dat_3\ ,
            mod_dat_2 => \ADC:mod_dat_2\ ,
            mod_dat_1 => \ADC:mod_dat_1\ ,
            mod_dat_0 => \ADC:mod_dat_0\ ,
            ext_start => __ONE__ ,
            modrst => \ADC:mod_reset\ ,
            interrupt => Net_26 );
        Properties:
        {
            cy_registers = ""
        }
EMIF group 0: empty
I2C group 0: empty
Segment LCD group 0: empty
LVD group 0: empty
PM group 0: empty
Analog (SC/CT) Blocks group 0: empty
SPC group 0: empty
Timer group 0: empty
USB group 0: empty
VIDAC group 0: 
    VIDAC Block @ F(VIDAC,0): 
    vidaccell: Name =\VDAC8:viDAC8\
        PORT MAP (
            vout => Net_31 ,
            iout => \VDAC8:Net_77\ );
        Properties:
        {
            cy_registers = ""
            is_all_if_any = 0
            reg_data = 0
        }
Opamp group 0: 
    Opamp Block @ F(OpAmp,2): 
    abufcell: Name =\Opamp:ABuf\
        PORT MAP (
            vplus => Net_31 ,
            vminus => Net_84 ,
            vout => Net_84 );
        Properties:
        {
            cy_registers = ""
        }
CapSense Buffers group 0: empty
Vref group 0: empty
LPF group 0: empty
SAR ADC group 0: empty

Blocks not positioned by the digital component placer:
    Amux Block @ <No Location>: 
    amuxcell: Name =AMux_CYAMUXSIDE_A
        PORT MAP (
            muxin_2 => Net_84 ,
            muxin_1 => Net_85 ,
            muxin_0 => Net_84 ,
            vout => Net_23 );
        Properties:
        {
            api_type = 0
            connect_mode = 2
            cy_registers = ""
            hw_control = 0
            init_mux_sel = "000"
            muxin_width = 3
            one_active = 0
        }
    Amux Block @ <No Location>: 
    amuxcell: Name =AMux_CYAMUXSIDE_B
        PORT MAP (
            muxin_2 => Net_84 ,
            muxin_1 => Net_89 ,
            muxin_0 => Net_85 ,
            vout => Net_24 );
        Properties:
        {
            api_type = 0
            connect_mode = 2
            cy_registers = ""
            hw_control = 0
            init_mux_sel = "000"
            muxin_width = 3
            one_active = 0
        }
</CYPRESSTAG>
<CYPRESSTAG name="Port Configuration Details">

------------------------------------------------------------
Port Configuration report
------------------------------------------------------------
     |     |       | Interrupt |                  |                  | 
Port | Pin | Fixed |      Type |       Drive Mode |             Name | Connections
-----+-----+-------+-----------+------------------+------------------+---------------
   0 |   0 |     * |      NONE |      HI_Z_ANALOG |           Vhi(0) | Analog(Net_84)
     |   1 |     * |      NONE |      HI_Z_ANALOG |        Vtherm(0) | Analog(Net_85)
     |   2 |     * |      NONE |      HI_Z_ANALOG |          Vlow(0) | Analog(Net_89)
-----+-----+-------+-----------+------------------+------------------+---------------
   2 |   0 |     * |      NONE |         CMOS_OUT | \LCD:LCDPort(0)\ | 
     |   1 |     * |      NONE |         CMOS_OUT | \LCD:LCDPort(1)\ | 
     |   2 |     * |      NONE |         CMOS_OUT | \LCD:LCDPort(2)\ | 
     |   3 |     * |      NONE |         CMOS_OUT | \LCD:LCDPort(3)\ | 
     |   4 |     * |      NONE |         CMOS_OUT | \LCD:LCDPort(4)\ | 
     |   5 |     * |      NONE |         CMOS_OUT | \LCD:LCDPort(5)\ | 
     |   6 |     * |      NONE |         CMOS_OUT | \LCD:LCDPort(6)\ | 
-------------------------------------------------------------------------------------
</CYPRESSTAG>
</CYPRESSTAG>
</CYPRESSTAG>
Digital component placer commit/Report: Elapsed time ==> 0s.001ms
Digital Placement phase: Elapsed time ==> 1s.216ms
</CYPRESSTAG>
<CYPRESSTAG name="Digital Routing">
Routing successful.
Digital Routing phase: Elapsed time ==> 1s.081ms
</CYPRESSTAG>
<CYPRESSTAG name="Bitstream and API generation">
Bitstream and API generation phase: Elapsed time ==> 0s.230ms
</CYPRESSTAG>
<CYPRESSTAG name="Bitstream verification">
Bitstream verification phase: Elapsed time ==> 0s.040ms
</CYPRESSTAG>
<CYPRESSTAG name="Static timing analysis">
Timing report is in Lab2_Thermristor_timing.html.
Static timing analysis phase: Elapsed time ==> 0s.217ms
</CYPRESSTAG>
<CYPRESSTAG name="Data reporting">
Data reporting phase: Elapsed time ==> 0s.000ms
</CYPRESSTAG>
<CYPRESSTAG name="Database update...">
Design database save phase: Elapsed time ==> 0s.138ms
</CYPRESSTAG>
cydsfit: Elapsed time ==> 3s.860ms
</CYPRESSTAG>
Fitter phase: Elapsed time ==> 3s.892ms
API generation phase: Elapsed time ==> 2s.591ms
Dependency generation phase: Elapsed time ==> 0s.013ms
Cleanup phase: Elapsed time ==> 0s.000ms
