--------------- Clean Started: 01/19/2016 18:18:14 Project: Lab1, Configuration: ARM GCC 4.9-2015-q1-update Debug ---------------
Deleting file ".\CortexM3\ARM_GCC_493\Debug\main.o"
Deleting file ".\CortexM3\ARM_GCC_493\Debug\cyfitter_cfg.o"
Deleting file ".\CortexM3\ARM_GCC_493\Debug\cymetadata.o"
Deleting file ".\CortexM3\ARM_GCC_493\Debug\P0_0.o"
Deleting file ".\CortexM3\ARM_GCC_493\Debug\P0_2.o"
Deleting file ".\CortexM3\ARM_GCC_493\Debug\PGA_1.o"
Deleting file ".\CortexM3\ARM_GCC_493\Debug\PGA_1_PM.o"
Deleting file ".\CortexM3\ARM_GCC_493\Debug\P0_1.o"
Deleting file ".\CortexM3\ARM_GCC_493\Debug\Cm3Start.o"
Deleting file ".\CortexM3\ARM_GCC_493\Debug\CyBootAsmGnu.o"
Deleting file ".\CortexM3\ARM_GCC_493\Debug\CyDmac.o"
Deleting file ".\CortexM3\ARM_GCC_493\Debug\CyFlash.o"
Deleting file ".\CortexM3\ARM_GCC_493\Debug\CyLib.o"
Deleting file ".\CortexM3\ARM_GCC_493\Debug\cyPm.o"
Deleting file ".\CortexM3\ARM_GCC_493\Debug\CySpc.o"
Deleting file ".\CortexM3\ARM_GCC_493\Debug\cyutils.o"
Deleting file ".\CortexM3\ARM_GCC_493\Debug\Lab1.hex"
Deleting file ".\CortexM3\ARM_GCC_493\Debug\Lab1.elf"
Deleting file ".\CortexM3\ARM_GCC_493\Debug\Lab1.map"
Deleting file ".\Lab1.cycdx"
Deleting file ".\Lab1.rpt"
Deleting file ".\Lab1_timing.html"
Deleting file ".\CortexM3\ARM_GCC_493\Debug\.deps\C_FILE.P"
Deleting file ".\CortexM3\ARM_GCC_493\Debug\.deps\ARM_C_FILE.P"
Deleting file ".\CortexM3\ARM_GCC_493\Debug\.deps\GNU_ARM_ASM_FILE.P"
--------------- Clean Succeeded: 01/19/2016 18:18:14 ---------------
