ARM GAS  C:\Users\cuskrawn\AppData\Local\Temp\ccewH4La.s 			page 1


   1              		.syntax unified
   2              		.cpu cortex-m3
   3              		.fpu softvfp
   4              		.eabi_attribute 20, 1
   5              		.eabi_attribute 21, 1
   6              		.eabi_attribute 23, 3
   7              		.eabi_attribute 24, 1
   8              		.eabi_attribute 25, 1
   9              		.eabi_attribute 26, 1
  10              		.eabi_attribute 30, 1
  11              		.eabi_attribute 34, 1
  12              		.eabi_attribute 18, 4
  13              		.thumb
  14              		.file	"cyfitter_cfg.c"
  15              		.text
  16              	.Ltext0:
  17              		.cfi_sections	.debug_frame
  18              		.section	.text.CyClockStartupError,"ax",%progbits
  19              		.align	2
  20              		.thumb
  21              		.thumb_func
  22              		.type	CyClockStartupError, %function
  23              	CyClockStartupError:
  24              	.LFB3:
  25              		.file 1 ".\\Generated_Source\\PSoC5\\cyfitter_cfg.c"
   1:.\Generated_Source\PSoC5/cyfitter_cfg.c **** /*******************************************************************************
   2:.\Generated_Source\PSoC5/cyfitter_cfg.c **** * File Name: cyfitter_cfg.c
   3:.\Generated_Source\PSoC5/cyfitter_cfg.c **** * 
   4:.\Generated_Source\PSoC5/cyfitter_cfg.c **** * PSoC Creator  3.3 CP1
   5:.\Generated_Source\PSoC5/cyfitter_cfg.c **** *
   6:.\Generated_Source\PSoC5/cyfitter_cfg.c **** * Description:
   7:.\Generated_Source\PSoC5/cyfitter_cfg.c **** * This file contains device initialization code.
   8:.\Generated_Source\PSoC5/cyfitter_cfg.c **** * Except for the user defined sections in CyClockStartupError(), this file should not be modified.
   9:.\Generated_Source\PSoC5/cyfitter_cfg.c **** * This file is automatically generated by PSoC Creator.
  10:.\Generated_Source\PSoC5/cyfitter_cfg.c **** *
  11:.\Generated_Source\PSoC5/cyfitter_cfg.c **** ********************************************************************************
  12:.\Generated_Source\PSoC5/cyfitter_cfg.c **** * Copyright (c) 2007-2015 Cypress Semiconductor.  All rights reserved.
  13:.\Generated_Source\PSoC5/cyfitter_cfg.c **** * You may use this file only in accordance with the license, terms, conditions, 
  14:.\Generated_Source\PSoC5/cyfitter_cfg.c **** * disclaimers, and limitations in the end user license agreement accompanying 
  15:.\Generated_Source\PSoC5/cyfitter_cfg.c **** * the software package with which this file was provided.
  16:.\Generated_Source\PSoC5/cyfitter_cfg.c **** ********************************************************************************/
  17:.\Generated_Source\PSoC5/cyfitter_cfg.c **** 
  18:.\Generated_Source\PSoC5/cyfitter_cfg.c **** #include <string.h>
  19:.\Generated_Source\PSoC5/cyfitter_cfg.c **** #include "cytypes.h"
  20:.\Generated_Source\PSoC5/cyfitter_cfg.c **** #include "cydevice_trm.h"
  21:.\Generated_Source\PSoC5/cyfitter_cfg.c **** #include "cyfitter.h"
  22:.\Generated_Source\PSoC5/cyfitter_cfg.c **** #include "CyLib.h"
  23:.\Generated_Source\PSoC5/cyfitter_cfg.c **** #include "cyfitter_cfg.h"
  24:.\Generated_Source\PSoC5/cyfitter_cfg.c **** 
  25:.\Generated_Source\PSoC5/cyfitter_cfg.c **** #define CY_NEED_CYCLOCKSTARTUPERROR 1
  26:.\Generated_Source\PSoC5/cyfitter_cfg.c **** 
  27:.\Generated_Source\PSoC5/cyfitter_cfg.c **** 
  28:.\Generated_Source\PSoC5/cyfitter_cfg.c **** #if defined(__GNUC__) || defined(__ARMCC_VERSION)
  29:.\Generated_Source\PSoC5/cyfitter_cfg.c ****     #define CYPACKED 
  30:.\Generated_Source\PSoC5/cyfitter_cfg.c ****     #define CYPACKED_ATTR __attribute__ ((packed))
  31:.\Generated_Source\PSoC5/cyfitter_cfg.c ****     #define CYALIGNED __attribute__ ((aligned))
  32:.\Generated_Source\PSoC5/cyfitter_cfg.c ****     #define CY_CFG_UNUSED __attribute__ ((unused))
ARM GAS  C:\Users\cuskrawn\AppData\Local\Temp\ccewH4La.s 			page 2


  33:.\Generated_Source\PSoC5/cyfitter_cfg.c ****     #define CY_CFG_SECTION __attribute__ ((section(".psocinit")))
  34:.\Generated_Source\PSoC5/cyfitter_cfg.c ****     
  35:.\Generated_Source\PSoC5/cyfitter_cfg.c ****     #if defined(__ARMCC_VERSION)
  36:.\Generated_Source\PSoC5/cyfitter_cfg.c ****         #define CY_CFG_MEMORY_BARRIER() __memory_changed()
  37:.\Generated_Source\PSoC5/cyfitter_cfg.c ****     #else
  38:.\Generated_Source\PSoC5/cyfitter_cfg.c ****         #define CY_CFG_MEMORY_BARRIER() __sync_synchronize()
  39:.\Generated_Source\PSoC5/cyfitter_cfg.c ****     #endif
  40:.\Generated_Source\PSoC5/cyfitter_cfg.c ****     
  41:.\Generated_Source\PSoC5/cyfitter_cfg.c **** #elif defined(__ICCARM__)
  42:.\Generated_Source\PSoC5/cyfitter_cfg.c ****     #include <intrinsics.h>
  43:.\Generated_Source\PSoC5/cyfitter_cfg.c **** 
  44:.\Generated_Source\PSoC5/cyfitter_cfg.c ****     #define CYPACKED __packed
  45:.\Generated_Source\PSoC5/cyfitter_cfg.c ****     #define CYPACKED_ATTR 
  46:.\Generated_Source\PSoC5/cyfitter_cfg.c ****     #define CYALIGNED _Pragma("data_alignment=4")
  47:.\Generated_Source\PSoC5/cyfitter_cfg.c ****     #define CY_CFG_UNUSED _Pragma("diag_suppress=Pe177")
  48:.\Generated_Source\PSoC5/cyfitter_cfg.c ****     #define CY_CFG_SECTION _Pragma("location=\".psocinit\"")
  49:.\Generated_Source\PSoC5/cyfitter_cfg.c ****     
  50:.\Generated_Source\PSoC5/cyfitter_cfg.c ****     #define CY_CFG_MEMORY_BARRIER() __DMB()
  51:.\Generated_Source\PSoC5/cyfitter_cfg.c ****     
  52:.\Generated_Source\PSoC5/cyfitter_cfg.c **** #else
  53:.\Generated_Source\PSoC5/cyfitter_cfg.c ****     #error Unsupported toolchain
  54:.\Generated_Source\PSoC5/cyfitter_cfg.c **** #endif
  55:.\Generated_Source\PSoC5/cyfitter_cfg.c **** 
  56:.\Generated_Source\PSoC5/cyfitter_cfg.c **** 
  57:.\Generated_Source\PSoC5/cyfitter_cfg.c **** CY_CFG_UNUSED
  58:.\Generated_Source\PSoC5/cyfitter_cfg.c **** static void CYMEMZERO(void *s, size_t n);
  59:.\Generated_Source\PSoC5/cyfitter_cfg.c **** CY_CFG_UNUSED
  60:.\Generated_Source\PSoC5/cyfitter_cfg.c **** static void CYMEMZERO(void *s, size_t n)
  61:.\Generated_Source\PSoC5/cyfitter_cfg.c **** {
  62:.\Generated_Source\PSoC5/cyfitter_cfg.c **** 	(void)memset(s, 0, n);
  63:.\Generated_Source\PSoC5/cyfitter_cfg.c **** }
  64:.\Generated_Source\PSoC5/cyfitter_cfg.c **** CY_CFG_UNUSED
  65:.\Generated_Source\PSoC5/cyfitter_cfg.c **** static void CYCONFIGCPY(void *dest, const void *src, size_t n);
  66:.\Generated_Source\PSoC5/cyfitter_cfg.c **** CY_CFG_UNUSED
  67:.\Generated_Source\PSoC5/cyfitter_cfg.c **** static void CYCONFIGCPY(void *dest, const void *src, size_t n)
  68:.\Generated_Source\PSoC5/cyfitter_cfg.c **** {
  69:.\Generated_Source\PSoC5/cyfitter_cfg.c **** 	(void)memcpy(dest, src, n);
  70:.\Generated_Source\PSoC5/cyfitter_cfg.c **** }
  71:.\Generated_Source\PSoC5/cyfitter_cfg.c **** CY_CFG_UNUSED
  72:.\Generated_Source\PSoC5/cyfitter_cfg.c **** static void CYCONFIGCPYCODE(void *dest, const void *src, size_t n);
  73:.\Generated_Source\PSoC5/cyfitter_cfg.c **** CY_CFG_UNUSED
  74:.\Generated_Source\PSoC5/cyfitter_cfg.c **** static void CYCONFIGCPYCODE(void *dest, const void *src, size_t n)
  75:.\Generated_Source\PSoC5/cyfitter_cfg.c **** {
  76:.\Generated_Source\PSoC5/cyfitter_cfg.c **** 	(void)memcpy(dest, src, n);
  77:.\Generated_Source\PSoC5/cyfitter_cfg.c **** }
  78:.\Generated_Source\PSoC5/cyfitter_cfg.c **** 
  79:.\Generated_Source\PSoC5/cyfitter_cfg.c **** 
  80:.\Generated_Source\PSoC5/cyfitter_cfg.c **** 
  81:.\Generated_Source\PSoC5/cyfitter_cfg.c **** /* Clock startup error codes                                                   */
  82:.\Generated_Source\PSoC5/cyfitter_cfg.c **** #define CYCLOCKSTART_NO_ERROR    0u
  83:.\Generated_Source\PSoC5/cyfitter_cfg.c **** #define CYCLOCKSTART_XTAL_ERROR  1u
  84:.\Generated_Source\PSoC5/cyfitter_cfg.c **** #define CYCLOCKSTART_32KHZ_ERROR 2u
  85:.\Generated_Source\PSoC5/cyfitter_cfg.c **** #define CYCLOCKSTART_PLL_ERROR   3u
  86:.\Generated_Source\PSoC5/cyfitter_cfg.c **** 
  87:.\Generated_Source\PSoC5/cyfitter_cfg.c **** #ifdef CY_NEED_CYCLOCKSTARTUPERROR
  88:.\Generated_Source\PSoC5/cyfitter_cfg.c **** /*******************************************************************************
  89:.\Generated_Source\PSoC5/cyfitter_cfg.c **** * Function Name: CyClockStartupError
ARM GAS  C:\Users\cuskrawn\AppData\Local\Temp\ccewH4La.s 			page 3


  90:.\Generated_Source\PSoC5/cyfitter_cfg.c **** ********************************************************************************
  91:.\Generated_Source\PSoC5/cyfitter_cfg.c **** * Summary:
  92:.\Generated_Source\PSoC5/cyfitter_cfg.c **** *  If an error is encountered during clock configuration (crystal startup error,
  93:.\Generated_Source\PSoC5/cyfitter_cfg.c **** *  PLL lock error, etc.), the system will end up here.  Unless reimplemented by
  94:.\Generated_Source\PSoC5/cyfitter_cfg.c **** *  the customer, this function will stop in an infinite loop.
  95:.\Generated_Source\PSoC5/cyfitter_cfg.c **** *
  96:.\Generated_Source\PSoC5/cyfitter_cfg.c **** * Parameters:
  97:.\Generated_Source\PSoC5/cyfitter_cfg.c **** *   void
  98:.\Generated_Source\PSoC5/cyfitter_cfg.c **** *
  99:.\Generated_Source\PSoC5/cyfitter_cfg.c **** * Return:
 100:.\Generated_Source\PSoC5/cyfitter_cfg.c **** *   void
 101:.\Generated_Source\PSoC5/cyfitter_cfg.c **** *
 102:.\Generated_Source\PSoC5/cyfitter_cfg.c **** *******************************************************************************/
 103:.\Generated_Source\PSoC5/cyfitter_cfg.c **** CY_CFG_UNUSED
 104:.\Generated_Source\PSoC5/cyfitter_cfg.c **** static void CyClockStartupError(uint8 errorCode);
 105:.\Generated_Source\PSoC5/cyfitter_cfg.c **** CY_CFG_UNUSED
 106:.\Generated_Source\PSoC5/cyfitter_cfg.c **** static void CyClockStartupError(uint8 errorCode)
 107:.\Generated_Source\PSoC5/cyfitter_cfg.c **** {
  26              		.loc 1 107 0
  27              		.cfi_startproc
  28              		@ Volatile: function does not return.
  29              		@ args = 0, pretend = 0, frame = 0
  30              		@ frame_needed = 0, uses_anonymous_args = 0
  31              		@ link register save eliminated.
  32              	.LVL0:
  33              	.L2:
 108:.\Generated_Source\PSoC5/cyfitter_cfg.c ****     /* To remove the compiler warning if errorCode not used.                */
 109:.\Generated_Source\PSoC5/cyfitter_cfg.c ****     errorCode = errorCode;
 110:.\Generated_Source\PSoC5/cyfitter_cfg.c **** 
 111:.\Generated_Source\PSoC5/cyfitter_cfg.c ****     /* `#START CyClockStartupError` */
 112:.\Generated_Source\PSoC5/cyfitter_cfg.c **** 
 113:.\Generated_Source\PSoC5/cyfitter_cfg.c ****     /* If we have a clock startup error (bad MHz crystal, PLL lock, etc.),  */
 114:.\Generated_Source\PSoC5/cyfitter_cfg.c ****     /* we will end up here to allow the customer to implement something to  */
 115:.\Generated_Source\PSoC5/cyfitter_cfg.c ****     /* deal with the clock condition.                                       */
 116:.\Generated_Source\PSoC5/cyfitter_cfg.c **** 
 117:.\Generated_Source\PSoC5/cyfitter_cfg.c ****     /* `#END` */
 118:.\Generated_Source\PSoC5/cyfitter_cfg.c **** 
 119:.\Generated_Source\PSoC5/cyfitter_cfg.c ****     /* If nothing else, stop here since the clocks have not started         */
 120:.\Generated_Source\PSoC5/cyfitter_cfg.c ****     /* correctly.                                                           */
 121:.\Generated_Source\PSoC5/cyfitter_cfg.c ****     while(1) {}
  34              		.loc 1 121 0 discriminator 1
  35 0000 FEE7     		b	.L2
  36              		.cfi_endproc
  37              	.LFE3:
  38              		.size	CyClockStartupError, .-CyClockStartupError
  39 0002 00BF     		.section	.text.AnalogSetDefault,"ax",%progbits
  40              		.align	2
  41              		.thumb
  42              		.thumb_func
  43              		.type	AnalogSetDefault, %function
  44              	AnalogSetDefault:
  45              	.LFB5:
 122:.\Generated_Source\PSoC5/cyfitter_cfg.c **** }
 123:.\Generated_Source\PSoC5/cyfitter_cfg.c **** #endif
 124:.\Generated_Source\PSoC5/cyfitter_cfg.c **** 
 125:.\Generated_Source\PSoC5/cyfitter_cfg.c **** /* IOPINS0_0 Address: CYREG_PRT0_DM0 Size (bytes): 8 */
 126:.\Generated_Source\PSoC5/cyfitter_cfg.c **** #define BS_IOPINS0_0_VAL ((const uint8 CYFAR *)0x48000000u)
ARM GAS  C:\Users\cuskrawn\AppData\Local\Temp\ccewH4La.s 			page 4


 127:.\Generated_Source\PSoC5/cyfitter_cfg.c **** 
 128:.\Generated_Source\PSoC5/cyfitter_cfg.c **** 
 129:.\Generated_Source\PSoC5/cyfitter_cfg.c **** /*******************************************************************************
 130:.\Generated_Source\PSoC5/cyfitter_cfg.c **** * Function Name: ClockSetup
 131:.\Generated_Source\PSoC5/cyfitter_cfg.c **** ********************************************************************************
 132:.\Generated_Source\PSoC5/cyfitter_cfg.c **** *
 133:.\Generated_Source\PSoC5/cyfitter_cfg.c **** * Summary:
 134:.\Generated_Source\PSoC5/cyfitter_cfg.c **** *  Performs the initialization of all of the clocks in the device based on the
 135:.\Generated_Source\PSoC5/cyfitter_cfg.c **** *  settings in the Clock tab of the DWR.  This includes enabling the requested
 136:.\Generated_Source\PSoC5/cyfitter_cfg.c **** *  clocks and setting the necessary dividers to produce the desired frequency. 
 137:.\Generated_Source\PSoC5/cyfitter_cfg.c **** *
 138:.\Generated_Source\PSoC5/cyfitter_cfg.c **** * Parameters:
 139:.\Generated_Source\PSoC5/cyfitter_cfg.c **** *  void
 140:.\Generated_Source\PSoC5/cyfitter_cfg.c **** *
 141:.\Generated_Source\PSoC5/cyfitter_cfg.c **** * Return:
 142:.\Generated_Source\PSoC5/cyfitter_cfg.c **** *  void
 143:.\Generated_Source\PSoC5/cyfitter_cfg.c **** *
 144:.\Generated_Source\PSoC5/cyfitter_cfg.c **** *******************************************************************************/
 145:.\Generated_Source\PSoC5/cyfitter_cfg.c **** static void ClockSetup(void);
 146:.\Generated_Source\PSoC5/cyfitter_cfg.c **** static void ClockSetup(void)
 147:.\Generated_Source\PSoC5/cyfitter_cfg.c **** {
 148:.\Generated_Source\PSoC5/cyfitter_cfg.c **** 	uint32 timeout;
 149:.\Generated_Source\PSoC5/cyfitter_cfg.c **** 	uint8 pllLock;
 150:.\Generated_Source\PSoC5/cyfitter_cfg.c **** 
 151:.\Generated_Source\PSoC5/cyfitter_cfg.c **** 
 152:.\Generated_Source\PSoC5/cyfitter_cfg.c **** 	/* Configure ILO based on settings from Clock DWR */
 153:.\Generated_Source\PSoC5/cyfitter_cfg.c **** 	CY_SET_XTND_REG8((void CYFAR *)(CYREG_SLOWCLK_ILO_CR0), 0x02u);
 154:.\Generated_Source\PSoC5/cyfitter_cfg.c **** 	CY_SET_XTND_REG8((void CYFAR *)(CYREG_CLKDIST_CR), 0x08u);
 155:.\Generated_Source\PSoC5/cyfitter_cfg.c **** 
 156:.\Generated_Source\PSoC5/cyfitter_cfg.c **** 	/* Configure IMO based on settings from Clock DWR */
 157:.\Generated_Source\PSoC5/cyfitter_cfg.c **** 	CY_SET_XTND_REG8((void CYFAR *)(CYREG_FASTCLK_IMO_CR), 0x03u);
 158:.\Generated_Source\PSoC5/cyfitter_cfg.c **** 	CY_SET_XTND_REG8((void CYFAR *)(CYREG_IMO_TR1), (CY_GET_XTND_REG8((void CYFAR *)CYREG_FLSHID_CUST_
 159:.\Generated_Source\PSoC5/cyfitter_cfg.c **** 
 160:.\Generated_Source\PSoC5/cyfitter_cfg.c **** 	/* Configure PLL based on settings from Clock DWR */
 161:.\Generated_Source\PSoC5/cyfitter_cfg.c **** 	CY_SET_XTND_REG16((void CYFAR *)(CYREG_FASTCLK_PLL_P), 0x0008u);
 162:.\Generated_Source\PSoC5/cyfitter_cfg.c **** 	CY_SET_XTND_REG16((void CYFAR *)(CYREG_FASTCLK_PLL_CFG0), 0x1251u);
 163:.\Generated_Source\PSoC5/cyfitter_cfg.c **** 	/* Wait up to 250us for the PLL to lock */
 164:.\Generated_Source\PSoC5/cyfitter_cfg.c **** 	pllLock = 0u;
 165:.\Generated_Source\PSoC5/cyfitter_cfg.c **** 	for (timeout = 250u / 10u; (timeout > 0u) && (pllLock != 0x03u); timeout--)
 166:.\Generated_Source\PSoC5/cyfitter_cfg.c **** 	{ 
 167:.\Generated_Source\PSoC5/cyfitter_cfg.c **** 		pllLock = 0x03u & ((uint8)((uint8)pllLock << 1) | ((CY_GET_XTND_REG8((void CYFAR *)CYREG_FASTCLK_
 168:.\Generated_Source\PSoC5/cyfitter_cfg.c **** 		CyDelayCycles(10u * 48u); /* Delay 10us based on 48MHz clock */
 169:.\Generated_Source\PSoC5/cyfitter_cfg.c **** 	}
 170:.\Generated_Source\PSoC5/cyfitter_cfg.c **** 	/* If we ran out of time the PLL didn't lock so go to the error function */
 171:.\Generated_Source\PSoC5/cyfitter_cfg.c **** 	if (timeout == 0u)
 172:.\Generated_Source\PSoC5/cyfitter_cfg.c **** 	{
 173:.\Generated_Source\PSoC5/cyfitter_cfg.c **** 		CyClockStartupError(CYCLOCKSTART_PLL_ERROR);
 174:.\Generated_Source\PSoC5/cyfitter_cfg.c **** 	}
 175:.\Generated_Source\PSoC5/cyfitter_cfg.c **** 
 176:.\Generated_Source\PSoC5/cyfitter_cfg.c **** 	/* Configure Bus/Master Clock based on settings from Clock DWR */
 177:.\Generated_Source\PSoC5/cyfitter_cfg.c **** 	CY_SET_XTND_REG16((void CYFAR *)(CYREG_CLKDIST_MSTR0), 0x0100u);
 178:.\Generated_Source\PSoC5/cyfitter_cfg.c **** 	CY_SET_XTND_REG8((void CYFAR *)(CYREG_CLKDIST_MSTR0), 0x07u);
 179:.\Generated_Source\PSoC5/cyfitter_cfg.c **** 	CY_SET_XTND_REG8((void CYFAR *)(CYREG_CLKDIST_BCFG0), 0x00u);
 180:.\Generated_Source\PSoC5/cyfitter_cfg.c **** 	CY_SET_XTND_REG8((void CYFAR *)(CYREG_CLKDIST_BCFG2), 0x48u);
 181:.\Generated_Source\PSoC5/cyfitter_cfg.c **** 	CY_SET_XTND_REG8((void CYFAR *)(CYREG_CLKDIST_MSTR0), 0x00u);
 182:.\Generated_Source\PSoC5/cyfitter_cfg.c **** 	CY_SET_XTND_REG8((void CYFAR *)(CYREG_CLKDIST_LD), 0x02u);
 183:.\Generated_Source\PSoC5/cyfitter_cfg.c **** }
ARM GAS  C:\Users\cuskrawn\AppData\Local\Temp\ccewH4La.s 			page 5


 184:.\Generated_Source\PSoC5/cyfitter_cfg.c **** 
 185:.\Generated_Source\PSoC5/cyfitter_cfg.c **** 
 186:.\Generated_Source\PSoC5/cyfitter_cfg.c **** /* Analog API Functions */
 187:.\Generated_Source\PSoC5/cyfitter_cfg.c **** 
 188:.\Generated_Source\PSoC5/cyfitter_cfg.c **** 
 189:.\Generated_Source\PSoC5/cyfitter_cfg.c **** /*******************************************************************************
 190:.\Generated_Source\PSoC5/cyfitter_cfg.c **** * Function Name: AnalogSetDefault
 191:.\Generated_Source\PSoC5/cyfitter_cfg.c **** ********************************************************************************
 192:.\Generated_Source\PSoC5/cyfitter_cfg.c **** *
 193:.\Generated_Source\PSoC5/cyfitter_cfg.c **** * Summary:
 194:.\Generated_Source\PSoC5/cyfitter_cfg.c **** *  Sets up the analog portions of the chip to default values based on chip
 195:.\Generated_Source\PSoC5/cyfitter_cfg.c **** *  configuration options from the project.
 196:.\Generated_Source\PSoC5/cyfitter_cfg.c **** *
 197:.\Generated_Source\PSoC5/cyfitter_cfg.c **** * Parameters:
 198:.\Generated_Source\PSoC5/cyfitter_cfg.c **** *  void
 199:.\Generated_Source\PSoC5/cyfitter_cfg.c **** *
 200:.\Generated_Source\PSoC5/cyfitter_cfg.c **** * Return:
 201:.\Generated_Source\PSoC5/cyfitter_cfg.c **** *  void
 202:.\Generated_Source\PSoC5/cyfitter_cfg.c **** *
 203:.\Generated_Source\PSoC5/cyfitter_cfg.c **** *******************************************************************************/
 204:.\Generated_Source\PSoC5/cyfitter_cfg.c **** static void AnalogSetDefault(void);
 205:.\Generated_Source\PSoC5/cyfitter_cfg.c **** static void AnalogSetDefault(void)
 206:.\Generated_Source\PSoC5/cyfitter_cfg.c **** {
  46              		.loc 1 206 0
  47              		.cfi_startproc
  48              		@ args = 0, pretend = 0, frame = 0
  49              		@ frame_needed = 0, uses_anonymous_args = 0
  50              		@ link register save eliminated.
 207:.\Generated_Source\PSoC5/cyfitter_cfg.c **** 	uint8 bg_xover_inl_trim = CY_GET_XTND_REG8((void CYFAR *)(CYREG_FLSHID_MFG_CFG_BG_XOVER_INL_TRIM +
  51              		.loc 1 207 0
  52 0000 0D4B     		ldr	r3, .L4
  53 0002 1B78     		ldrb	r3, [r3]	@ zero_extendqisi2
  54 0004 DBB2     		uxtb	r3, r3
  55              	.LVL1:
 208:.\Generated_Source\PSoC5/cyfitter_cfg.c **** 	CY_SET_XTND_REG8((void CYFAR *)(CYREG_BG_DFT0), (bg_xover_inl_trim & 0x07u));
  56              		.loc 1 208 0
  57 0006 03F00701 		and	r1, r3, #7
  58 000a 0C4A     		ldr	r2, .L4+4
  59 000c 1170     		strb	r1, [r2]
 209:.\Generated_Source\PSoC5/cyfitter_cfg.c **** 	CY_SET_XTND_REG8((void CYFAR *)(CYREG_BG_DFT1), ((bg_xover_inl_trim >> 4) & 0x0Fu));
  60              		.loc 1 209 0
  61 000e 1B09     		lsrs	r3, r3, #4
  62              	.LVL2:
  63 0010 0132     		adds	r2, r2, #1
  64 0012 1370     		strb	r3, [r2]
 210:.\Generated_Source\PSoC5/cyfitter_cfg.c **** 	CY_SET_XTND_REG8((void CYFAR *)CYREG_PRT0_AG, 0x07u);
  65              		.loc 1 210 0
  66 0014 0722     		movs	r2, #7
  67 0016 0A4B     		ldr	r3, .L4+8
  68 0018 1A70     		strb	r2, [r3]
 211:.\Generated_Source\PSoC5/cyfitter_cfg.c **** 	CY_SET_XTND_REG8((void CYFAR *)CYREG_SC2_SW0, 0x10u);
  69              		.loc 1 211 0
  70 001a 1022     		movs	r2, #16
  71 001c 03F61313 		addw	r3, r3, #2323
  72 0020 1A70     		strb	r2, [r3]
 212:.\Generated_Source\PSoC5/cyfitter_cfg.c **** 	CY_SET_XTND_REG8((void CYFAR *)CYREG_SC2_SW4, 0x20u);
  73              		.loc 1 212 0
ARM GAS  C:\Users\cuskrawn\AppData\Local\Temp\ccewH4La.s 			page 6


  74 0022 2022     		movs	r2, #32
  75 0024 0433     		adds	r3, r3, #4
  76 0026 1A70     		strb	r2, [r3]
 213:.\Generated_Source\PSoC5/cyfitter_cfg.c **** 	CY_SET_XTND_REG8((void CYFAR *)CYREG_SC2_SW8, 0x40u);
  77              		.loc 1 213 0
  78 0028 4022     		movs	r2, #64
  79 002a 0433     		adds	r3, r3, #4
  80 002c 1A70     		strb	r2, [r3]
 214:.\Generated_Source\PSoC5/cyfitter_cfg.c **** 	CY_SET_XTND_REG8((void CYFAR *)CYREG_PUMP_CR0, 0x44u);
  81              		.loc 1 214 0
  82 002e 4422     		movs	r2, #68
  83 0030 A3F5D973 		sub	r3, r3, #434
  84 0034 1A70     		strb	r2, [r3]
  85 0036 7047     		bx	lr
  86              	.L5:
  87              		.align	2
  88              	.L4:
  89 0038 CF010049 		.word	1224737231
  90 003c 6E580040 		.word	1073764462
  91 0040 0D510040 		.word	1073762573
  92              		.cfi_endproc
  93              	.LFE5:
  94              		.size	AnalogSetDefault, .-AnalogSetDefault
  95              		.section	.text.CYMEMZERO,"ax",%progbits
  96              		.align	2
  97              		.thumb
  98              		.thumb_func
  99              		.type	CYMEMZERO, %function
 100              	CYMEMZERO:
 101              	.LFB0:
  61:.\Generated_Source\PSoC5/cyfitter_cfg.c **** 	(void)memset(s, 0, n);
 102              		.loc 1 61 0
 103              		.cfi_startproc
 104              		@ args = 0, pretend = 0, frame = 0
 105              		@ frame_needed = 0, uses_anonymous_args = 0
 106              	.LVL3:
 107 0000 08B5     		push	{r3, lr}
 108              		.cfi_def_cfa_offset 8
 109              		.cfi_offset 3, -8
 110              		.cfi_offset 14, -4
 111 0002 0A46     		mov	r2, r1
  62:.\Generated_Source\PSoC5/cyfitter_cfg.c **** }
 112              		.loc 1 62 0
 113 0004 0021     		movs	r1, #0
 114              	.LVL4:
 115 0006 FFF7FEFF 		bl	memset
 116              	.LVL5:
 117 000a 08BD     		pop	{r3, pc}
 118              		.cfi_endproc
 119              	.LFE0:
 120              		.size	CYMEMZERO, .-CYMEMZERO
 121              		.section	.text.ClockSetup,"ax",%progbits
 122              		.align	2
 123              		.thumb
 124              		.thumb_func
 125              		.type	ClockSetup, %function
 126              	ClockSetup:
ARM GAS  C:\Users\cuskrawn\AppData\Local\Temp\ccewH4La.s 			page 7


 127              	.LFB4:
 147:.\Generated_Source\PSoC5/cyfitter_cfg.c **** 	uint32 timeout;
 128              		.loc 1 147 0
 129              		.cfi_startproc
 130              		@ args = 0, pretend = 0, frame = 0
 131              		@ frame_needed = 0, uses_anonymous_args = 0
 132 0000 38B5     		push	{r3, r4, r5, lr}
 133              		.cfi_def_cfa_offset 16
 134              		.cfi_offset 3, -16
 135              		.cfi_offset 4, -12
 136              		.cfi_offset 5, -8
 137              		.cfi_offset 14, -4
 153:.\Generated_Source\PSoC5/cyfitter_cfg.c **** 	CY_SET_XTND_REG8((void CYFAR *)(CYREG_CLKDIST_CR), 0x08u);
 138              		.loc 1 153 0
 139 0002 0222     		movs	r2, #2
 140 0004 1E4B     		ldr	r3, .L14
 141 0006 1A70     		strb	r2, [r3]
 154:.\Generated_Source\PSoC5/cyfitter_cfg.c **** 
 142              		.loc 1 154 0
 143 0008 0822     		movs	r2, #8
 144 000a 4FF04023 		mov	r3, #1073758208
 145 000e 1A70     		strb	r2, [r3]
 157:.\Generated_Source\PSoC5/cyfitter_cfg.c **** 	CY_SET_XTND_REG8((void CYFAR *)(CYREG_IMO_TR1), (CY_GET_XTND_REG8((void CYFAR *)CYREG_FLSHID_CUST_
 146              		.loc 1 157 0
 147 0010 0321     		movs	r1, #3
 148 0012 03F50073 		add	r3, r3, #512
 149 0016 1970     		strb	r1, [r3]
 158:.\Generated_Source\PSoC5/cyfitter_cfg.c **** 
 150              		.loc 1 158 0
 151 0018 1A4B     		ldr	r3, .L14+4
 152 001a 1B78     		ldrb	r3, [r3]	@ zero_extendqisi2
 153 001c DBB2     		uxtb	r3, r3
 154 001e 1A49     		ldr	r1, .L14+8
 155 0020 0B70     		strb	r3, [r1]
 161:.\Generated_Source\PSoC5/cyfitter_cfg.c **** 	CY_SET_XTND_REG16((void CYFAR *)(CYREG_FASTCLK_PLL_CFG0), 0x1251u);
 156              		.loc 1 161 0
 157 0022 1A4B     		ldr	r3, .L14+12
 158 0024 1A80     		strh	r2, [r3]	@ movhi
 162:.\Generated_Source\PSoC5/cyfitter_cfg.c **** 	/* Wait up to 250us for the PLL to lock */
 159              		.loc 1 162 0
 160 0026 41F25122 		movw	r2, #4689
 161 002a 023B     		subs	r3, r3, #2
 162 002c 1A80     		strh	r2, [r3]	@ movhi
 163              	.LVL6:
 164:.\Generated_Source\PSoC5/cyfitter_cfg.c **** 	for (timeout = 250u / 10u; (timeout > 0u) && (pllLock != 0x03u); timeout--)
 164              		.loc 1 164 0
 165 002e 0024     		movs	r4, #0
 165:.\Generated_Source\PSoC5/cyfitter_cfg.c **** 	{ 
 166              		.loc 1 165 0
 167 0030 1925     		movs	r5, #25
 168 0032 0CE0     		b	.L9
 169              	.LVL7:
 170              	.L11:
 167:.\Generated_Source\PSoC5/cyfitter_cfg.c **** 		CyDelayCycles(10u * 48u); /* Delay 10us based on 48MHz clock */
 171              		.loc 1 167 0 discriminator 4
 172 0034 164B     		ldr	r3, .L14+16
 173 0036 1B78     		ldrb	r3, [r3]	@ zero_extendqisi2
ARM GAS  C:\Users\cuskrawn\AppData\Local\Temp\ccewH4La.s 			page 8


 174 0038 03F00103 		and	r3, r3, #1
 175 003c 43EA4404 		orr	r4, r3, r4, lsl #1
 176              	.LVL8:
 177 0040 04F00304 		and	r4, r4, #3
 178              	.LVL9:
 168:.\Generated_Source\PSoC5/cyfitter_cfg.c **** 	}
 179              		.loc 1 168 0 discriminator 4
 180 0044 4FF4F070 		mov	r0, #480
 181 0048 FFF7FEFF 		bl	CyDelayCycles
 182              	.LVL10:
 165:.\Generated_Source\PSoC5/cyfitter_cfg.c **** 	{ 
 183              		.loc 1 165 0 discriminator 4
 184 004c 013D     		subs	r5, r5, #1
 185              	.LVL11:
 186              	.L9:
 165:.\Generated_Source\PSoC5/cyfitter_cfg.c **** 	{ 
 187              		.loc 1 165 0 is_stmt 0 discriminator 1
 188 004e 0DB1     		cbz	r5, .L10
 165:.\Generated_Source\PSoC5/cyfitter_cfg.c **** 	{ 
 189              		.loc 1 165 0 discriminator 3
 190 0050 032C     		cmp	r4, #3
 191 0052 EFD1     		bne	.L11
 192              	.L10:
 171:.\Generated_Source\PSoC5/cyfitter_cfg.c **** 	{
 193              		.loc 1 171 0 is_stmt 1
 194 0054 15B9     		cbnz	r5, .L12
 173:.\Generated_Source\PSoC5/cyfitter_cfg.c **** 	}
 195              		.loc 1 173 0
 196 0056 0320     		movs	r0, #3
 197 0058 FFF7FEFF 		bl	CyClockStartupError
 198              	.LVL12:
 199              	.L12:
 177:.\Generated_Source\PSoC5/cyfitter_cfg.c **** 	CY_SET_XTND_REG8((void CYFAR *)(CYREG_CLKDIST_MSTR0), 0x07u);
 200              		.loc 1 177 0
 201 005c 0D4B     		ldr	r3, .L14+20
 202 005e 4FF48072 		mov	r2, #256
 203 0062 1A80     		strh	r2, [r3]	@ movhi
 178:.\Generated_Source\PSoC5/cyfitter_cfg.c **** 	CY_SET_XTND_REG8((void CYFAR *)(CYREG_CLKDIST_BCFG0), 0x00u);
 204              		.loc 1 178 0
 205 0064 0722     		movs	r2, #7
 206 0066 1A70     		strb	r2, [r3]
 179:.\Generated_Source\PSoC5/cyfitter_cfg.c **** 	CY_SET_XTND_REG8((void CYFAR *)(CYREG_CLKDIST_BCFG2), 0x48u);
 207              		.loc 1 179 0
 208 0068 0022     		movs	r2, #0
 209 006a 0B49     		ldr	r1, .L14+24
 210 006c 0A70     		strb	r2, [r1]
 180:.\Generated_Source\PSoC5/cyfitter_cfg.c **** 	CY_SET_XTND_REG8((void CYFAR *)(CYREG_CLKDIST_MSTR0), 0x00u);
 211              		.loc 1 180 0
 212 006e 4820     		movs	r0, #72
 213 0070 0231     		adds	r1, r1, #2
 214 0072 0870     		strb	r0, [r1]
 181:.\Generated_Source\PSoC5/cyfitter_cfg.c **** 	CY_SET_XTND_REG8((void CYFAR *)(CYREG_CLKDIST_LD), 0x02u);
 215              		.loc 1 181 0
 216 0074 1A70     		strb	r2, [r3]
 182:.\Generated_Source\PSoC5/cyfitter_cfg.c **** }
 217              		.loc 1 182 0
 218 0076 0222     		movs	r2, #2
ARM GAS  C:\Users\cuskrawn\AppData\Local\Temp\ccewH4La.s 			page 9


 219 0078 033B     		subs	r3, r3, #3
 220 007a 1A70     		strb	r2, [r3]
 221 007c 38BD     		pop	{r3, r4, r5, pc}
 222              	.LVL13:
 223              	.L15:
 224 007e 00BF     		.align	2
 225              	.L14:
 226 0080 00430040 		.word	1073758976
 227 0084 08010049 		.word	1224737032
 228 0088 A1460040 		.word	1073759905
 229 008c 22420040 		.word	1073758754
 230 0090 25420040 		.word	1073758757
 231 0094 04400040 		.word	1073758212
 232 0098 06400040 		.word	1073758214
 233              		.cfi_endproc
 234              	.LFE4:
 235              		.size	ClockSetup, .-ClockSetup
 236              		.section	.text.CYCONFIGCPY,"ax",%progbits
 237              		.align	2
 238              		.thumb
 239              		.thumb_func
 240              		.type	CYCONFIGCPY, %function
 241              	CYCONFIGCPY:
 242              	.LFB1:
  68:.\Generated_Source\PSoC5/cyfitter_cfg.c **** 	(void)memcpy(dest, src, n);
 243              		.loc 1 68 0
 244              		.cfi_startproc
 245              		@ args = 0, pretend = 0, frame = 0
 246              		@ frame_needed = 0, uses_anonymous_args = 0
 247              	.LVL14:
 248 0000 08B5     		push	{r3, lr}
 249              		.cfi_def_cfa_offset 8
 250              		.cfi_offset 3, -8
 251              		.cfi_offset 14, -4
  69:.\Generated_Source\PSoC5/cyfitter_cfg.c **** }
 252              		.loc 1 69 0
 253 0002 FFF7FEFF 		bl	memcpy
 254              	.LVL15:
 255 0006 08BD     		pop	{r3, pc}
 256              		.cfi_endproc
 257              	.LFE1:
 258              		.size	CYCONFIGCPY, .-CYCONFIGCPY
 259              		.section	.text.SetAnalogRoutingPumps,"ax",%progbits
 260              		.align	2
 261              		.global	SetAnalogRoutingPumps
 262              		.thumb
 263              		.thumb_func
 264              		.type	SetAnalogRoutingPumps, %function
 265              	SetAnalogRoutingPumps:
 266              	.LFB6:
 215:.\Generated_Source\PSoC5/cyfitter_cfg.c **** }
 216:.\Generated_Source\PSoC5/cyfitter_cfg.c **** 
 217:.\Generated_Source\PSoC5/cyfitter_cfg.c **** 
 218:.\Generated_Source\PSoC5/cyfitter_cfg.c **** /*******************************************************************************
 219:.\Generated_Source\PSoC5/cyfitter_cfg.c **** * Function Name: SetAnalogRoutingPumps
 220:.\Generated_Source\PSoC5/cyfitter_cfg.c **** ********************************************************************************
 221:.\Generated_Source\PSoC5/cyfitter_cfg.c **** *
ARM GAS  C:\Users\cuskrawn\AppData\Local\Temp\ccewH4La.s 			page 10


 222:.\Generated_Source\PSoC5/cyfitter_cfg.c **** * Summary:
 223:.\Generated_Source\PSoC5/cyfitter_cfg.c **** * Enables or disables the analog pumps feeding analog routing switches.
 224:.\Generated_Source\PSoC5/cyfitter_cfg.c **** * Intended to be called at startup, based on the Vdda system configuration;
 225:.\Generated_Source\PSoC5/cyfitter_cfg.c **** * may be called during operation when the user informs us that the Vdda voltage
 226:.\Generated_Source\PSoC5/cyfitter_cfg.c **** * crossed the pump threshold.
 227:.\Generated_Source\PSoC5/cyfitter_cfg.c **** *
 228:.\Generated_Source\PSoC5/cyfitter_cfg.c **** * Parameters:
 229:.\Generated_Source\PSoC5/cyfitter_cfg.c **** *  enabled - 1 to enable the pumps, 0 to disable the pumps
 230:.\Generated_Source\PSoC5/cyfitter_cfg.c **** *
 231:.\Generated_Source\PSoC5/cyfitter_cfg.c **** * Return:
 232:.\Generated_Source\PSoC5/cyfitter_cfg.c **** *  void
 233:.\Generated_Source\PSoC5/cyfitter_cfg.c **** *
 234:.\Generated_Source\PSoC5/cyfitter_cfg.c **** *******************************************************************************/
 235:.\Generated_Source\PSoC5/cyfitter_cfg.c **** void SetAnalogRoutingPumps(uint8 enabled)
 236:.\Generated_Source\PSoC5/cyfitter_cfg.c **** {
 267              		.loc 1 236 0
 268              		.cfi_startproc
 269              		@ args = 0, pretend = 0, frame = 0
 270              		@ frame_needed = 0, uses_anonymous_args = 0
 271              		@ link register save eliminated.
 272              	.LVL16:
 237:.\Generated_Source\PSoC5/cyfitter_cfg.c **** 	uint8 regValue = CY_GET_XTND_REG8((void CYFAR *)CYREG_PUMP_CR0);
 273              		.loc 1 237 0
 274 0000 054B     		ldr	r3, .L21
 275 0002 1B78     		ldrb	r3, [r3]	@ zero_extendqisi2
 276 0004 DBB2     		uxtb	r3, r3
 277              	.LVL17:
 238:.\Generated_Source\PSoC5/cyfitter_cfg.c **** 	if (enabled != 0u)
 278              		.loc 1 238 0
 279 0006 10B1     		cbz	r0, .L19
 239:.\Generated_Source\PSoC5/cyfitter_cfg.c **** 	{
 240:.\Generated_Source\PSoC5/cyfitter_cfg.c **** 		regValue |= 0x22u;
 280              		.loc 1 240 0
 281 0008 43F02203 		orr	r3, r3, #34
 282              	.LVL18:
 283 000c 01E0     		b	.L20
 284              	.L19:
 241:.\Generated_Source\PSoC5/cyfitter_cfg.c **** 	}
 242:.\Generated_Source\PSoC5/cyfitter_cfg.c **** 	else
 243:.\Generated_Source\PSoC5/cyfitter_cfg.c **** 	{
 244:.\Generated_Source\PSoC5/cyfitter_cfg.c **** 		regValue &= (uint8)~0x22u;
 285              		.loc 1 244 0
 286 000e 03F0DD03 		and	r3, r3, #221
 287              	.LVL19:
 288              	.L20:
 245:.\Generated_Source\PSoC5/cyfitter_cfg.c **** 	}
 246:.\Generated_Source\PSoC5/cyfitter_cfg.c **** 	CY_SET_XTND_REG8((void CYFAR *)CYREG_PUMP_CR0, regValue);
 289              		.loc 1 246 0
 290 0012 014A     		ldr	r2, .L21
 291 0014 1370     		strb	r3, [r2]
 292 0016 7047     		bx	lr
 293              	.L22:
 294              		.align	2
 295              	.L21:
 296 0018 76580040 		.word	1073764470
 297              		.cfi_endproc
 298              	.LFE6:
ARM GAS  C:\Users\cuskrawn\AppData\Local\Temp\ccewH4La.s 			page 11


 299              		.size	SetAnalogRoutingPumps, .-SetAnalogRoutingPumps
 300              		.section	.text.cyfitter_cfg,"ax",%progbits
 301              		.align	2
 302              		.global	cyfitter_cfg
 303              		.thumb
 304              		.thumb_func
 305              		.type	cyfitter_cfg, %function
 306              	cyfitter_cfg:
 307              	.LFB7:
 247:.\Generated_Source\PSoC5/cyfitter_cfg.c **** }
 248:.\Generated_Source\PSoC5/cyfitter_cfg.c **** 
 249:.\Generated_Source\PSoC5/cyfitter_cfg.c **** #define CY_AMUX_UNUSED CYREG_BOOST_SR
 250:.\Generated_Source\PSoC5/cyfitter_cfg.c **** 
 251:.\Generated_Source\PSoC5/cyfitter_cfg.c **** 
 252:.\Generated_Source\PSoC5/cyfitter_cfg.c **** /*******************************************************************************
 253:.\Generated_Source\PSoC5/cyfitter_cfg.c **** * Function Name: cyfitter_cfg
 254:.\Generated_Source\PSoC5/cyfitter_cfg.c **** ********************************************************************************
 255:.\Generated_Source\PSoC5/cyfitter_cfg.c **** * Summary:
 256:.\Generated_Source\PSoC5/cyfitter_cfg.c **** *  This function is called by the start-up code for the selected device. It
 257:.\Generated_Source\PSoC5/cyfitter_cfg.c **** *  performs all of the necessary device configuration based on the design
 258:.\Generated_Source\PSoC5/cyfitter_cfg.c **** *  settings.  This includes settings from the Design Wide Resources (DWR) such
 259:.\Generated_Source\PSoC5/cyfitter_cfg.c **** *  as Clocks and Pins as well as any component configuration that is necessary.
 260:.\Generated_Source\PSoC5/cyfitter_cfg.c **** *
 261:.\Generated_Source\PSoC5/cyfitter_cfg.c **** * Parameters:  
 262:.\Generated_Source\PSoC5/cyfitter_cfg.c **** *   void
 263:.\Generated_Source\PSoC5/cyfitter_cfg.c **** *
 264:.\Generated_Source\PSoC5/cyfitter_cfg.c **** * Return:
 265:.\Generated_Source\PSoC5/cyfitter_cfg.c **** *   void
 266:.\Generated_Source\PSoC5/cyfitter_cfg.c **** *
 267:.\Generated_Source\PSoC5/cyfitter_cfg.c **** *******************************************************************************/
 268:.\Generated_Source\PSoC5/cyfitter_cfg.c **** 
 269:.\Generated_Source\PSoC5/cyfitter_cfg.c **** void cyfitter_cfg(void)
 270:.\Generated_Source\PSoC5/cyfitter_cfg.c **** {
 308              		.loc 1 270 0
 309              		.cfi_startproc
 310              		@ args = 0, pretend = 0, frame = 0
 311              		@ frame_needed = 0, uses_anonymous_args = 0
 312 0000 70B5     		push	{r4, r5, r6, lr}
 313              		.cfi_def_cfa_offset 16
 314              		.cfi_offset 4, -16
 315              		.cfi_offset 5, -12
 316              		.cfi_offset 6, -8
 317              		.cfi_offset 14, -4
 271:.\Generated_Source\PSoC5/cyfitter_cfg.c **** #ifdef CYGlobalIntDisable
 272:.\Generated_Source\PSoC5/cyfitter_cfg.c **** 	/* Disable interrupts by default. Let user enable if/when they want. */
 273:.\Generated_Source\PSoC5/cyfitter_cfg.c **** 	CYGlobalIntDisable
 318              		.loc 1 273 0
 319              	@ 273 ".\Generated_Source\PSoC5\cyfitter_cfg.c" 1
 320 0002 72B6     		CPSID   i
 321              	@ 0 "" 2
 274:.\Generated_Source\PSoC5/cyfitter_cfg.c **** #endif
 275:.\Generated_Source\PSoC5/cyfitter_cfg.c **** 
 276:.\Generated_Source\PSoC5/cyfitter_cfg.c **** 	/* Enable/Disable Debug functionality based on settings from System DWR */
 277:.\Generated_Source\PSoC5/cyfitter_cfg.c **** 	CY_SET_XTND_REG8((void CYFAR *)CYREG_MLOGIC_DEBUG, (CY_GET_XTND_REG8((void CYFAR *)CYREG_MLOGIC_DE
 322              		.loc 1 277 0
 323              		.thumb
 324 0004 234A     		ldr	r2, .L27
ARM GAS  C:\Users\cuskrawn\AppData\Local\Temp\ccewH4La.s 			page 12


 325 0006 1378     		ldrb	r3, [r2]	@ zero_extendqisi2
 326 0008 43F00403 		orr	r3, r3, #4
 327 000c 1370     		strb	r3, [r2]
 328              	.LVL20:
 329              	.LBB2:
 278:.\Generated_Source\PSoC5/cyfitter_cfg.c **** 
 279:.\Generated_Source\PSoC5/cyfitter_cfg.c **** 	{
 280:.\Generated_Source\PSoC5/cyfitter_cfg.c **** 
 281:.\Generated_Source\PSoC5/cyfitter_cfg.c **** 		CYPACKED typedef struct {
 282:.\Generated_Source\PSoC5/cyfitter_cfg.c **** 			void CYFAR *address;
 283:.\Generated_Source\PSoC5/cyfitter_cfg.c **** 			uint16 size;
 284:.\Generated_Source\PSoC5/cyfitter_cfg.c **** 		} CYPACKED_ATTR cfg_memset_t;
 285:.\Generated_Source\PSoC5/cyfitter_cfg.c **** 
 286:.\Generated_Source\PSoC5/cyfitter_cfg.c **** 		static const cfg_memset_t CYCODE cfg_memset_list [] = {
 287:.\Generated_Source\PSoC5/cyfitter_cfg.c **** 			/* address, size */
 288:.\Generated_Source\PSoC5/cyfitter_cfg.c **** 			{(void CYFAR *)(CYREG_PRT1_DR), 96u},
 289:.\Generated_Source\PSoC5/cyfitter_cfg.c **** 			{(void CYFAR *)(CYREG_PRT12_DR), 16u},
 290:.\Generated_Source\PSoC5/cyfitter_cfg.c **** 			{(void CYFAR *)(CYREG_PRT15_DR), 16u},
 291:.\Generated_Source\PSoC5/cyfitter_cfg.c **** 			{(void CYFAR *)(CYDEV_UCFG_B0_P0_U0_BASE), 4096u},
 292:.\Generated_Source\PSoC5/cyfitter_cfg.c **** 			{(void CYFAR *)(CYDEV_UCFG_B1_P2_U0_BASE), 2048u},
 293:.\Generated_Source\PSoC5/cyfitter_cfg.c **** 			{(void CYFAR *)(CYDEV_UCFG_DSI0_BASE), 2560u},
 294:.\Generated_Source\PSoC5/cyfitter_cfg.c **** 			{(void CYFAR *)(CYDEV_UCFG_DSI12_BASE), 512u},
 295:.\Generated_Source\PSoC5/cyfitter_cfg.c **** 			{(void CYFAR *)(CYREG_BCTL0_MDCLK_EN), 32u},
 296:.\Generated_Source\PSoC5/cyfitter_cfg.c **** 		};
 297:.\Generated_Source\PSoC5/cyfitter_cfg.c **** 
 298:.\Generated_Source\PSoC5/cyfitter_cfg.c **** 		uint8 CYDATA i;
 299:.\Generated_Source\PSoC5/cyfitter_cfg.c **** 
 300:.\Generated_Source\PSoC5/cyfitter_cfg.c **** 		/* Zero out critical memory blocks before beginning configuration */
 301:.\Generated_Source\PSoC5/cyfitter_cfg.c **** 		for (i = 0u; i < (sizeof(cfg_memset_list)/sizeof(cfg_memset_list[0])); i++)
 330              		.loc 1 301 0
 331 000e 0024     		movs	r4, #0
 332 0010 0CE0     		b	.L24
 333              	.LVL21:
 334              	.L25:
 335              	.LBB3:
 302:.\Generated_Source\PSoC5/cyfitter_cfg.c **** 		{
 303:.\Generated_Source\PSoC5/cyfitter_cfg.c **** 			const cfg_memset_t CYCODE * CYDATA ms = &cfg_memset_list[i];
 304:.\Generated_Source\PSoC5/cyfitter_cfg.c **** 			CYMEMZERO(ms->address, (size_t)(uint32)(ms->size));
 336              		.loc 1 304 0 discriminator 3
 337 0012 2149     		ldr	r1, .L27+4
 338 0014 6300     		lsls	r3, r4, #1
 339 0016 1A19     		adds	r2, r3, r4
 340 0018 5200     		lsls	r2, r2, #1
 341 001a 0A44     		add	r2, r2, r1
 342 001c 2344     		add	r3, r3, r4
 343 001e 5B00     		lsls	r3, r3, #1
 344 0020 C858     		ldr	r0, [r1, r3]	@ unaligned
 345 0022 9188     		ldrh	r1, [r2, #4]
 346 0024 FFF7FEFF 		bl	CYMEMZERO
 347              	.LVL22:
 348              	.LBE3:
 301:.\Generated_Source\PSoC5/cyfitter_cfg.c **** 		{
 349              		.loc 1 301 0 discriminator 3
 350 0028 0134     		adds	r4, r4, #1
 351              	.LVL23:
 352 002a E4B2     		uxtb	r4, r4
 353              	.LVL24:
ARM GAS  C:\Users\cuskrawn\AppData\Local\Temp\ccewH4La.s 			page 13


 354              	.L24:
 301:.\Generated_Source\PSoC5/cyfitter_cfg.c **** 		{
 355              		.loc 1 301 0 is_stmt 0 discriminator 1
 356 002c 072C     		cmp	r4, #7
 357 002e F0D9     		bls	.L25
 305:.\Generated_Source\PSoC5/cyfitter_cfg.c **** 		}
 306:.\Generated_Source\PSoC5/cyfitter_cfg.c **** 
 307:.\Generated_Source\PSoC5/cyfitter_cfg.c **** 		/* Enable digital routing */
 308:.\Generated_Source\PSoC5/cyfitter_cfg.c **** 		CY_SET_XTND_REG8((void CYFAR *)CYREG_BCTL0_BANK_CTL, CY_GET_XTND_REG8((void CYFAR *)CYREG_BCTL0_B
 358              		.loc 1 308 0 is_stmt 1
 359 0030 1A4A     		ldr	r2, .L27+8
 360 0032 1378     		ldrb	r3, [r2]	@ zero_extendqisi2
 361 0034 43F00203 		orr	r3, r3, #2
 362 0038 1370     		strb	r3, [r2]
 309:.\Generated_Source\PSoC5/cyfitter_cfg.c **** 		CY_SET_XTND_REG8((void CYFAR *)CYREG_BCTL1_BANK_CTL, CY_GET_XTND_REG8((void CYFAR *)CYREG_BCTL1_B
 363              		.loc 1 309 0
 364 003a 1032     		adds	r2, r2, #16
 365 003c 1378     		ldrb	r3, [r2]	@ zero_extendqisi2
 366 003e 43F00203 		orr	r3, r3, #2
 367 0042 1370     		strb	r3, [r2]
 310:.\Generated_Source\PSoC5/cyfitter_cfg.c **** 
 311:.\Generated_Source\PSoC5/cyfitter_cfg.c **** 		/* Enable UDB array */
 312:.\Generated_Source\PSoC5/cyfitter_cfg.c **** 		CY_SET_XTND_REG8((void CYFAR *)CYREG_PM_ACT_CFG0, CY_GET_XTND_REG8((void CYFAR *)CYREG_PM_ACT_CFG
 368              		.loc 1 312 0
 369 0044 164C     		ldr	r4, .L27+12
 370              	.LVL25:
 371 0046 2378     		ldrb	r3, [r4]	@ zero_extendqisi2
 372 0048 43F04003 		orr	r3, r3, #64
 373 004c 2370     		strb	r3, [r4]
 313:.\Generated_Source\PSoC5/cyfitter_cfg.c **** 		CY_SET_XTND_REG8((void CYFAR *)CYREG_PM_AVAIL_CR2, CY_GET_XTND_REG8((void CYFAR *)CYREG_PM_AVAIL_
 374              		.loc 1 313 0
 375 004e A2F58632 		sub	r2, r2, #68608
 376 0052 513A     		subs	r2, r2, #81
 377 0054 1378     		ldrb	r3, [r2]	@ zero_extendqisi2
 378 0056 43F01003 		orr	r3, r3, #16
 379 005a 1370     		strb	r3, [r2]
 380              	.LBE2:
 314:.\Generated_Source\PSoC5/cyfitter_cfg.c **** 	}
 315:.\Generated_Source\PSoC5/cyfitter_cfg.c **** 
 316:.\Generated_Source\PSoC5/cyfitter_cfg.c **** 
 317:.\Generated_Source\PSoC5/cyfitter_cfg.c **** 	/* Perform second pass device configuration. These items must be configured in specific order afte
 318:.\Generated_Source\PSoC5/cyfitter_cfg.c **** 	CYCONFIGCPY((void CYFAR *)(CYREG_PRT0_DM0), (const void CYFAR *)(BS_IOPINS0_0_VAL), 8u);
 381              		.loc 1 318 0
 382 005c 1148     		ldr	r0, .L27+16
 383 005e 4FF09041 		mov	r1, #1207959552
 384 0062 0822     		movs	r2, #8
 385 0064 FFF7FEFF 		bl	CYCONFIGCPY
 386              	.LVL26:
 319:.\Generated_Source\PSoC5/cyfitter_cfg.c **** 	/* Switch Boost to the precision bandgap reference from its internal reference */
 320:.\Generated_Source\PSoC5/cyfitter_cfg.c **** 	CY_SET_REG8((void CYXDATA *)CYREG_BOOST_CR2, (CY_GET_REG8((void CYXDATA *)CYREG_BOOST_CR2) | 0x08u
 387              		.loc 1 320 0
 388 0068 0F4A     		ldr	r2, .L27+20
 389 006a 1378     		ldrb	r3, [r2]	@ zero_extendqisi2
 390 006c 43F00803 		orr	r3, r3, #8
 391 0070 1370     		strb	r3, [r2]
 321:.\Generated_Source\PSoC5/cyfitter_cfg.c **** 
 322:.\Generated_Source\PSoC5/cyfitter_cfg.c **** 	/* Set Flash Cycles based on max possible frequency in case a glitch occurs during ClockSetup(). *
ARM GAS  C:\Users\cuskrawn\AppData\Local\Temp\ccewH4La.s 			page 14


 323:.\Generated_Source\PSoC5/cyfitter_cfg.c **** 	CY_SET_XTND_REG8((void CYFAR *)(CYREG_CACHE_CC_CTL), (((CYDEV_INSTRUCT_CACHE_ENABLED) != 0) ? 0x01
 392              		.loc 1 323 0
 393 0072 0E4E     		ldr	r6, .L27+24
 394 0074 0125     		movs	r5, #1
 395 0076 3570     		strb	r5, [r6]
 324:.\Generated_Source\PSoC5/cyfitter_cfg.c **** 	/* Setup clocks based on selections from Clock DWR */
 325:.\Generated_Source\PSoC5/cyfitter_cfg.c **** 	ClockSetup();
 396              		.loc 1 325 0
 397 0078 FFF7FEFF 		bl	ClockSetup
 398              	.LVL27:
 326:.\Generated_Source\PSoC5/cyfitter_cfg.c **** 	/* Set Flash Cycles based on newly configured 24.00MHz Bus Clock. */
 327:.\Generated_Source\PSoC5/cyfitter_cfg.c **** 	CY_SET_XTND_REG8((void CYFAR *)(CYREG_CACHE_CC_CTL), (((CYDEV_INSTRUCT_CACHE_ENABLED) != 0) ? 0x81
 399              		.loc 1 327 0
 400 007c 8123     		movs	r3, #129
 401 007e 3370     		strb	r3, [r6]
 328:.\Generated_Source\PSoC5/cyfitter_cfg.c **** 	CY_SET_XTND_REG8((void CYFAR *)(CYREG_PANTHER_WAITPIPE), 0x01u);
 402              		.loc 1 328 0
 403 0080 0B4B     		ldr	r3, .L27+28
 404 0082 1D70     		strb	r5, [r3]
 329:.\Generated_Source\PSoC5/cyfitter_cfg.c **** 
 330:.\Generated_Source\PSoC5/cyfitter_cfg.c **** 	/* Perform basic analog initialization to defaults */
 331:.\Generated_Source\PSoC5/cyfitter_cfg.c **** 	AnalogSetDefault();
 405              		.loc 1 331 0
 406 0084 FFF7FEFF 		bl	AnalogSetDefault
 407              	.LVL28:
 332:.\Generated_Source\PSoC5/cyfitter_cfg.c **** 
 333:.\Generated_Source\PSoC5/cyfitter_cfg.c **** 	/* Configure alternate active mode */
 334:.\Generated_Source\PSoC5/cyfitter_cfg.c **** 	CYCONFIGCPY((void CYFAR *)CYDEV_PM_STBY_BASE, (const void CYFAR *)CYDEV_PM_ACT_BASE, 14u);
 408              		.loc 1 334 0
 409 0088 0A48     		ldr	r0, .L27+32
 410 008a 2146     		mov	r1, r4
 411 008c 0E22     		movs	r2, #14
 412 008e FFF7FEFF 		bl	CYCONFIGCPY
 413              	.LVL29:
 414 0092 70BD     		pop	{r4, r5, r6, pc}
 415              	.L28:
 416              		.align	2
 417              	.L27:
 418 0094 E8460040 		.word	1073759976
 419 0098 00000000 		.word	.LANCHOR0
 420 009c 03500140 		.word	1073827843
 421 00a0 A0430040 		.word	1073759136
 422 00a4 02510040 		.word	1073762562
 423 00a8 22430040 		.word	1073759010
 424 00ac 00480040 		.word	1073760256
 425 00b0 04000840 		.word	1074266116
 426 00b4 B0430040 		.word	1073759152
 427              		.cfi_endproc
 428              	.LFE7:
 429              		.size	cyfitter_cfg, .-cyfitter_cfg
 430              		.section	.rodata
 431              		.align	2
 432              		.set	.LANCHOR0,. + 0
 433              		.type	cfg_memset_list.4859, %object
 434              		.size	cfg_memset_list.4859, 48
 435              	cfg_memset_list.4859:
 436 0000 10510040 		.word	1073762576
ARM GAS  C:\Users\cuskrawn\AppData\Local\Temp\ccewH4La.s 			page 15


 437 0004 6000     		.short	96
 438 0006 C0510040 		.4byte	1073762752
 439 000a 1000     		.short	16
 440 000c F0510040 		.word	1073762800
 441 0010 1000     		.short	16
 442 0012 00000140 		.4byte	1073807360
 443 0016 0010     		.short	4096
 444 0018 00140140 		.word	1073812480
 445 001c 0008     		.short	2048
 446 001e 00400140 		.4byte	1073823744
 447 0022 000A     		.short	2560
 448 0024 004C0140 		.word	1073826816
 449 0028 0002     		.short	512
 450 002a 00500140 		.4byte	1073827840
 451 002e 2000     		.short	32
 452              		.text
 453              	.Letext0:
 454              		.file 2 "d:\\program files (x86)\\cypress\\psoc creator\\3.3\\psoc creator\\import\\gnu\\arm\\4.9.
 455              		.file 3 ".\\Generated_Source\\PSoC5\\cytypes.h"
 456              		.file 4 ".\\Generated_Source\\PSoC5\\CyLib.h"
 457              		.section	.debug_info,"",%progbits
 458              	.Ldebug_info0:
 459 0000 A9030000 		.4byte	0x3a9
 460 0004 0400     		.2byte	0x4
 461 0006 00000000 		.4byte	.Ldebug_abbrev0
 462 000a 04       		.byte	0x4
 463 000b 01       		.uleb128 0x1
 464 000c 14010000 		.4byte	.LASF39
 465 0010 01       		.byte	0x1
 466 0011 42020000 		.4byte	.LASF40
 467 0015 AF010000 		.4byte	.LASF41
 468 0019 00000000 		.4byte	.Ldebug_ranges0+0
 469 001d 00000000 		.4byte	0
 470 0021 00000000 		.4byte	.Ldebug_line0
 471 0025 02       		.uleb128 0x2
 472 0026 04       		.byte	0x4
 473 0027 05       		.byte	0x5
 474 0028 696E7400 		.ascii	"int\000"
 475 002c 03       		.uleb128 0x3
 476 002d 14000000 		.4byte	.LASF11
 477 0031 02       		.byte	0x2
 478 0032 D4       		.byte	0xd4
 479 0033 37000000 		.4byte	0x37
 480 0037 04       		.uleb128 0x4
 481 0038 04       		.byte	0x4
 482 0039 07       		.byte	0x7
 483 003a A2010000 		.4byte	.LASF0
 484 003e 04       		.uleb128 0x4
 485 003f 01       		.byte	0x1
 486 0040 06       		.byte	0x6
 487 0041 92020000 		.4byte	.LASF1
 488 0045 04       		.uleb128 0x4
 489 0046 01       		.byte	0x1
 490 0047 08       		.byte	0x8
 491 0048 D3000000 		.4byte	.LASF2
 492 004c 04       		.uleb128 0x4
 493 004d 02       		.byte	0x2
ARM GAS  C:\Users\cuskrawn\AppData\Local\Temp\ccewH4La.s 			page 16


 494 004e 05       		.byte	0x5
 495 004f 38020000 		.4byte	.LASF3
 496 0053 04       		.uleb128 0x4
 497 0054 02       		.byte	0x2
 498 0055 07       		.byte	0x7
 499 0056 4F000000 		.4byte	.LASF4
 500 005a 04       		.uleb128 0x4
 501 005b 04       		.byte	0x4
 502 005c 05       		.byte	0x5
 503 005d 72020000 		.4byte	.LASF5
 504 0061 04       		.uleb128 0x4
 505 0062 04       		.byte	0x4
 506 0063 07       		.byte	0x7
 507 0064 9B000000 		.4byte	.LASF6
 508 0068 04       		.uleb128 0x4
 509 0069 08       		.byte	0x8
 510 006a 05       		.byte	0x5
 511 006b 23020000 		.4byte	.LASF7
 512 006f 04       		.uleb128 0x4
 513 0070 08       		.byte	0x8
 514 0071 07       		.byte	0x7
 515 0072 F6010000 		.4byte	.LASF8
 516 0076 04       		.uleb128 0x4
 517 0077 04       		.byte	0x4
 518 0078 07       		.byte	0x7
 519 0079 1A020000 		.4byte	.LASF9
 520 007d 05       		.uleb128 0x5
 521 007e 04       		.byte	0x4
 522 007f 04       		.uleb128 0x4
 523 0080 01       		.byte	0x1
 524 0081 08       		.byte	0x8
 525 0082 7B020000 		.4byte	.LASF10
 526 0086 03       		.uleb128 0x3
 527 0087 AD000000 		.4byte	.LASF12
 528 008b 03       		.byte	0x3
 529 008c C2       		.byte	0xc2
 530 008d 45000000 		.4byte	0x45
 531 0091 03       		.uleb128 0x3
 532 0092 FC000000 		.4byte	.LASF13
 533 0096 03       		.byte	0x3
 534 0097 C3       		.byte	0xc3
 535 0098 53000000 		.4byte	0x53
 536 009c 03       		.uleb128 0x3
 537 009d 0D010000 		.4byte	.LASF14
 538 00a1 03       		.byte	0x3
 539 00a2 C4       		.byte	0xc4
 540 00a3 61000000 		.4byte	0x61
 541 00a7 04       		.uleb128 0x4
 542 00a8 04       		.byte	0x4
 543 00a9 04       		.byte	0x4
 544 00aa 6A000000 		.4byte	.LASF15
 545 00ae 04       		.uleb128 0x4
 546 00af 08       		.byte	0x8
 547 00b0 04       		.byte	0x4
 548 00b1 E8000000 		.4byte	.LASF16
 549 00b5 06       		.uleb128 0x6
 550 00b6 8E000000 		.4byte	.LASF17
ARM GAS  C:\Users\cuskrawn\AppData\Local\Temp\ccewH4La.s 			page 17


 551 00ba 03       		.byte	0x3
 552 00bb 6C01     		.2byte	0x16c
 553 00bd C1000000 		.4byte	0xc1
 554 00c1 07       		.uleb128 0x7
 555 00c2 86000000 		.4byte	0x86
 556 00c6 06       		.uleb128 0x6
 557 00c7 00000000 		.4byte	.LASF18
 558 00cb 03       		.byte	0x3
 559 00cc 6D01     		.2byte	0x16d
 560 00ce D2000000 		.4byte	0xd2
 561 00d2 07       		.uleb128 0x7
 562 00d3 91000000 		.4byte	0x91
 563 00d7 08       		.uleb128 0x8
 564 00d8 70000000 		.4byte	.LASF19
 565 00dc 01       		.byte	0x1
 566 00dd 6A       		.byte	0x6a
 567 00de 00000000 		.4byte	.LFB3
 568 00e2 02000000 		.4byte	.LFE3-.LFB3
 569 00e6 01       		.uleb128 0x1
 570 00e7 9C       		.byte	0x9c
 571 00e8 FA000000 		.4byte	0xfa
 572 00ec 09       		.uleb128 0x9
 573 00ed 03010000 		.4byte	.LASF22
 574 00f1 01       		.byte	0x1
 575 00f2 6A       		.byte	0x6a
 576 00f3 86000000 		.4byte	0x86
 577 00f7 01       		.uleb128 0x1
 578 00f8 50       		.byte	0x50
 579 00f9 00       		.byte	0
 580 00fa 08       		.uleb128 0x8
 581 00fb 1B000000 		.4byte	.LASF20
 582 00ff 01       		.byte	0x1
 583 0100 CD       		.byte	0xcd
 584 0101 00000000 		.4byte	.LFB5
 585 0105 44000000 		.4byte	.LFE5-.LFB5
 586 0109 01       		.uleb128 0x1
 587 010a 9C       		.byte	0x9c
 588 010b 1F010000 		.4byte	0x11f
 589 010f 0A       		.uleb128 0xa
 590 0110 80020000 		.4byte	.LASF24
 591 0114 01       		.byte	0x1
 592 0115 CF       		.byte	0xcf
 593 0116 86000000 		.4byte	0x86
 594 011a 00000000 		.4byte	.LLST0
 595 011e 00       		.byte	0
 596 011f 08       		.uleb128 0x8
 597 0120 B3000000 		.4byte	.LASF21
 598 0124 01       		.byte	0x1
 599 0125 3C       		.byte	0x3c
 600 0126 00000000 		.4byte	.LFB0
 601 012a 0C000000 		.4byte	.LFE0-.LFB0
 602 012e 01       		.uleb128 0x1
 603 012f 9C       		.byte	0x9c
 604 0130 6C010000 		.4byte	0x16c
 605 0134 0B       		.uleb128 0xb
 606 0135 7300     		.ascii	"s\000"
 607 0137 01       		.byte	0x1
ARM GAS  C:\Users\cuskrawn\AppData\Local\Temp\ccewH4La.s 			page 18


 608 0138 3C       		.byte	0x3c
 609 0139 7D000000 		.4byte	0x7d
 610 013d 13000000 		.4byte	.LLST1
 611 0141 0B       		.uleb128 0xb
 612 0142 6E00     		.ascii	"n\000"
 613 0144 01       		.byte	0x1
 614 0145 3C       		.byte	0x3c
 615 0146 2C000000 		.4byte	0x2c
 616 014a 34000000 		.4byte	.LLST2
 617 014e 0C       		.uleb128 0xc
 618 014f 0A000000 		.4byte	.LVL5
 619 0153 65030000 		.4byte	0x365
 620 0157 0D       		.uleb128 0xd
 621 0158 01       		.uleb128 0x1
 622 0159 52       		.byte	0x52
 623 015a 03       		.uleb128 0x3
 624 015b F3       		.byte	0xf3
 625 015c 01       		.uleb128 0x1
 626 015d 51       		.byte	0x51
 627 015e 0D       		.uleb128 0xd
 628 015f 01       		.uleb128 0x1
 629 0160 51       		.byte	0x51
 630 0161 01       		.uleb128 0x1
 631 0162 30       		.byte	0x30
 632 0163 0D       		.uleb128 0xd
 633 0164 01       		.uleb128 0x1
 634 0165 50       		.byte	0x50
 635 0166 03       		.uleb128 0x3
 636 0167 F3       		.byte	0xf3
 637 0168 01       		.uleb128 0x1
 638 0169 50       		.byte	0x50
 639 016a 00       		.byte	0
 640 016b 00       		.byte	0
 641 016c 08       		.uleb128 0x8
 642 016d 44000000 		.4byte	.LASF23
 643 0171 01       		.byte	0x1
 644 0172 92       		.byte	0x92
 645 0173 00000000 		.4byte	.LFB4
 646 0177 9C000000 		.4byte	.LFE4-.LFB4
 647 017b 01       		.uleb128 0x1
 648 017c 9C       		.byte	0x9c
 649 017d C4010000 		.4byte	0x1c4
 650 0181 0A       		.uleb128 0xa
 651 0182 2C000000 		.4byte	.LASF25
 652 0186 01       		.byte	0x1
 653 0187 94       		.byte	0x94
 654 0188 9C000000 		.4byte	0x9c
 655 018c 60000000 		.4byte	.LLST3
 656 0190 0A       		.uleb128 0xa
 657 0191 62000000 		.4byte	.LASF26
 658 0195 01       		.byte	0x1
 659 0196 95       		.byte	0x95
 660 0197 86000000 		.4byte	0x86
 661 019b 7F000000 		.4byte	.LLST4
 662 019f 0E       		.uleb128 0xe
 663 01a0 4C000000 		.4byte	.LVL10
 664 01a4 82030000 		.4byte	0x382
ARM GAS  C:\Users\cuskrawn\AppData\Local\Temp\ccewH4La.s 			page 19


 665 01a8 B4010000 		.4byte	0x1b4
 666 01ac 0D       		.uleb128 0xd
 667 01ad 01       		.uleb128 0x1
 668 01ae 50       		.byte	0x50
 669 01af 03       		.uleb128 0x3
 670 01b0 0A       		.byte	0xa
 671 01b1 E001     		.2byte	0x1e0
 672 01b3 00       		.byte	0
 673 01b4 0C       		.uleb128 0xc
 674 01b5 5C000000 		.4byte	.LVL12
 675 01b9 D7000000 		.4byte	0xd7
 676 01bd 0D       		.uleb128 0xd
 677 01be 01       		.uleb128 0x1
 678 01bf 50       		.byte	0x50
 679 01c0 01       		.uleb128 0x1
 680 01c1 33       		.byte	0x33
 681 01c2 00       		.byte	0
 682 01c3 00       		.byte	0
 683 01c4 08       		.uleb128 0x8
 684 01c5 A7020000 		.4byte	.LASF27
 685 01c9 01       		.byte	0x1
 686 01ca 43       		.byte	0x43
 687 01cb 00000000 		.4byte	.LFB1
 688 01cf 08000000 		.4byte	.LFE1-.LFB1
 689 01d3 01       		.uleb128 0x1
 690 01d4 9C       		.byte	0x9c
 691 01d5 24020000 		.4byte	0x224
 692 01d9 0F       		.uleb128 0xf
 693 01da 84000000 		.4byte	.LASF28
 694 01de 01       		.byte	0x1
 695 01df 43       		.byte	0x43
 696 01e0 7D000000 		.4byte	0x7d
 697 01e4 A9000000 		.4byte	.LLST5
 698 01e8 0B       		.uleb128 0xb
 699 01e9 73726300 		.ascii	"src\000"
 700 01ed 01       		.byte	0x1
 701 01ee 43       		.byte	0x43
 702 01ef 24020000 		.4byte	0x224
 703 01f3 CA000000 		.4byte	.LLST6
 704 01f7 0B       		.uleb128 0xb
 705 01f8 6E00     		.ascii	"n\000"
 706 01fa 01       		.byte	0x1
 707 01fb 43       		.byte	0x43
 708 01fc 2C000000 		.4byte	0x2c
 709 0200 EB000000 		.4byte	.LLST7
 710 0204 0C       		.uleb128 0xc
 711 0205 06000000 		.4byte	.LVL15
 712 0209 93030000 		.4byte	0x393
 713 020d 0D       		.uleb128 0xd
 714 020e 01       		.uleb128 0x1
 715 020f 52       		.byte	0x52
 716 0210 03       		.uleb128 0x3
 717 0211 F3       		.byte	0xf3
 718 0212 01       		.uleb128 0x1
 719 0213 52       		.byte	0x52
 720 0214 0D       		.uleb128 0xd
 721 0215 01       		.uleb128 0x1
ARM GAS  C:\Users\cuskrawn\AppData\Local\Temp\ccewH4La.s 			page 20


 722 0216 51       		.byte	0x51
 723 0217 03       		.uleb128 0x3
 724 0218 F3       		.byte	0xf3
 725 0219 01       		.uleb128 0x1
 726 021a 51       		.byte	0x51
 727 021b 0D       		.uleb128 0xd
 728 021c 01       		.uleb128 0x1
 729 021d 50       		.byte	0x50
 730 021e 03       		.uleb128 0x3
 731 021f F3       		.byte	0xf3
 732 0220 01       		.uleb128 0x1
 733 0221 50       		.byte	0x50
 734 0222 00       		.byte	0
 735 0223 00       		.byte	0
 736 0224 10       		.uleb128 0x10
 737 0225 04       		.byte	0x4
 738 0226 2A020000 		.4byte	0x22a
 739 022a 11       		.uleb128 0x11
 740 022b 12       		.uleb128 0x12
 741 022c BD000000 		.4byte	.LASF31
 742 0230 01       		.byte	0x1
 743 0231 EB       		.byte	0xeb
 744 0232 00000000 		.4byte	.LFB6
 745 0236 1C000000 		.4byte	.LFE6-.LFB6
 746 023a 01       		.uleb128 0x1
 747 023b 9C       		.byte	0x9c
 748 023c 5B020000 		.4byte	0x25b
 749 0240 09       		.uleb128 0x9
 750 0241 6A020000 		.4byte	.LASF29
 751 0245 01       		.byte	0x1
 752 0246 EB       		.byte	0xeb
 753 0247 86000000 		.4byte	0x86
 754 024b 01       		.uleb128 0x1
 755 024c 50       		.byte	0x50
 756 024d 13       		.uleb128 0x13
 757 024e 9E020000 		.4byte	.LASF30
 758 0252 01       		.byte	0x1
 759 0253 ED       		.byte	0xed
 760 0254 86000000 		.4byte	0x86
 761 0258 01       		.uleb128 0x1
 762 0259 53       		.byte	0x53
 763 025a 00       		.byte	0
 764 025b 14       		.uleb128 0x14
 765 025c EF000000 		.4byte	.LASF32
 766 0260 01       		.byte	0x1
 767 0261 0D01     		.2byte	0x10d
 768 0263 00000000 		.4byte	.LFB7
 769 0267 B8000000 		.4byte	.LFE7-.LFB7
 770 026b 01       		.uleb128 0x1
 771 026c 9C       		.byte	0x9c
 772 026d 65030000 		.4byte	0x365
 773 0271 15       		.uleb128 0x15
 774 0272 0E000000 		.4byte	.LBB2
 775 0276 4E000000 		.4byte	.LBE2-.LBB2
 776 027a 11030000 		.4byte	0x311
 777 027e 16       		.uleb128 0x16
 778 027f 06       		.byte	0x6
ARM GAS  C:\Users\cuskrawn\AppData\Local\Temp\ccewH4La.s 			page 21


 779 0280 01       		.byte	0x1
 780 0281 1901     		.2byte	0x119
 781 0283 A2020000 		.4byte	0x2a2
 782 0287 17       		.uleb128 0x17
 783 0288 93000000 		.4byte	.LASF33
 784 028c 01       		.byte	0x1
 785 028d 1A01     		.2byte	0x11a
 786 028f 7D000000 		.4byte	0x7d
 787 0293 00       		.byte	0
 788 0294 17       		.uleb128 0x17
 789 0295 89000000 		.4byte	.LASF34
 790 0299 01       		.byte	0x1
 791 029a 1B01     		.2byte	0x11b
 792 029c 91000000 		.4byte	0x91
 793 02a0 04       		.byte	0x4
 794 02a1 00       		.byte	0
 795 02a2 06       		.uleb128 0x6
 796 02a3 0D020000 		.4byte	.LASF35
 797 02a7 01       		.byte	0x1
 798 02a8 1C01     		.2byte	0x11c
 799 02aa 7E020000 		.4byte	0x27e
 800 02ae 18       		.uleb128 0x18
 801 02af A2020000 		.4byte	0x2a2
 802 02b3 BE020000 		.4byte	0x2be
 803 02b7 19       		.uleb128 0x19
 804 02b8 76000000 		.4byte	0x76
 805 02bc 07       		.byte	0x7
 806 02bd 00       		.byte	0
 807 02be 1A       		.uleb128 0x1a
 808 02bf 34000000 		.4byte	.LASF36
 809 02c3 01       		.byte	0x1
 810 02c4 1E01     		.2byte	0x11e
 811 02c6 D0020000 		.4byte	0x2d0
 812 02ca 05       		.uleb128 0x5
 813 02cb 03       		.byte	0x3
 814 02cc 00000000 		.4byte	cfg_memset_list.4859
 815 02d0 1B       		.uleb128 0x1b
 816 02d1 AE020000 		.4byte	0x2ae
 817 02d5 1C       		.uleb128 0x1c
 818 02d6 6900     		.ascii	"i\000"
 819 02d8 01       		.byte	0x1
 820 02d9 2A01     		.2byte	0x12a
 821 02db 86000000 		.4byte	0x86
 822 02df 0C010000 		.4byte	.LLST8
 823 02e3 1D       		.uleb128 0x1d
 824 02e4 12000000 		.4byte	.LBB3
 825 02e8 16000000 		.4byte	.LBE3-.LBB3
 826 02ec 1C       		.uleb128 0x1c
 827 02ed 6D7300   		.ascii	"ms\000"
 828 02f0 01       		.byte	0x1
 829 02f1 2F01     		.2byte	0x12f
 830 02f3 FB020000 		.4byte	0x2fb
 831 02f7 36010000 		.4byte	.LLST9
 832 02fb 10       		.uleb128 0x10
 833 02fc 04       		.byte	0x4
 834 02fd 01030000 		.4byte	0x301
 835 0301 1B       		.uleb128 0x1b
ARM GAS  C:\Users\cuskrawn\AppData\Local\Temp\ccewH4La.s 			page 22


 836 0302 A2020000 		.4byte	0x2a2
 837 0306 1E       		.uleb128 0x1e
 838 0307 28000000 		.4byte	.LVL22
 839 030b 1F010000 		.4byte	0x11f
 840 030f 00       		.byte	0
 841 0310 00       		.byte	0
 842 0311 0E       		.uleb128 0xe
 843 0312 68000000 		.4byte	.LVL26
 844 0316 C4010000 		.4byte	0x1c4
 845 031a 34030000 		.4byte	0x334
 846 031e 0D       		.uleb128 0xd
 847 031f 01       		.uleb128 0x1
 848 0320 52       		.byte	0x52
 849 0321 01       		.uleb128 0x1
 850 0322 38       		.byte	0x38
 851 0323 0D       		.uleb128 0xd
 852 0324 01       		.uleb128 0x1
 853 0325 51       		.byte	0x51
 854 0326 03       		.uleb128 0x3
 855 0327 42       		.byte	0x42
 856 0328 4A       		.byte	0x4a
 857 0329 24       		.byte	0x24
 858 032a 0D       		.uleb128 0xd
 859 032b 01       		.uleb128 0x1
 860 032c 50       		.byte	0x50
 861 032d 05       		.uleb128 0x5
 862 032e 0C       		.byte	0xc
 863 032f 02510040 		.4byte	0x40005102
 864 0333 00       		.byte	0
 865 0334 1E       		.uleb128 0x1e
 866 0335 7C000000 		.4byte	.LVL27
 867 0339 6C010000 		.4byte	0x16c
 868 033d 1E       		.uleb128 0x1e
 869 033e 88000000 		.4byte	.LVL28
 870 0342 FA000000 		.4byte	0xfa
 871 0346 0C       		.uleb128 0xc
 872 0347 92000000 		.4byte	.LVL29
 873 034b C4010000 		.4byte	0x1c4
 874 034f 0D       		.uleb128 0xd
 875 0350 01       		.uleb128 0x1
 876 0351 52       		.byte	0x52
 877 0352 01       		.uleb128 0x1
 878 0353 3E       		.byte	0x3e
 879 0354 0D       		.uleb128 0xd
 880 0355 01       		.uleb128 0x1
 881 0356 51       		.byte	0x51
 882 0357 02       		.uleb128 0x2
 883 0358 74       		.byte	0x74
 884 0359 00       		.sleb128 0
 885 035a 0D       		.uleb128 0xd
 886 035b 01       		.uleb128 0x1
 887 035c 50       		.byte	0x50
 888 035d 05       		.uleb128 0x5
 889 035e 0C       		.byte	0xc
 890 035f B0430040 		.4byte	0x400043b0
 891 0363 00       		.byte	0
 892 0364 00       		.byte	0
ARM GAS  C:\Users\cuskrawn\AppData\Local\Temp\ccewH4La.s 			page 23


 893 0365 1F       		.uleb128 0x1f
 894 0366 E1000000 		.4byte	.LASF37
 895 036a 7D000000 		.4byte	0x7d
 896 036e 82030000 		.4byte	0x382
 897 0372 20       		.uleb128 0x20
 898 0373 7D000000 		.4byte	0x7d
 899 0377 20       		.uleb128 0x20
 900 0378 25000000 		.4byte	0x25
 901 037c 20       		.uleb128 0x20
 902 037d 76000000 		.4byte	0x76
 903 0381 00       		.byte	0
 904 0382 21       		.uleb128 0x21
 905 0383 06000000 		.4byte	.LASF38
 906 0387 04       		.byte	0x4
 907 0388 7A       		.byte	0x7a
 908 0389 93030000 		.4byte	0x393
 909 038d 20       		.uleb128 0x20
 910 038e 9C000000 		.4byte	0x9c
 911 0392 00       		.byte	0
 912 0393 22       		.uleb128 0x22
 913 0394 31020000 		.4byte	.LASF42
 914 0398 7D000000 		.4byte	0x7d
 915 039c 20       		.uleb128 0x20
 916 039d 7D000000 		.4byte	0x7d
 917 03a1 20       		.uleb128 0x20
 918 03a2 24020000 		.4byte	0x224
 919 03a6 20       		.uleb128 0x20
 920 03a7 76000000 		.4byte	0x76
 921 03ab 00       		.byte	0
 922 03ac 00       		.byte	0
 923              		.section	.debug_abbrev,"",%progbits
 924              	.Ldebug_abbrev0:
 925 0000 01       		.uleb128 0x1
 926 0001 11       		.uleb128 0x11
 927 0002 01       		.byte	0x1
 928 0003 25       		.uleb128 0x25
 929 0004 0E       		.uleb128 0xe
 930 0005 13       		.uleb128 0x13
 931 0006 0B       		.uleb128 0xb
 932 0007 03       		.uleb128 0x3
 933 0008 0E       		.uleb128 0xe
 934 0009 1B       		.uleb128 0x1b
 935 000a 0E       		.uleb128 0xe
 936 000b 55       		.uleb128 0x55
 937 000c 17       		.uleb128 0x17
 938 000d 11       		.uleb128 0x11
 939 000e 01       		.uleb128 0x1
 940 000f 10       		.uleb128 0x10
 941 0010 17       		.uleb128 0x17
 942 0011 00       		.byte	0
 943 0012 00       		.byte	0
 944 0013 02       		.uleb128 0x2
 945 0014 24       		.uleb128 0x24
 946 0015 00       		.byte	0
 947 0016 0B       		.uleb128 0xb
 948 0017 0B       		.uleb128 0xb
 949 0018 3E       		.uleb128 0x3e
ARM GAS  C:\Users\cuskrawn\AppData\Local\Temp\ccewH4La.s 			page 24


 950 0019 0B       		.uleb128 0xb
 951 001a 03       		.uleb128 0x3
 952 001b 08       		.uleb128 0x8
 953 001c 00       		.byte	0
 954 001d 00       		.byte	0
 955 001e 03       		.uleb128 0x3
 956 001f 16       		.uleb128 0x16
 957 0020 00       		.byte	0
 958 0021 03       		.uleb128 0x3
 959 0022 0E       		.uleb128 0xe
 960 0023 3A       		.uleb128 0x3a
 961 0024 0B       		.uleb128 0xb
 962 0025 3B       		.uleb128 0x3b
 963 0026 0B       		.uleb128 0xb
 964 0027 49       		.uleb128 0x49
 965 0028 13       		.uleb128 0x13
 966 0029 00       		.byte	0
 967 002a 00       		.byte	0
 968 002b 04       		.uleb128 0x4
 969 002c 24       		.uleb128 0x24
 970 002d 00       		.byte	0
 971 002e 0B       		.uleb128 0xb
 972 002f 0B       		.uleb128 0xb
 973 0030 3E       		.uleb128 0x3e
 974 0031 0B       		.uleb128 0xb
 975 0032 03       		.uleb128 0x3
 976 0033 0E       		.uleb128 0xe
 977 0034 00       		.byte	0
 978 0035 00       		.byte	0
 979 0036 05       		.uleb128 0x5
 980 0037 0F       		.uleb128 0xf
 981 0038 00       		.byte	0
 982 0039 0B       		.uleb128 0xb
 983 003a 0B       		.uleb128 0xb
 984 003b 00       		.byte	0
 985 003c 00       		.byte	0
 986 003d 06       		.uleb128 0x6
 987 003e 16       		.uleb128 0x16
 988 003f 00       		.byte	0
 989 0040 03       		.uleb128 0x3
 990 0041 0E       		.uleb128 0xe
 991 0042 3A       		.uleb128 0x3a
 992 0043 0B       		.uleb128 0xb
 993 0044 3B       		.uleb128 0x3b
 994 0045 05       		.uleb128 0x5
 995 0046 49       		.uleb128 0x49
 996 0047 13       		.uleb128 0x13
 997 0048 00       		.byte	0
 998 0049 00       		.byte	0
 999 004a 07       		.uleb128 0x7
 1000 004b 35       		.uleb128 0x35
 1001 004c 00       		.byte	0
 1002 004d 49       		.uleb128 0x49
 1003 004e 13       		.uleb128 0x13
 1004 004f 00       		.byte	0
 1005 0050 00       		.byte	0
 1006 0051 08       		.uleb128 0x8
ARM GAS  C:\Users\cuskrawn\AppData\Local\Temp\ccewH4La.s 			page 25


 1007 0052 2E       		.uleb128 0x2e
 1008 0053 01       		.byte	0x1
 1009 0054 03       		.uleb128 0x3
 1010 0055 0E       		.uleb128 0xe
 1011 0056 3A       		.uleb128 0x3a
 1012 0057 0B       		.uleb128 0xb
 1013 0058 3B       		.uleb128 0x3b
 1014 0059 0B       		.uleb128 0xb
 1015 005a 27       		.uleb128 0x27
 1016 005b 19       		.uleb128 0x19
 1017 005c 11       		.uleb128 0x11
 1018 005d 01       		.uleb128 0x1
 1019 005e 12       		.uleb128 0x12
 1020 005f 06       		.uleb128 0x6
 1021 0060 40       		.uleb128 0x40
 1022 0061 18       		.uleb128 0x18
 1023 0062 9742     		.uleb128 0x2117
 1024 0064 19       		.uleb128 0x19
 1025 0065 01       		.uleb128 0x1
 1026 0066 13       		.uleb128 0x13
 1027 0067 00       		.byte	0
 1028 0068 00       		.byte	0
 1029 0069 09       		.uleb128 0x9
 1030 006a 05       		.uleb128 0x5
 1031 006b 00       		.byte	0
 1032 006c 03       		.uleb128 0x3
 1033 006d 0E       		.uleb128 0xe
 1034 006e 3A       		.uleb128 0x3a
 1035 006f 0B       		.uleb128 0xb
 1036 0070 3B       		.uleb128 0x3b
 1037 0071 0B       		.uleb128 0xb
 1038 0072 49       		.uleb128 0x49
 1039 0073 13       		.uleb128 0x13
 1040 0074 02       		.uleb128 0x2
 1041 0075 18       		.uleb128 0x18
 1042 0076 00       		.byte	0
 1043 0077 00       		.byte	0
 1044 0078 0A       		.uleb128 0xa
 1045 0079 34       		.uleb128 0x34
 1046 007a 00       		.byte	0
 1047 007b 03       		.uleb128 0x3
 1048 007c 0E       		.uleb128 0xe
 1049 007d 3A       		.uleb128 0x3a
 1050 007e 0B       		.uleb128 0xb
 1051 007f 3B       		.uleb128 0x3b
 1052 0080 0B       		.uleb128 0xb
 1053 0081 49       		.uleb128 0x49
 1054 0082 13       		.uleb128 0x13
 1055 0083 02       		.uleb128 0x2
 1056 0084 17       		.uleb128 0x17
 1057 0085 00       		.byte	0
 1058 0086 00       		.byte	0
 1059 0087 0B       		.uleb128 0xb
 1060 0088 05       		.uleb128 0x5
 1061 0089 00       		.byte	0
 1062 008a 03       		.uleb128 0x3
 1063 008b 08       		.uleb128 0x8
ARM GAS  C:\Users\cuskrawn\AppData\Local\Temp\ccewH4La.s 			page 26


 1064 008c 3A       		.uleb128 0x3a
 1065 008d 0B       		.uleb128 0xb
 1066 008e 3B       		.uleb128 0x3b
 1067 008f 0B       		.uleb128 0xb
 1068 0090 49       		.uleb128 0x49
 1069 0091 13       		.uleb128 0x13
 1070 0092 02       		.uleb128 0x2
 1071 0093 17       		.uleb128 0x17
 1072 0094 00       		.byte	0
 1073 0095 00       		.byte	0
 1074 0096 0C       		.uleb128 0xc
 1075 0097 898201   		.uleb128 0x4109
 1076 009a 01       		.byte	0x1
 1077 009b 11       		.uleb128 0x11
 1078 009c 01       		.uleb128 0x1
 1079 009d 31       		.uleb128 0x31
 1080 009e 13       		.uleb128 0x13
 1081 009f 00       		.byte	0
 1082 00a0 00       		.byte	0
 1083 00a1 0D       		.uleb128 0xd
 1084 00a2 8A8201   		.uleb128 0x410a
 1085 00a5 00       		.byte	0
 1086 00a6 02       		.uleb128 0x2
 1087 00a7 18       		.uleb128 0x18
 1088 00a8 9142     		.uleb128 0x2111
 1089 00aa 18       		.uleb128 0x18
 1090 00ab 00       		.byte	0
 1091 00ac 00       		.byte	0
 1092 00ad 0E       		.uleb128 0xe
 1093 00ae 898201   		.uleb128 0x4109
 1094 00b1 01       		.byte	0x1
 1095 00b2 11       		.uleb128 0x11
 1096 00b3 01       		.uleb128 0x1
 1097 00b4 31       		.uleb128 0x31
 1098 00b5 13       		.uleb128 0x13
 1099 00b6 01       		.uleb128 0x1
 1100 00b7 13       		.uleb128 0x13
 1101 00b8 00       		.byte	0
 1102 00b9 00       		.byte	0
 1103 00ba 0F       		.uleb128 0xf
 1104 00bb 05       		.uleb128 0x5
 1105 00bc 00       		.byte	0
 1106 00bd 03       		.uleb128 0x3
 1107 00be 0E       		.uleb128 0xe
 1108 00bf 3A       		.uleb128 0x3a
 1109 00c0 0B       		.uleb128 0xb
 1110 00c1 3B       		.uleb128 0x3b
 1111 00c2 0B       		.uleb128 0xb
 1112 00c3 49       		.uleb128 0x49
 1113 00c4 13       		.uleb128 0x13
 1114 00c5 02       		.uleb128 0x2
 1115 00c6 17       		.uleb128 0x17
 1116 00c7 00       		.byte	0
 1117 00c8 00       		.byte	0
 1118 00c9 10       		.uleb128 0x10
 1119 00ca 0F       		.uleb128 0xf
 1120 00cb 00       		.byte	0
ARM GAS  C:\Users\cuskrawn\AppData\Local\Temp\ccewH4La.s 			page 27


 1121 00cc 0B       		.uleb128 0xb
 1122 00cd 0B       		.uleb128 0xb
 1123 00ce 49       		.uleb128 0x49
 1124 00cf 13       		.uleb128 0x13
 1125 00d0 00       		.byte	0
 1126 00d1 00       		.byte	0
 1127 00d2 11       		.uleb128 0x11
 1128 00d3 26       		.uleb128 0x26
 1129 00d4 00       		.byte	0
 1130 00d5 00       		.byte	0
 1131 00d6 00       		.byte	0
 1132 00d7 12       		.uleb128 0x12
 1133 00d8 2E       		.uleb128 0x2e
 1134 00d9 01       		.byte	0x1
 1135 00da 3F       		.uleb128 0x3f
 1136 00db 19       		.uleb128 0x19
 1137 00dc 03       		.uleb128 0x3
 1138 00dd 0E       		.uleb128 0xe
 1139 00de 3A       		.uleb128 0x3a
 1140 00df 0B       		.uleb128 0xb
 1141 00e0 3B       		.uleb128 0x3b
 1142 00e1 0B       		.uleb128 0xb
 1143 00e2 27       		.uleb128 0x27
 1144 00e3 19       		.uleb128 0x19
 1145 00e4 11       		.uleb128 0x11
 1146 00e5 01       		.uleb128 0x1
 1147 00e6 12       		.uleb128 0x12
 1148 00e7 06       		.uleb128 0x6
 1149 00e8 40       		.uleb128 0x40
 1150 00e9 18       		.uleb128 0x18
 1151 00ea 9742     		.uleb128 0x2117
 1152 00ec 19       		.uleb128 0x19
 1153 00ed 01       		.uleb128 0x1
 1154 00ee 13       		.uleb128 0x13
 1155 00ef 00       		.byte	0
 1156 00f0 00       		.byte	0
 1157 00f1 13       		.uleb128 0x13
 1158 00f2 34       		.uleb128 0x34
 1159 00f3 00       		.byte	0
 1160 00f4 03       		.uleb128 0x3
 1161 00f5 0E       		.uleb128 0xe
 1162 00f6 3A       		.uleb128 0x3a
 1163 00f7 0B       		.uleb128 0xb
 1164 00f8 3B       		.uleb128 0x3b
 1165 00f9 0B       		.uleb128 0xb
 1166 00fa 49       		.uleb128 0x49
 1167 00fb 13       		.uleb128 0x13
 1168 00fc 02       		.uleb128 0x2
 1169 00fd 18       		.uleb128 0x18
 1170 00fe 00       		.byte	0
 1171 00ff 00       		.byte	0
 1172 0100 14       		.uleb128 0x14
 1173 0101 2E       		.uleb128 0x2e
 1174 0102 01       		.byte	0x1
 1175 0103 3F       		.uleb128 0x3f
 1176 0104 19       		.uleb128 0x19
 1177 0105 03       		.uleb128 0x3
ARM GAS  C:\Users\cuskrawn\AppData\Local\Temp\ccewH4La.s 			page 28


 1178 0106 0E       		.uleb128 0xe
 1179 0107 3A       		.uleb128 0x3a
 1180 0108 0B       		.uleb128 0xb
 1181 0109 3B       		.uleb128 0x3b
 1182 010a 05       		.uleb128 0x5
 1183 010b 27       		.uleb128 0x27
 1184 010c 19       		.uleb128 0x19
 1185 010d 11       		.uleb128 0x11
 1186 010e 01       		.uleb128 0x1
 1187 010f 12       		.uleb128 0x12
 1188 0110 06       		.uleb128 0x6
 1189 0111 40       		.uleb128 0x40
 1190 0112 18       		.uleb128 0x18
 1191 0113 9742     		.uleb128 0x2117
 1192 0115 19       		.uleb128 0x19
 1193 0116 01       		.uleb128 0x1
 1194 0117 13       		.uleb128 0x13
 1195 0118 00       		.byte	0
 1196 0119 00       		.byte	0
 1197 011a 15       		.uleb128 0x15
 1198 011b 0B       		.uleb128 0xb
 1199 011c 01       		.byte	0x1
 1200 011d 11       		.uleb128 0x11
 1201 011e 01       		.uleb128 0x1
 1202 011f 12       		.uleb128 0x12
 1203 0120 06       		.uleb128 0x6
 1204 0121 01       		.uleb128 0x1
 1205 0122 13       		.uleb128 0x13
 1206 0123 00       		.byte	0
 1207 0124 00       		.byte	0
 1208 0125 16       		.uleb128 0x16
 1209 0126 13       		.uleb128 0x13
 1210 0127 01       		.byte	0x1
 1211 0128 0B       		.uleb128 0xb
 1212 0129 0B       		.uleb128 0xb
 1213 012a 3A       		.uleb128 0x3a
 1214 012b 0B       		.uleb128 0xb
 1215 012c 3B       		.uleb128 0x3b
 1216 012d 05       		.uleb128 0x5
 1217 012e 01       		.uleb128 0x1
 1218 012f 13       		.uleb128 0x13
 1219 0130 00       		.byte	0
 1220 0131 00       		.byte	0
 1221 0132 17       		.uleb128 0x17
 1222 0133 0D       		.uleb128 0xd
 1223 0134 00       		.byte	0
 1224 0135 03       		.uleb128 0x3
 1225 0136 0E       		.uleb128 0xe
 1226 0137 3A       		.uleb128 0x3a
 1227 0138 0B       		.uleb128 0xb
 1228 0139 3B       		.uleb128 0x3b
 1229 013a 05       		.uleb128 0x5
 1230 013b 49       		.uleb128 0x49
 1231 013c 13       		.uleb128 0x13
 1232 013d 38       		.uleb128 0x38
 1233 013e 0B       		.uleb128 0xb
 1234 013f 00       		.byte	0
ARM GAS  C:\Users\cuskrawn\AppData\Local\Temp\ccewH4La.s 			page 29


 1235 0140 00       		.byte	0
 1236 0141 18       		.uleb128 0x18
 1237 0142 01       		.uleb128 0x1
 1238 0143 01       		.byte	0x1
 1239 0144 49       		.uleb128 0x49
 1240 0145 13       		.uleb128 0x13
 1241 0146 01       		.uleb128 0x1
 1242 0147 13       		.uleb128 0x13
 1243 0148 00       		.byte	0
 1244 0149 00       		.byte	0
 1245 014a 19       		.uleb128 0x19
 1246 014b 21       		.uleb128 0x21
 1247 014c 00       		.byte	0
 1248 014d 49       		.uleb128 0x49
 1249 014e 13       		.uleb128 0x13
 1250 014f 2F       		.uleb128 0x2f
 1251 0150 0B       		.uleb128 0xb
 1252 0151 00       		.byte	0
 1253 0152 00       		.byte	0
 1254 0153 1A       		.uleb128 0x1a
 1255 0154 34       		.uleb128 0x34
 1256 0155 00       		.byte	0
 1257 0156 03       		.uleb128 0x3
 1258 0157 0E       		.uleb128 0xe
 1259 0158 3A       		.uleb128 0x3a
 1260 0159 0B       		.uleb128 0xb
 1261 015a 3B       		.uleb128 0x3b
 1262 015b 05       		.uleb128 0x5
 1263 015c 49       		.uleb128 0x49
 1264 015d 13       		.uleb128 0x13
 1265 015e 02       		.uleb128 0x2
 1266 015f 18       		.uleb128 0x18
 1267 0160 00       		.byte	0
 1268 0161 00       		.byte	0
 1269 0162 1B       		.uleb128 0x1b
 1270 0163 26       		.uleb128 0x26
 1271 0164 00       		.byte	0
 1272 0165 49       		.uleb128 0x49
 1273 0166 13       		.uleb128 0x13
 1274 0167 00       		.byte	0
 1275 0168 00       		.byte	0
 1276 0169 1C       		.uleb128 0x1c
 1277 016a 34       		.uleb128 0x34
 1278 016b 00       		.byte	0
 1279 016c 03       		.uleb128 0x3
 1280 016d 08       		.uleb128 0x8
 1281 016e 3A       		.uleb128 0x3a
 1282 016f 0B       		.uleb128 0xb
 1283 0170 3B       		.uleb128 0x3b
 1284 0171 05       		.uleb128 0x5
 1285 0172 49       		.uleb128 0x49
 1286 0173 13       		.uleb128 0x13
 1287 0174 02       		.uleb128 0x2
 1288 0175 17       		.uleb128 0x17
 1289 0176 00       		.byte	0
 1290 0177 00       		.byte	0
 1291 0178 1D       		.uleb128 0x1d
ARM GAS  C:\Users\cuskrawn\AppData\Local\Temp\ccewH4La.s 			page 30


 1292 0179 0B       		.uleb128 0xb
 1293 017a 01       		.byte	0x1
 1294 017b 11       		.uleb128 0x11
 1295 017c 01       		.uleb128 0x1
 1296 017d 12       		.uleb128 0x12
 1297 017e 06       		.uleb128 0x6
 1298 017f 00       		.byte	0
 1299 0180 00       		.byte	0
 1300 0181 1E       		.uleb128 0x1e
 1301 0182 898201   		.uleb128 0x4109
 1302 0185 00       		.byte	0
 1303 0186 11       		.uleb128 0x11
 1304 0187 01       		.uleb128 0x1
 1305 0188 31       		.uleb128 0x31
 1306 0189 13       		.uleb128 0x13
 1307 018a 00       		.byte	0
 1308 018b 00       		.byte	0
 1309 018c 1F       		.uleb128 0x1f
 1310 018d 2E       		.uleb128 0x2e
 1311 018e 01       		.byte	0x1
 1312 018f 3F       		.uleb128 0x3f
 1313 0190 19       		.uleb128 0x19
 1314 0191 03       		.uleb128 0x3
 1315 0192 0E       		.uleb128 0xe
 1316 0193 27       		.uleb128 0x27
 1317 0194 19       		.uleb128 0x19
 1318 0195 49       		.uleb128 0x49
 1319 0196 13       		.uleb128 0x13
 1320 0197 34       		.uleb128 0x34
 1321 0198 19       		.uleb128 0x19
 1322 0199 3C       		.uleb128 0x3c
 1323 019a 19       		.uleb128 0x19
 1324 019b 01       		.uleb128 0x1
 1325 019c 13       		.uleb128 0x13
 1326 019d 00       		.byte	0
 1327 019e 00       		.byte	0
 1328 019f 20       		.uleb128 0x20
 1329 01a0 05       		.uleb128 0x5
 1330 01a1 00       		.byte	0
 1331 01a2 49       		.uleb128 0x49
 1332 01a3 13       		.uleb128 0x13
 1333 01a4 00       		.byte	0
 1334 01a5 00       		.byte	0
 1335 01a6 21       		.uleb128 0x21
 1336 01a7 2E       		.uleb128 0x2e
 1337 01a8 01       		.byte	0x1
 1338 01a9 3F       		.uleb128 0x3f
 1339 01aa 19       		.uleb128 0x19
 1340 01ab 03       		.uleb128 0x3
 1341 01ac 0E       		.uleb128 0xe
 1342 01ad 3A       		.uleb128 0x3a
 1343 01ae 0B       		.uleb128 0xb
 1344 01af 3B       		.uleb128 0x3b
 1345 01b0 0B       		.uleb128 0xb
 1346 01b1 27       		.uleb128 0x27
 1347 01b2 19       		.uleb128 0x19
 1348 01b3 3C       		.uleb128 0x3c
ARM GAS  C:\Users\cuskrawn\AppData\Local\Temp\ccewH4La.s 			page 31


 1349 01b4 19       		.uleb128 0x19
 1350 01b5 01       		.uleb128 0x1
 1351 01b6 13       		.uleb128 0x13
 1352 01b7 00       		.byte	0
 1353 01b8 00       		.byte	0
 1354 01b9 22       		.uleb128 0x22
 1355 01ba 2E       		.uleb128 0x2e
 1356 01bb 01       		.byte	0x1
 1357 01bc 3F       		.uleb128 0x3f
 1358 01bd 19       		.uleb128 0x19
 1359 01be 03       		.uleb128 0x3
 1360 01bf 0E       		.uleb128 0xe
 1361 01c0 27       		.uleb128 0x27
 1362 01c1 19       		.uleb128 0x19
 1363 01c2 49       		.uleb128 0x49
 1364 01c3 13       		.uleb128 0x13
 1365 01c4 34       		.uleb128 0x34
 1366 01c5 19       		.uleb128 0x19
 1367 01c6 3C       		.uleb128 0x3c
 1368 01c7 19       		.uleb128 0x19
 1369 01c8 00       		.byte	0
 1370 01c9 00       		.byte	0
 1371 01ca 00       		.byte	0
 1372              		.section	.debug_loc,"",%progbits
 1373              	.Ldebug_loc0:
 1374              	.LLST0:
 1375 0000 06000000 		.4byte	.LVL1
 1376 0004 10000000 		.4byte	.LVL2
 1377 0008 0100     		.2byte	0x1
 1378 000a 53       		.byte	0x53
 1379 000b 00000000 		.4byte	0
 1380 000f 00000000 		.4byte	0
 1381              	.LLST1:
 1382 0013 00000000 		.4byte	.LVL3
 1383 0017 09000000 		.4byte	.LVL5-1
 1384 001b 0100     		.2byte	0x1
 1385 001d 50       		.byte	0x50
 1386 001e 09000000 		.4byte	.LVL5-1
 1387 0022 0C000000 		.4byte	.LFE0
 1388 0026 0400     		.2byte	0x4
 1389 0028 F3       		.byte	0xf3
 1390 0029 01       		.uleb128 0x1
 1391 002a 50       		.byte	0x50
 1392 002b 9F       		.byte	0x9f
 1393 002c 00000000 		.4byte	0
 1394 0030 00000000 		.4byte	0
 1395              	.LLST2:
 1396 0034 00000000 		.4byte	.LVL3
 1397 0038 06000000 		.4byte	.LVL4
 1398 003c 0100     		.2byte	0x1
 1399 003e 51       		.byte	0x51
 1400 003f 06000000 		.4byte	.LVL4
 1401 0043 09000000 		.4byte	.LVL5-1
 1402 0047 0100     		.2byte	0x1
 1403 0049 52       		.byte	0x52
 1404 004a 09000000 		.4byte	.LVL5-1
 1405 004e 0C000000 		.4byte	.LFE0
ARM GAS  C:\Users\cuskrawn\AppData\Local\Temp\ccewH4La.s 			page 32


 1406 0052 0400     		.2byte	0x4
 1407 0054 F3       		.byte	0xf3
 1408 0055 01       		.uleb128 0x1
 1409 0056 51       		.byte	0x51
 1410 0057 9F       		.byte	0x9f
 1411 0058 00000000 		.4byte	0
 1412 005c 00000000 		.4byte	0
 1413              	.LLST3:
 1414 0060 2E000000 		.4byte	.LVL6
 1415 0064 34000000 		.4byte	.LVL7
 1416 0068 0200     		.2byte	0x2
 1417 006a 49       		.byte	0x49
 1418 006b 9F       		.byte	0x9f
 1419 006c 34000000 		.4byte	.LVL7
 1420 0070 7E000000 		.4byte	.LVL13
 1421 0074 0100     		.2byte	0x1
 1422 0076 55       		.byte	0x55
 1423 0077 00000000 		.4byte	0
 1424 007b 00000000 		.4byte	0
 1425              	.LLST4:
 1426 007f 2E000000 		.4byte	.LVL6
 1427 0083 34000000 		.4byte	.LVL7
 1428 0087 0200     		.2byte	0x2
 1429 0089 30       		.byte	0x30
 1430 008a 9F       		.byte	0x9f
 1431 008b 34000000 		.4byte	.LVL7
 1432 008f 40000000 		.4byte	.LVL8
 1433 0093 0100     		.2byte	0x1
 1434 0095 54       		.byte	0x54
 1435 0096 44000000 		.4byte	.LVL9
 1436 009a 7E000000 		.4byte	.LVL13
 1437 009e 0100     		.2byte	0x1
 1438 00a0 54       		.byte	0x54
 1439 00a1 00000000 		.4byte	0
 1440 00a5 00000000 		.4byte	0
 1441              	.LLST5:
 1442 00a9 00000000 		.4byte	.LVL14
 1443 00ad 05000000 		.4byte	.LVL15-1
 1444 00b1 0100     		.2byte	0x1
 1445 00b3 50       		.byte	0x50
 1446 00b4 05000000 		.4byte	.LVL15-1
 1447 00b8 08000000 		.4byte	.LFE1
 1448 00bc 0400     		.2byte	0x4
 1449 00be F3       		.byte	0xf3
 1450 00bf 01       		.uleb128 0x1
 1451 00c0 50       		.byte	0x50
 1452 00c1 9F       		.byte	0x9f
 1453 00c2 00000000 		.4byte	0
 1454 00c6 00000000 		.4byte	0
 1455              	.LLST6:
 1456 00ca 00000000 		.4byte	.LVL14
 1457 00ce 05000000 		.4byte	.LVL15-1
 1458 00d2 0100     		.2byte	0x1
 1459 00d4 51       		.byte	0x51
 1460 00d5 05000000 		.4byte	.LVL15-1
 1461 00d9 08000000 		.4byte	.LFE1
 1462 00dd 0400     		.2byte	0x4
ARM GAS  C:\Users\cuskrawn\AppData\Local\Temp\ccewH4La.s 			page 33


 1463 00df F3       		.byte	0xf3
 1464 00e0 01       		.uleb128 0x1
 1465 00e1 51       		.byte	0x51
 1466 00e2 9F       		.byte	0x9f
 1467 00e3 00000000 		.4byte	0
 1468 00e7 00000000 		.4byte	0
 1469              	.LLST7:
 1470 00eb 00000000 		.4byte	.LVL14
 1471 00ef 05000000 		.4byte	.LVL15-1
 1472 00f3 0100     		.2byte	0x1
 1473 00f5 52       		.byte	0x52
 1474 00f6 05000000 		.4byte	.LVL15-1
 1475 00fa 08000000 		.4byte	.LFE1
 1476 00fe 0400     		.2byte	0x4
 1477 0100 F3       		.byte	0xf3
 1478 0101 01       		.uleb128 0x1
 1479 0102 52       		.byte	0x52
 1480 0103 9F       		.byte	0x9f
 1481 0104 00000000 		.4byte	0
 1482 0108 00000000 		.4byte	0
 1483              	.LLST8:
 1484 010c 0E000000 		.4byte	.LVL20
 1485 0110 12000000 		.4byte	.LVL21
 1486 0114 0200     		.2byte	0x2
 1487 0116 30       		.byte	0x30
 1488 0117 9F       		.byte	0x9f
 1489 0118 12000000 		.4byte	.LVL21
 1490 011c 2A000000 		.4byte	.LVL23
 1491 0120 0100     		.2byte	0x1
 1492 0122 54       		.byte	0x54
 1493 0123 2C000000 		.4byte	.LVL24
 1494 0127 46000000 		.4byte	.LVL25
 1495 012b 0100     		.2byte	0x1
 1496 012d 54       		.byte	0x54
 1497 012e 00000000 		.4byte	0
 1498 0132 00000000 		.4byte	0
 1499              	.LLST9:
 1500 0136 12000000 		.4byte	.LVL21
 1501 013a 2A000000 		.4byte	.LVL23
 1502 013e 0B00     		.2byte	0xb
 1503 0140 74       		.byte	0x74
 1504 0141 00       		.sleb128 0
 1505 0142 36       		.byte	0x36
 1506 0143 1E       		.byte	0x1e
 1507 0144 03       		.byte	0x3
 1508 0145 00000000 		.4byte	cfg_memset_list.4859
 1509 0149 22       		.byte	0x22
 1510 014a 9F       		.byte	0x9f
 1511 014b 2A000000 		.4byte	.LVL23
 1512 014f 2C000000 		.4byte	.LVL24
 1513 0153 0B00     		.2byte	0xb
 1514 0155 74       		.byte	0x74
 1515 0156 7F       		.sleb128 -1
 1516 0157 36       		.byte	0x36
 1517 0158 1E       		.byte	0x1e
 1518 0159 03       		.byte	0x3
 1519 015a 00000000 		.4byte	cfg_memset_list.4859
ARM GAS  C:\Users\cuskrawn\AppData\Local\Temp\ccewH4La.s 			page 34


 1520 015e 22       		.byte	0x22
 1521 015f 9F       		.byte	0x9f
 1522 0160 00000000 		.4byte	0
 1523 0164 00000000 		.4byte	0
 1524              		.section	.debug_aranges,"",%progbits
 1525 0000 4C000000 		.4byte	0x4c
 1526 0004 0200     		.2byte	0x2
 1527 0006 00000000 		.4byte	.Ldebug_info0
 1528 000a 04       		.byte	0x4
 1529 000b 00       		.byte	0
 1530 000c 0000     		.2byte	0
 1531 000e 0000     		.2byte	0
 1532 0010 00000000 		.4byte	.LFB3
 1533 0014 02000000 		.4byte	.LFE3-.LFB3
 1534 0018 00000000 		.4byte	.LFB5
 1535 001c 44000000 		.4byte	.LFE5-.LFB5
 1536 0020 00000000 		.4byte	.LFB0
 1537 0024 0C000000 		.4byte	.LFE0-.LFB0
 1538 0028 00000000 		.4byte	.LFB4
 1539 002c 9C000000 		.4byte	.LFE4-.LFB4
 1540 0030 00000000 		.4byte	.LFB1
 1541 0034 08000000 		.4byte	.LFE1-.LFB1
 1542 0038 00000000 		.4byte	.LFB6
 1543 003c 1C000000 		.4byte	.LFE6-.LFB6
 1544 0040 00000000 		.4byte	.LFB7
 1545 0044 B8000000 		.4byte	.LFE7-.LFB7
 1546 0048 00000000 		.4byte	0
 1547 004c 00000000 		.4byte	0
 1548              		.section	.debug_ranges,"",%progbits
 1549              	.Ldebug_ranges0:
 1550 0000 00000000 		.4byte	.LFB3
 1551 0004 02000000 		.4byte	.LFE3
 1552 0008 00000000 		.4byte	.LFB5
 1553 000c 44000000 		.4byte	.LFE5
 1554 0010 00000000 		.4byte	.LFB0
 1555 0014 0C000000 		.4byte	.LFE0
 1556 0018 00000000 		.4byte	.LFB4
 1557 001c 9C000000 		.4byte	.LFE4
 1558 0020 00000000 		.4byte	.LFB1
 1559 0024 08000000 		.4byte	.LFE1
 1560 0028 00000000 		.4byte	.LFB6
 1561 002c 1C000000 		.4byte	.LFE6
 1562 0030 00000000 		.4byte	.LFB7
 1563 0034 B8000000 		.4byte	.LFE7
 1564 0038 00000000 		.4byte	0
 1565 003c 00000000 		.4byte	0
 1566              		.section	.debug_line,"",%progbits
 1567              	.Ldebug_line0:
 1568 0000 B0010000 		.section	.debug_str,"MS",%progbits,1
 1568      0200D800 
 1568      00000201 
 1568      FB0E0D00 
 1568      01010101 
 1569              	.LASF18:
 1570 0000 72656731 		.ascii	"reg16\000"
 1570      3600
 1571              	.LASF38:
ARM GAS  C:\Users\cuskrawn\AppData\Local\Temp\ccewH4La.s 			page 35


 1572 0006 43794465 		.ascii	"CyDelayCycles\000"
 1572      6C617943 
 1572      79636C65 
 1572      7300
 1573              	.LASF11:
 1574 0014 73697A65 		.ascii	"size_t\000"
 1574      5F7400
 1575              	.LASF20:
 1576 001b 416E616C 		.ascii	"AnalogSetDefault\000"
 1576      6F675365 
 1576      74446566 
 1576      61756C74 
 1576      00
 1577              	.LASF25:
 1578 002c 74696D65 		.ascii	"timeout\000"
 1578      6F757400 
 1579              	.LASF36:
 1580 0034 6366675F 		.ascii	"cfg_memset_list\000"
 1580      6D656D73 
 1580      65745F6C 
 1580      69737400 
 1581              	.LASF23:
 1582 0044 436C6F63 		.ascii	"ClockSetup\000"
 1582      6B536574 
 1582      757000
 1583              	.LASF4:
 1584 004f 73686F72 		.ascii	"short unsigned int\000"
 1584      7420756E 
 1584      7369676E 
 1584      65642069 
 1584      6E7400
 1585              	.LASF26:
 1586 0062 706C6C4C 		.ascii	"pllLock\000"
 1586      6F636B00 
 1587              	.LASF15:
 1588 006a 666C6F61 		.ascii	"float\000"
 1588      7400
 1589              	.LASF19:
 1590 0070 4379436C 		.ascii	"CyClockStartupError\000"
 1590      6F636B53 
 1590      74617274 
 1590      75704572 
 1590      726F7200 
 1591              	.LASF28:
 1592 0084 64657374 		.ascii	"dest\000"
 1592      00
 1593              	.LASF34:
 1594 0089 73697A65 		.ascii	"size\000"
 1594      00
 1595              	.LASF17:
 1596 008e 72656738 		.ascii	"reg8\000"
 1596      00
 1597              	.LASF33:
 1598 0093 61646472 		.ascii	"address\000"
 1598      65737300 
 1599              	.LASF6:
 1600 009b 6C6F6E67 		.ascii	"long unsigned int\000"
ARM GAS  C:\Users\cuskrawn\AppData\Local\Temp\ccewH4La.s 			page 36


 1600      20756E73 
 1600      69676E65 
 1600      6420696E 
 1600      7400
 1601              	.LASF12:
 1602 00ad 75696E74 		.ascii	"uint8\000"
 1602      3800
 1603              	.LASF21:
 1604 00b3 43594D45 		.ascii	"CYMEMZERO\000"
 1604      4D5A4552 
 1604      4F00
 1605              	.LASF31:
 1606 00bd 53657441 		.ascii	"SetAnalogRoutingPumps\000"
 1606      6E616C6F 
 1606      67526F75 
 1606      74696E67 
 1606      50756D70 
 1607              	.LASF2:
 1608 00d3 756E7369 		.ascii	"unsigned char\000"
 1608      676E6564 
 1608      20636861 
 1608      7200
 1609              	.LASF37:
 1610 00e1 6D656D73 		.ascii	"memset\000"
 1610      657400
 1611              	.LASF16:
 1612 00e8 646F7562 		.ascii	"double\000"
 1612      6C6500
 1613              	.LASF32:
 1614 00ef 63796669 		.ascii	"cyfitter_cfg\000"
 1614      74746572 
 1614      5F636667 
 1614      00
 1615              	.LASF13:
 1616 00fc 75696E74 		.ascii	"uint16\000"
 1616      313600
 1617              	.LASF22:
 1618 0103 6572726F 		.ascii	"errorCode\000"
 1618      72436F64 
 1618      6500
 1619              	.LASF14:
 1620 010d 75696E74 		.ascii	"uint32\000"
 1620      333200
 1621              	.LASF39:
 1622 0114 474E5520 		.ascii	"GNU C 4.9.3 20150303 (release) [ARM/embedded-4_9-br"
 1622      4320342E 
 1622      392E3320 
 1622      32303135 
 1622      30333033 
 1623 0147 616E6368 		.ascii	"anch revision 221220] -mcpu=cortex-m3 -mthumb -g -O"
 1623      20726576 
 1623      6973696F 
 1623      6E203232 
 1623      31323230 
 1624 017a 67202D66 		.ascii	"g -ffunction-sections -ffat-lto-objects\000"
 1624      66756E63 
 1624      74696F6E 
ARM GAS  C:\Users\cuskrawn\AppData\Local\Temp\ccewH4La.s 			page 37


 1624      2D736563 
 1624      74696F6E 
 1625              	.LASF0:
 1626 01a2 756E7369 		.ascii	"unsigned int\000"
 1626      676E6564 
 1626      20696E74 
 1626      00
 1627              	.LASF41:
 1628 01af 443A5C43 		.ascii	"D:\\CU_Boulder\\Documents\\GoogleDrive\\ECEN5053\\P"
 1628      555F426F 
 1628      756C6465 
 1628      725C446F 
 1628      63756D65 
 1629 01dd 534F435F 		.ascii	"SOC_Workspace\\Lab1.cydsn\000"
 1629      576F726B 
 1629      73706163 
 1629      655C4C61 
 1629      62312E63 
 1630              	.LASF8:
 1631 01f6 6C6F6E67 		.ascii	"long long unsigned int\000"
 1631      206C6F6E 
 1631      6720756E 
 1631      7369676E 
 1631      65642069 
 1632              	.LASF35:
 1633 020d 6366675F 		.ascii	"cfg_memset_t\000"
 1633      6D656D73 
 1633      65745F74 
 1633      00
 1634              	.LASF9:
 1635 021a 73697A65 		.ascii	"sizetype\000"
 1635      74797065 
 1635      00
 1636              	.LASF7:
 1637 0223 6C6F6E67 		.ascii	"long long int\000"
 1637      206C6F6E 
 1637      6720696E 
 1637      7400
 1638              	.LASF42:
 1639 0231 6D656D63 		.ascii	"memcpy\000"
 1639      707900
 1640              	.LASF3:
 1641 0238 73686F72 		.ascii	"short int\000"
 1641      7420696E 
 1641      7400
 1642              	.LASF40:
 1643 0242 2E5C4765 		.ascii	".\\Generated_Source\\PSoC5\\cyfitter_cfg.c\000"
 1643      6E657261 
 1643      7465645F 
 1643      536F7572 
 1643      63655C50 
 1644              	.LASF29:
 1645 026a 656E6162 		.ascii	"enabled\000"
 1645      6C656400 
 1646              	.LASF5:
 1647 0272 6C6F6E67 		.ascii	"long int\000"
 1647      20696E74 
ARM GAS  C:\Users\cuskrawn\AppData\Local\Temp\ccewH4La.s 			page 38


 1647      00
 1648              	.LASF10:
 1649 027b 63686172 		.ascii	"char\000"
 1649      00
 1650              	.LASF24:
 1651 0280 62675F78 		.ascii	"bg_xover_inl_trim\000"
 1651      6F766572 
 1651      5F696E6C 
 1651      5F747269 
 1651      6D00
 1652              	.LASF1:
 1653 0292 7369676E 		.ascii	"signed char\000"
 1653      65642063 
 1653      68617200 
 1654              	.LASF30:
 1655 029e 72656756 		.ascii	"regValue\000"
 1655      616C7565 
 1655      00
 1656              	.LASF27:
 1657 02a7 4359434F 		.ascii	"CYCONFIGCPY\000"
 1657      4E464947 
 1657      43505900 
 1658              		.ident	"GCC: (GNU Tools for ARM Embedded Processors) 4.9.3 20150303 (release) [ARM/embedded-4_9-br
