ARM GAS  C:\Users\cuskrawn\AppData\Local\Temp\ccFZVNnF.s 			page 1


   1              		.syntax unified
   2              		.cpu cortex-m3
   3              		.fpu softvfp
   4              		.eabi_attribute 20, 1
   5              		.eabi_attribute 21, 1
   6              		.eabi_attribute 23, 3
   7              		.eabi_attribute 24, 1
   8              		.eabi_attribute 25, 1
   9              		.eabi_attribute 26, 1
  10              		.eabi_attribute 30, 1
  11              		.eabi_attribute 34, 1
  12              		.eabi_attribute 18, 4
  13              		.thumb
  14              		.file	"main.c"
  15              		.text
  16              	.Ltext0:
  17              		.cfi_sections	.debug_frame
  18              		.section	.text.main,"ax",%progbits
  19              		.align	2
  20              		.global	main
  21              		.thumb
  22              		.thumb_func
  23              		.type	main, %function
  24              	main:
  25              	.LFB63:
  26              		.file 1 ".\\main.c"
   1:.\main.c      **** /* ========================================
   2:.\main.c      ****  *
   3:.\main.c      ****  * Copyright YOUR COMPANY, THE YEAR
   4:.\main.c      ****  * All Rights Reserved
   5:.\main.c      ****  * UNPUBLISHED, LICENSED SOFTWARE.
   6:.\main.c      ****  *
   7:.\main.c      ****  * CONFIDENTIAL AND PROPRIETARY INFORMATION
   8:.\main.c      ****  * WHICH IS THE PROPERTY OF your company.
   9:.\main.c      ****  *
  10:.\main.c      ****  * ========================================
  11:.\main.c      **** */
  12:.\main.c      **** #include <project.h>
  13:.\main.c      **** 
  14:.\main.c      **** int main()
  15:.\main.c      **** {
  27              		.loc 1 15 0
  28              		.cfi_startproc
  29              		@ Volatile: function does not return.
  30              		@ args = 0, pretend = 0, frame = 0
  31              		@ frame_needed = 0, uses_anonymous_args = 0
  32 0000 08B5     		push	{r3, lr}
  33              		.cfi_def_cfa_offset 8
  34              		.cfi_offset 3, -8
  35              		.cfi_offset 14, -4
  16:.\main.c      ****     CyGlobalIntEnable; /* Enable global interrupts. */
  36              		.loc 1 16 0
  37              	@ 16 ".\main.c" 1
  38 0002 62B6     		CPSIE   i
  39              	@ 0 "" 2
  17:.\main.c      **** 
  18:.\main.c      ****     /* Place your initialization/startup code here (e.g. MyInst_Start()) */
ARM GAS  C:\Users\cuskrawn\AppData\Local\Temp\ccFZVNnF.s 			page 2


  19:.\main.c      ****     PGA_1_Start();
  40              		.loc 1 19 0
  41              		.thumb
  42 0004 FFF7FEFF 		bl	PGA_1_Start
  43              	.LVL0:
  44              	.L2:
  20:.\main.c      **** 
  21:.\main.c      ****     for(;;)
  22:.\main.c      ****     {
  23:.\main.c      ****         /* Place your application code here. */
  24:.\main.c      ****     }
  45              		.loc 1 24 0 discriminator 1
  46 0008 FEE7     		b	.L2
  47              		.cfi_endproc
  48              	.LFE63:
  49              		.size	main, .-main
  50 000a 00BF     		.text
  51              	.Letext0:
  52              		.file 2 "d:\\program files (x86)\\cypress\\psoc creator\\3.3\\psoc creator\\import\\gnu\\arm\\4.9.
  53              		.file 3 "d:\\program files (x86)\\cypress\\psoc creator\\3.3\\psoc creator\\import\\gnu\\arm\\4.9.
  54              		.file 4 "Generated_Source\\PSoC5/core_cm3.h"
  55              		.file 5 "Generated_Source\\PSoC5/PGA_1.h"
  56              		.section	.debug_info,"",%progbits
  57              	.Ldebug_info0:
  58 0000 D5000000 		.4byte	0xd5
  59 0004 0400     		.2byte	0x4
  60 0006 00000000 		.4byte	.Ldebug_abbrev0
  61 000a 04       		.byte	0x4
  62 000b 01       		.uleb128 0x1
  63 000c AE000000 		.4byte	.LASF15
  64 0010 01       		.byte	0x1
  65 0011 58010000 		.4byte	.LASF16
  66 0015 2E000000 		.4byte	.LASF17
  67 0019 00000000 		.4byte	.Ldebug_ranges0+0
  68 001d 00000000 		.4byte	0
  69 0021 00000000 		.4byte	.Ldebug_line0
  70 0025 02       		.uleb128 0x2
  71 0026 01       		.byte	0x1
  72 0027 06       		.byte	0x6
  73 0028 75010000 		.4byte	.LASF0
  74 002c 02       		.uleb128 0x2
  75 002d 01       		.byte	0x1
  76 002e 08       		.byte	0x8
  77 002f 3C010000 		.4byte	.LASF1
  78 0033 02       		.uleb128 0x2
  79 0034 02       		.byte	0x2
  80 0035 05       		.byte	0x5
  81 0036 91010000 		.4byte	.LASF2
  82 003a 02       		.uleb128 0x2
  83 003b 02       		.byte	0x2
  84 003c 07       		.byte	0x7
  85 003d 0E000000 		.4byte	.LASF3
  86 0041 03       		.uleb128 0x3
  87 0042 81010000 		.4byte	.LASF9
  88 0046 02       		.byte	0x2
  89 0047 3F       		.byte	0x3f
  90 0048 4C000000 		.4byte	0x4c
ARM GAS  C:\Users\cuskrawn\AppData\Local\Temp\ccFZVNnF.s 			page 3


  91 004c 02       		.uleb128 0x2
  92 004d 04       		.byte	0x4
  93 004e 05       		.byte	0x5
  94 004f 4F010000 		.4byte	.LASF4
  95 0053 02       		.uleb128 0x2
  96 0054 04       		.byte	0x4
  97 0055 07       		.byte	0x7
  98 0056 79000000 		.4byte	.LASF5
  99 005a 02       		.uleb128 0x2
 100 005b 08       		.byte	0x8
 101 005c 05       		.byte	0x5
 102 005d 00000000 		.4byte	.LASF6
 103 0061 02       		.uleb128 0x2
 104 0062 08       		.byte	0x8
 105 0063 07       		.byte	0x7
 106 0064 97000000 		.4byte	.LASF7
 107 0068 04       		.uleb128 0x4
 108 0069 04       		.byte	0x4
 109 006a 05       		.byte	0x5
 110 006b 696E7400 		.ascii	"int\000"
 111 006f 02       		.uleb128 0x2
 112 0070 04       		.byte	0x4
 113 0071 07       		.byte	0x7
 114 0072 21000000 		.4byte	.LASF8
 115 0076 03       		.uleb128 0x3
 116 0077 9B010000 		.4byte	.LASF10
 117 007b 03       		.byte	0x3
 118 007c 2C       		.byte	0x2c
 119 007d 41000000 		.4byte	0x41
 120 0081 02       		.uleb128 0x2
 121 0082 04       		.byte	0x4
 122 0083 04       		.byte	0x4
 123 0084 8B010000 		.4byte	.LASF11
 124 0088 02       		.uleb128 0x2
 125 0089 08       		.byte	0x8
 126 008a 04       		.byte	0x4
 127 008b 61010000 		.4byte	.LASF12
 128 008f 02       		.uleb128 0x2
 129 0090 01       		.byte	0x1
 130 0091 08       		.byte	0x8
 131 0092 4A010000 		.4byte	.LASF13
 132 0096 02       		.uleb128 0x2
 133 0097 04       		.byte	0x4
 134 0098 07       		.byte	0x7
 135 0099 A3010000 		.4byte	.LASF14
 136 009d 05       		.uleb128 0x5
 137 009e 74000000 		.4byte	.LASF18
 138 00a2 01       		.byte	0x1
 139 00a3 0E       		.byte	0xe
 140 00a4 68000000 		.4byte	0x68
 141 00a8 00000000 		.4byte	.LFB63
 142 00ac 0A000000 		.4byte	.LFE63-.LFB63
 143 00b0 01       		.uleb128 0x1
 144 00b1 9C       		.byte	0x9c
 145 00b2 C0000000 		.4byte	0xc0
 146 00b6 06       		.uleb128 0x6
 147 00b7 08000000 		.4byte	.LVL0
ARM GAS  C:\Users\cuskrawn\AppData\Local\Temp\ccFZVNnF.s 			page 4


 148 00bb D1000000 		.4byte	0xd1
 149 00bf 00       		.byte	0
 150 00c0 07       		.uleb128 0x7
 151 00c1 68010000 		.4byte	.LASF19
 152 00c5 04       		.byte	0x4
 153 00c6 2A06     		.2byte	0x62a
 154 00c8 CC000000 		.4byte	0xcc
 155 00cc 08       		.uleb128 0x8
 156 00cd 76000000 		.4byte	0x76
 157 00d1 09       		.uleb128 0x9
 158 00d2 8B000000 		.4byte	.LASF20
 159 00d6 05       		.byte	0x5
 160 00d7 3E       		.byte	0x3e
 161 00d8 00       		.byte	0
 162              		.section	.debug_abbrev,"",%progbits
 163              	.Ldebug_abbrev0:
 164 0000 01       		.uleb128 0x1
 165 0001 11       		.uleb128 0x11
 166 0002 01       		.byte	0x1
 167 0003 25       		.uleb128 0x25
 168 0004 0E       		.uleb128 0xe
 169 0005 13       		.uleb128 0x13
 170 0006 0B       		.uleb128 0xb
 171 0007 03       		.uleb128 0x3
 172 0008 0E       		.uleb128 0xe
 173 0009 1B       		.uleb128 0x1b
 174 000a 0E       		.uleb128 0xe
 175 000b 55       		.uleb128 0x55
 176 000c 17       		.uleb128 0x17
 177 000d 11       		.uleb128 0x11
 178 000e 01       		.uleb128 0x1
 179 000f 10       		.uleb128 0x10
 180 0010 17       		.uleb128 0x17
 181 0011 00       		.byte	0
 182 0012 00       		.byte	0
 183 0013 02       		.uleb128 0x2
 184 0014 24       		.uleb128 0x24
 185 0015 00       		.byte	0
 186 0016 0B       		.uleb128 0xb
 187 0017 0B       		.uleb128 0xb
 188 0018 3E       		.uleb128 0x3e
 189 0019 0B       		.uleb128 0xb
 190 001a 03       		.uleb128 0x3
 191 001b 0E       		.uleb128 0xe
 192 001c 00       		.byte	0
 193 001d 00       		.byte	0
 194 001e 03       		.uleb128 0x3
 195 001f 16       		.uleb128 0x16
 196 0020 00       		.byte	0
 197 0021 03       		.uleb128 0x3
 198 0022 0E       		.uleb128 0xe
 199 0023 3A       		.uleb128 0x3a
 200 0024 0B       		.uleb128 0xb
 201 0025 3B       		.uleb128 0x3b
 202 0026 0B       		.uleb128 0xb
 203 0027 49       		.uleb128 0x49
 204 0028 13       		.uleb128 0x13
ARM GAS  C:\Users\cuskrawn\AppData\Local\Temp\ccFZVNnF.s 			page 5


 205 0029 00       		.byte	0
 206 002a 00       		.byte	0
 207 002b 04       		.uleb128 0x4
 208 002c 24       		.uleb128 0x24
 209 002d 00       		.byte	0
 210 002e 0B       		.uleb128 0xb
 211 002f 0B       		.uleb128 0xb
 212 0030 3E       		.uleb128 0x3e
 213 0031 0B       		.uleb128 0xb
 214 0032 03       		.uleb128 0x3
 215 0033 08       		.uleb128 0x8
 216 0034 00       		.byte	0
 217 0035 00       		.byte	0
 218 0036 05       		.uleb128 0x5
 219 0037 2E       		.uleb128 0x2e
 220 0038 01       		.byte	0x1
 221 0039 3F       		.uleb128 0x3f
 222 003a 19       		.uleb128 0x19
 223 003b 03       		.uleb128 0x3
 224 003c 0E       		.uleb128 0xe
 225 003d 3A       		.uleb128 0x3a
 226 003e 0B       		.uleb128 0xb
 227 003f 3B       		.uleb128 0x3b
 228 0040 0B       		.uleb128 0xb
 229 0041 49       		.uleb128 0x49
 230 0042 13       		.uleb128 0x13
 231 0043 11       		.uleb128 0x11
 232 0044 01       		.uleb128 0x1
 233 0045 12       		.uleb128 0x12
 234 0046 06       		.uleb128 0x6
 235 0047 40       		.uleb128 0x40
 236 0048 18       		.uleb128 0x18
 237 0049 9742     		.uleb128 0x2117
 238 004b 19       		.uleb128 0x19
 239 004c 01       		.uleb128 0x1
 240 004d 13       		.uleb128 0x13
 241 004e 00       		.byte	0
 242 004f 00       		.byte	0
 243 0050 06       		.uleb128 0x6
 244 0051 898201   		.uleb128 0x4109
 245 0054 00       		.byte	0
 246 0055 11       		.uleb128 0x11
 247 0056 01       		.uleb128 0x1
 248 0057 31       		.uleb128 0x31
 249 0058 13       		.uleb128 0x13
 250 0059 00       		.byte	0
 251 005a 00       		.byte	0
 252 005b 07       		.uleb128 0x7
 253 005c 34       		.uleb128 0x34
 254 005d 00       		.byte	0
 255 005e 03       		.uleb128 0x3
 256 005f 0E       		.uleb128 0xe
 257 0060 3A       		.uleb128 0x3a
 258 0061 0B       		.uleb128 0xb
 259 0062 3B       		.uleb128 0x3b
 260 0063 05       		.uleb128 0x5
 261 0064 49       		.uleb128 0x49
ARM GAS  C:\Users\cuskrawn\AppData\Local\Temp\ccFZVNnF.s 			page 6


 262 0065 13       		.uleb128 0x13
 263 0066 3F       		.uleb128 0x3f
 264 0067 19       		.uleb128 0x19
 265 0068 3C       		.uleb128 0x3c
 266 0069 19       		.uleb128 0x19
 267 006a 00       		.byte	0
 268 006b 00       		.byte	0
 269 006c 08       		.uleb128 0x8
 270 006d 35       		.uleb128 0x35
 271 006e 00       		.byte	0
 272 006f 49       		.uleb128 0x49
 273 0070 13       		.uleb128 0x13
 274 0071 00       		.byte	0
 275 0072 00       		.byte	0
 276 0073 09       		.uleb128 0x9
 277 0074 2E       		.uleb128 0x2e
 278 0075 00       		.byte	0
 279 0076 3F       		.uleb128 0x3f
 280 0077 19       		.uleb128 0x19
 281 0078 03       		.uleb128 0x3
 282 0079 0E       		.uleb128 0xe
 283 007a 3A       		.uleb128 0x3a
 284 007b 0B       		.uleb128 0xb
 285 007c 3B       		.uleb128 0x3b
 286 007d 0B       		.uleb128 0xb
 287 007e 27       		.uleb128 0x27
 288 007f 19       		.uleb128 0x19
 289 0080 3C       		.uleb128 0x3c
 290 0081 19       		.uleb128 0x19
 291 0082 00       		.byte	0
 292 0083 00       		.byte	0
 293 0084 00       		.byte	0
 294              		.section	.debug_aranges,"",%progbits
 295 0000 1C000000 		.4byte	0x1c
 296 0004 0200     		.2byte	0x2
 297 0006 00000000 		.4byte	.Ldebug_info0
 298 000a 04       		.byte	0x4
 299 000b 00       		.byte	0
 300 000c 0000     		.2byte	0
 301 000e 0000     		.2byte	0
 302 0010 00000000 		.4byte	.LFB63
 303 0014 0A000000 		.4byte	.LFE63-.LFB63
 304 0018 00000000 		.4byte	0
 305 001c 00000000 		.4byte	0
 306              		.section	.debug_ranges,"",%progbits
 307              	.Ldebug_ranges0:
 308 0000 00000000 		.4byte	.LFB63
 309 0004 0A000000 		.4byte	.LFE63
 310 0008 00000000 		.4byte	0
 311 000c 00000000 		.4byte	0
 312              		.section	.debug_line,"",%progbits
 313              	.Ldebug_line0:
 314 0000 63010000 		.section	.debug_str,"MS",%progbits,1
 314      02004701 
 314      00000201 
 314      FB0E0D00 
 314      01010101 
ARM GAS  C:\Users\cuskrawn\AppData\Local\Temp\ccFZVNnF.s 			page 7


 315              	.LASF6:
 316 0000 6C6F6E67 		.ascii	"long long int\000"
 316      206C6F6E 
 316      6720696E 
 316      7400
 317              	.LASF3:
 318 000e 73686F72 		.ascii	"short unsigned int\000"
 318      7420756E 
 318      7369676E 
 318      65642069 
 318      6E7400
 319              	.LASF8:
 320 0021 756E7369 		.ascii	"unsigned int\000"
 320      676E6564 
 320      20696E74 
 320      00
 321              	.LASF17:
 322 002e 443A5C43 		.ascii	"D:\\CU_Boulder\\Documents\\Coursework\\ECEN5053\\PS"
 322      555F426F 
 322      756C6465 
 322      725C446F 
 322      63756D65 
 323 005c 6F435F57 		.ascii	"oC_Workspace\\Lab1.cydsn\000"
 323      6F726B73 
 323      70616365 
 323      5C4C6162 
 323      312E6379 
 324              	.LASF18:
 325 0074 6D61696E 		.ascii	"main\000"
 325      00
 326              	.LASF5:
 327 0079 6C6F6E67 		.ascii	"long unsigned int\000"
 327      20756E73 
 327      69676E65 
 327      6420696E 
 327      7400
 328              	.LASF20:
 329 008b 5047415F 		.ascii	"PGA_1_Start\000"
 329      315F5374 
 329      61727400 
 330              	.LASF7:
 331 0097 6C6F6E67 		.ascii	"long long unsigned int\000"
 331      206C6F6E 
 331      6720756E 
 331      7369676E 
 331      65642069 
 332              	.LASF15:
 333 00ae 474E5520 		.ascii	"GNU C 4.9.3 20150303 (release) [ARM/embedded-4_9-br"
 333      4320342E 
 333      392E3320 
 333      32303135 
 333      30333033 
 334 00e1 616E6368 		.ascii	"anch revision 221220] -mcpu=cortex-m3 -mthumb -g -O"
 334      20726576 
 334      6973696F 
 334      6E203232 
 334      31323230 
ARM GAS  C:\Users\cuskrawn\AppData\Local\Temp\ccFZVNnF.s 			page 8


 335 0114 67202D66 		.ascii	"g -ffunction-sections -ffat-lto-objects\000"
 335      66756E63 
 335      74696F6E 
 335      2D736563 
 335      74696F6E 
 336              	.LASF1:
 337 013c 756E7369 		.ascii	"unsigned char\000"
 337      676E6564 
 337      20636861 
 337      7200
 338              	.LASF13:
 339 014a 63686172 		.ascii	"char\000"
 339      00
 340              	.LASF4:
 341 014f 6C6F6E67 		.ascii	"long int\000"
 341      20696E74 
 341      00
 342              	.LASF16:
 343 0158 2E5C6D61 		.ascii	".\\main.c\000"
 343      696E2E63 
 343      00
 344              	.LASF12:
 345 0161 646F7562 		.ascii	"double\000"
 345      6C6500
 346              	.LASF19:
 347 0168 49544D5F 		.ascii	"ITM_RxBuffer\000"
 347      52784275 
 347      66666572 
 347      00
 348              	.LASF0:
 349 0175 7369676E 		.ascii	"signed char\000"
 349      65642063 
 349      68617200 
 350              	.LASF9:
 351 0181 5F5F696E 		.ascii	"__int32_t\000"
 351      7433325F 
 351      7400
 352              	.LASF11:
 353 018b 666C6F61 		.ascii	"float\000"
 353      7400
 354              	.LASF2:
 355 0191 73686F72 		.ascii	"short int\000"
 355      7420696E 
 355      7400
 356              	.LASF10:
 357 019b 696E7433 		.ascii	"int32_t\000"
 357      325F7400 
 358              	.LASF14:
 359 01a3 73697A65 		.ascii	"sizetype\000"
 359      74797065 
 359      00
 360              		.ident	"GCC: (GNU Tools for ARM Embedded Processors) 4.9.3 20150303 (release) [ARM/embedded-4_9-br
