#***************************************************************************

#sjplacer

#Version:            1.1

#Build Date:         Oct  1 2015 13:46:59

#File Generated:     Feb 27 2016 20:34:20

#Purpose:            

#Copyright (C) 2010-2011 by Softjin Technologies Pvt Ltd. All rights reserved.

#***************************************************************************

Executing : D:\Program Files (x86)\Cypress\PSoC Creator\3.3\PSoC Creator\bin/sjplacer.exe --proj-name Optical_Demo --netlist-vh2 Optical_Demo_p.vh2 --arch-file D:\Program Files (x86)\Cypress\PSoC Creator\3.3\PSoC Creator\dev/arch/p35_udb4x6.ark --rrg-file D:\Program Files (x86)\Cypress\PSoC Creator\3.3\PSoC Creator\dev/psoc5/psoc5lp/route_arch-rrg.cydata --irq-file D:\Program Files (x86)\Cypress\PSoC Creator\3.3\PSoC Creator\dev/psoc5/psoc5lp/irqconn.cydata --drq-file D:\Program Files (x86)\Cypress\PSoC Creator\3.3\PSoC Creator\dev/psoc5/psoc5lp/dmaconn.cydata --dsi-conn-file D:\Program Files (x86)\Cypress\PSoC Creator\3.3\PSoC Creator\dev/psoc5/psoc5lp/dsiconn.cydata --pins-file pins_100-TQFP.xml --lib-file Optical_Demo_p.lib --sdc-file Optical_Demo.sdc --io-pcf Optical_Demo.pci --outdir .

		Softjin Techologies Placer, Version 1.1

Build Date : Oct  1 2015	13:44:59

D2004: Option and Settings Summary
=============================================================
Netlist vh2 file          - Optical_Demo_p.vh2
Architecture file         - D:\Program Files (x86)\Cypress\PSoC Creator\3.3\PSoC Creator\dev/arch/p35_udb4x6.ark
Package                   - 
Defparam file             - 
SDC file                  - Optical_Demo.sdc
Output directory          - .
Timing library            - Optical_Demo_p.lib
IO Placement file         - Optical_Demo.pci

D2050: Starting reading inputs for placer
=============================================================
D2065: Reading netlist file : "Optical_Demo_p.vh2"
D2065: Reading arch file : "D:\Program Files (x86)\Cypress\PSoC Creator\3.3\PSoC Creator\dev/arch/p35_udb4x6.ark"
D2051: Reading of inputs for placer completed successfully

D2053: Starting placement of the design
=============================================================

Phase 2
Phase 3

Design Statistics after Packing
    Number of Combinational MCs 	:	7
    Number of Sequential MCs    	:	16
    Number of DPs               	:	5
    Number of Controls          	:	2
    Number of Status            	:	0
    Number of SyncCells         	:	1
    Number of count7cells       	:	1

Device Utilization Summary after Packing
    Macrocells                  :	23/192
    UDBS                        :	5/24
    IOs                         :	29/72


D2088: Phase 3, elapsed time : 0.0 (sec)

Phase 4
D2088: Phase 4, elapsed time : 0.0 (sec)

Phase 5
D2088: Phase 5, elapsed time : 0.0 (sec)

Phase 6

######################################################################
Placement Timing Summary

The timing summary is based on estimated routing delays after
placement. For final timing report, please carry out the timing
analysis after routing.
======================================================================

######################################################################
                     Clock Summary 
======================================================================
Number of clocks: 9
Clock: ADC_SAR_theACLK      | Frequency: N/A       | Target:   1.0 MHz
Clock: ADC_SAR_theACLK(routed) | Frequency: N/A       | Target:   1.0 MHz
Clock: CapSense_IntClock    | Frequency:  47.0 MHz | Target:  12.0 MHz
Clock: Clock_1              | Frequency:  86.0 MHz | Target:   0.0 MHz
Clock: CyBUS_CLK            | Frequency:  86.0 MHz | Target:  24.0 MHz
Clock: CyILO                | Frequency: N/A       | Target:   0.0 MHz
Clock: CyIMO                | Frequency: N/A       | Target:   3.0 MHz
Clock: CyMASTER_CLK         | Frequency: N/A       | Target:  24.0 MHz
Clock: CyPLL_OUT            | Frequency: N/A       | Target:  24.0 MHz

======================================================================
                     End of Clock Summary
######################################################################

D2088: Phase 6, elapsed time : 0.0 (sec)

Phase 7
######################################################################
                     Clock Summary 
======================================================================
Number of clocks: 9
Clock: ADC_SAR_theACLK      | Frequency: N/A       | Target:   1.0 MHz
Clock: ADC_SAR_theACLK(routed) | Frequency: N/A       | Target:   1.0 MHz
Clock: CapSense_IntClock    | Frequency:  47.0 MHz | Target:  12.0 MHz
Clock: Clock_1              | Frequency:   2.1 MHz | Target:   0.0 MHz
Clock: CyBUS_CLK            | Frequency:   2.1 MHz | Target:  24.0 MHz
Clock: CyILO                | Frequency: N/A       | Target:   0.0 MHz
Clock: CyIMO                | Frequency: N/A       | Target:   3.0 MHz
Clock: CyMASTER_CLK         | Frequency: N/A       | Target:  24.0 MHz
Clock: CyPLL_OUT            | Frequency: N/A       | Target:  24.0 MHz

======================================================================
                     End of Clock Summary
######################################################################
D2088: Phase 7, elapsed time : 0.1 (sec)

Final Design Statistics
    Number of Combinational MCs 	:	7
    Number of Sequential MCs    	:	16
    Number of DPs               	:	5
    Number of Controls          	:	2
    Number of Status            	:	0
    Number of SyncCells         	:	1
    Number of count7cells       	:	1
    Number of IOs       	:	29

Device Utilization Summary
    Macrocells                  :	23/192
    IOs                         :	29/72



######################################################################
Placement Timing Summary

The timing summary is based on estimated routing delays after
placement. For final timing report, please carry out the timing
analysis after routing.
======================================================================


######################################################################
                     Clock Summary 
======================================================================
Number of clocks: 9
Clock: ADC_SAR_theACLK      | Frequency: N/A       | Target:   1.0 MHz
Clock: ADC_SAR_theACLK(routed) | Frequency: N/A       | Target:   1.0 MHz
Clock: CapSense_IntClock    | Frequency:  45.8 MHz | Target:  12.0 MHz
Clock: Clock_1              | Frequency:   2.3 MHz | Target:   0.0 MHz
Clock: CyBUS_CLK            | Frequency:   2.3 MHz | Target:  24.0 MHz
Clock: CyILO                | Frequency: N/A       | Target:   0.0 MHz
Clock: CyIMO                | Frequency: N/A       | Target:   3.0 MHz
Clock: CyMASTER_CLK         | Frequency: N/A       | Target:  24.0 MHz
Clock: CyPLL_OUT            | Frequency: N/A       | Target:  24.0 MHz

======================================================================
                     End of Clock Summary
######################################################################

Phase 8
D2088: Phase 8, elapsed time : 0.0 (sec)

D2054: Placement of the design completed successfully

I2076: Total run-time: 0.6 sec.

